#
# A fatal error has been detected by the Java Runtime Environment:
#
#  EXCEPTION_ACCESS_VIOLATION (0xc0000005) at pc=0x00007ff9330ab3c6, pid=10788, tid=6860
#
# JRE version: Java(TM) SE Runtime Environment (23.0.1+11) (build 23.0.1+11-39)
# Java VM: Java HotSpot(TM) 64-Bit Server VM (23.0.1+11-39, mixed mode, sharing, tiered, compressed oops, compressed class ptrs, g1 gc, windows-amd64)
# Problematic frame:
# C  [awt.dll+0xdb3c6]
#
# No core dump will be written. Minidumps are not enabled by default on client versions of Windows
#
# If you would like to submit a bug report, please visit:
#   https://bugreport.java.com/bugreport/crash.jsp
# The crash happened outside the Java Virtual Machine in native code.
# See problematic frame for where to report the bug.
#

---------------  S U M M A R Y ------------

Command Line: -Dfile.encoding=UTF-8 Inicio.SingleInstanceApp

Host: Intel(R) Core(TM) i5-4430 CPU @ 3.00GHz, 4 cores, 11G,  Windows 10 , 64 bit Build 19041 (10.0.19041.5915)
Time: Wed Jul 30 23:35:28 2025 Hora estándar, América Central elapsed time: 70.263385 seconds (0d 0h 1m 10s)

---------------  T H R E A D  ---------------

Current thread (0x00000164c576a1e0):  JavaThread "AWT-EventQueue-0"        [_thread_in_native, id=6860, stack(0x000000576ff00000,0x0000005770000000) (1024K)]

Stack: [0x000000576ff00000,0x0000005770000000],  sp=0x000000576fffeb90,  free space=1018k
Native frames: (J=compiled Java code, j=interpreted, Vv=VM code, C=native code)
C  [awt.dll+0xdb3c6]  (no source info available)
C  [awt.dll+0xdcc02]  (no source info available)
C  0x00000164dd53d207  (no source info available)

The last pc belongs to native method entry point (kind = native) (printed below).
Java frames: (J=compiled Java code, j=interpreted, Vv=VM code)
j  sun.awt.Win32GraphicsDevice.initNativeScale(I)V+0 java.desktop@23.0.1
j  sun.awt.Win32GraphicsDevice.initScaleFactors()V+60 java.desktop@23.0.1
j  sun.awt.Win32GraphicsDevice.displayChanged()V+16 java.desktop@23.0.1
j  sun.awt.Win32GraphicsEnvironment.displayChanged()V+271 java.desktop@23.0.1
j  sun.awt.windows.WToolkit.lambda$displayChanged$4()V+15 java.desktop@23.0.1
j  sun.awt.windows.WToolkit$$Lambda+0x000001648121ded8.run()V+0 java.desktop@23.0.1
j  java.awt.event.InvocationEvent.dispatch()V+47 java.desktop@23.0.1
j  java.awt.EventQueue.dispatchEventImpl(Ljava/awt/AWTEvent;Ljava/lang/Object;)V+21 java.desktop@23.0.1
j  java.awt.EventQueue$4.run()Ljava/lang/Void;+32 java.desktop@23.0.1
j  java.awt.EventQueue$4.run()Ljava/lang/Object;+1 java.desktop@23.0.1
J 2386 c1 java.security.ProtectionDomain$JavaSecurityAccessImpl.doIntersectionPrivilege(Ljava/security/PrivilegedAction;Ljava/security/AccessControlContext;Ljava/security/AccessControlContext;)Ljava/lang/Object; java.base@23.0.1 (22 bytes) @ 0x00000164d6330f5c [0x00000164d6330cc0+0x000000000000029c]
j  java.awt.EventQueue.dispatchEvent(Ljava/awt/AWTEvent;)V+46 java.desktop@23.0.1
j  java.awt.EventDispatchThread.pumpOneEventForFilters(I)V+81 java.desktop@23.0.1
j  java.awt.EventDispatchThread.pumpEventsForFilter(ILjava/awt/Conditional;Ljava/awt/EventFilter;)V+35 java.desktop@23.0.1
j  java.awt.EventDispatchThread.pumpEventsForHierarchy(ILjava/awt/Conditional;Ljava/awt/Component;)V+11 java.desktop@23.0.1
j  java.awt.EventDispatchThread.pumpEvents(ILjava/awt/Conditional;)V+4 java.desktop@23.0.1
j  java.awt.EventDispatchThread.pumpEvents(Ljava/awt/Conditional;)V+3 java.desktop@23.0.1
j  java.awt.EventDispatchThread.run()V+9 java.desktop@23.0.1
v  ~StubRoutines::call_stub 0x00000164dd530fcd

siginfo: EXCEPTION_ACCESS_VIOLATION (0xc0000005), reading address 0x00003e74696e698c


Registers:
RAX=0x00003e74696e693c, RBX=0x00000164c7052450, RCX=0x00003e74696e693c, RDX=0x0000000000000000
RSP=0x000000576fffeb90, RBP=0x000000576fffec70, RSI=0x0000000000000000, RDI=0x0000000000000000
R8 =0x0000000000000001, R9 =0x00000000000000dd, R10=0x00000164dd53d1d8, R11=0x0000000000000100
R12=0x0000000000000000, R13=0x00000164c125f078, R14=0x000000576fffec98, R15=0x00000164c576a1e0
RIP=0x00007ff9330ab3c6, EFLAGS=0x0000000000010206


Register to memory mapping:

RAX=0x00003e74696e693c is an unknown value
RBX=0x00000164c7052450 points into unknown readable memory: 0x00000164c6d38e90 | 90 8e d3 c6 64 01 00 00
RCX=0x00003e74696e693c is an unknown value
RDX=0x0 is null
RSP=0x000000576fffeb90 is pointing into the stack for thread: 0x00000164c576a1e0
RBP=0x000000576fffec70 is pointing into the stack for thread: 0x00000164c576a1e0
RSI=0x0 is null
RDI=0x0 is null
R8 =0x0000000000000001 is an unknown value
R9 =0x00000000000000dd is an unknown value
R10=0x00000164dd53d1d8 is at code_begin+1016 in an Interpreter codelet
native method entry point (kind = native)  [0x00000164dd53cde0, 0x00000164dd53d938]  2904 bytes
R11=0x0000000000000100 is an unknown value
R12=0x0 is null
R13={method} {0x00000164c125f080} 'initNativeScale' '(I)V' in 'sun/awt/Win32GraphicsDevice'
R14=0x000000576fffec98 is pointing into the stack for thread: 0x00000164c576a1e0
R15=0x00000164c576a1e0 is a thread

Top of Stack: (sp=0x000000576fffeb90)
0x000000576fffeb90:   00000164c217bc30 00007ff901b619ec
0x000000576fffeba0:   00000164c7052450 0000000000000000
0x000000576fffebb0:   00000164c7052450 00007ff9330acc02
0x000000576fffebc0:   00007ff933109838 00000164c125f078
0x000000576fffebd0:   000000576fffec80 00000164cd983470
0x000000576fffebe0:   00000164dd53889a 00000164dd53d207
0x000000576fffebf0:   00000164c125f078 000000576fffed10
0x000000576fffec00:   00000164c576a1e0 00000164dd53889a
0x000000576fffec10:   0000000000000000 00007ff901fd3c49
0x000000576fffec20:   000000576fffed60 fffffffffffffff7
0x000000576fffec30:   0000000000000000 0000000000000005
0x000000576fffec40:   00000164c1262770 0000000000000000
0x000000576fffec50:   000000074580d838 00000164c125f078
0x000000576fffec60:   0000000000000000 000000576fffec90
0x000000576fffec70:   000000576fffece8 00000164dd538700
0x000000576fffec80:   0000000000000000 00000164dd53a5d7
0x000000576fffec90:   0000000000000000 0000000745986240
0x000000576fffeca0:   fffffffffffffff7 00000164c125f6cc
0x000000576fffecb0:   0000000000000002 00000164c1262770
0x000000576fffecc0:   0000000000000000 000000074580d838
0x000000576fffecd0:   00000164c125f718 fffffffffffffff5
0x000000576fffece0:   000000576fffecf8 000000576fffed48
0x000000576fffecf0:   00000164dd538700 0000000745986240
0x000000576fffed00:   fffffffffffffff7 00000164c1260f90
0x000000576fffed10:   0000000000000003 00000164c1262770
0x000000576fffed20:   0000000000000000 000000074580d838
0x000000576fffed30:   00000164c1260fd8 fffffffffffffff6
0x000000576fffed40:   000000576fffed60 000000576fffedb0
0x000000576fffed50:   00000164dd538700 0000000000000000
0x000000576fffed60:   0000000745986240 fffffffffffffff7
0x000000576fffed70:   00000164c11be737 0000000000000008
0x000000576fffed80:   00000164c11c29f8 0000000000000000 

Instructions: (pc=0x00007ff9330ab3c6)
0x00007ff9330ab2c6:   11 45 d4 0f 11 45 e4 0f 11 45 f4 89 45 04 c7 45
0x00007ff9330ab2d6:   a0 68 00 00 00 0f 11 44 24 34 0f 11 44 24 44 0f
0x00007ff9330ab2e6:   11 44 24 54 0f 11 44 24 64 0f 11 44 24 74 0f 11
0x00007ff9330ab2f6:   45 84 89 45 94 c7 44 24 30 68 00 00 00 48 8d 55
0x00007ff9330ab306:   a0 49 8b ce ff 15 08 76 06 00 85 c0 74 41 48 8d
0x00007ff9330ab316:   54 24 30 48 8b ce ff 15 f6 75 06 00 85 c0 74 2f
0x00007ff9330ab326:   48 8d 54 24 34 48 8d 4d a4 ff 15 0b 75 06 00 85
0x00007ff9330ab336:   c0 74 1c 48 8d 54 24 44 48 8d 4d b4 ff 15 f8 74
0x00007ff9330ab346:   06 00 85 c0 74 09 8b 44 24 54 39 45 c4 74 11 ff
0x00007ff9330ab356:   c7 3b 7b 0c 0f 8c 40 ff ff ff 8b 3d 1a b0 06 00
0x00007ff9330ab366:   48 8b cb e8 f2 ca f4 ff 90 8b c7 48 8b 4d 10 48
0x00007ff9330ab376:   33 cc e8 93 01 01 00 4c 8d 9c 24 20 01 00 00 49
0x00007ff9330ab386:   8b 5b 28 49 8b 73 30 49 8b e3 41 5e 5f 5d c3 cc
0x00007ff9330ab396:   cc cc cc cc cc cc cc cc cc cc 48 8b 41 08 48 8b
0x00007ff9330ab3a6:   80 18 0c 00 00 c3 cc cc cc cc 48 8b 41 08 48 05
0x00007ff9330ab3b6:   00 04 00 00 c3 cc cc cc cc cc 40 53 48 83 ec 20
0x00007ff9330ab3c6:   83 79 50 00 48 8b d9 75 56 48 8b 49 28 4c 8d 44
0x00007ff9330ab3d6:   24 38 48 8d 54 24 30 c7 44 24 30 00 00 80 bf c7
0x00007ff9330ab3e6:   44 24 38 00 00 80 bf e8 1e e1 00 00 f3 0f 10 54
0x00007ff9330ab3f6:   24 30 0f 57 c0 0f 2f d0 76 25 f3 0f 10 4c 24 38
0x00007ff9330ab406:   0f 2f c8 76 1a f3 0f 5e 15 f9 a8 02 00 f3 0f 5e
0x00007ff9330ab416:   0d f1 a8 02 00 f3 0f 11 53 48 f3 0f 11 4b 4c 48
0x00007ff9330ab426:   83 c4 20 5b c3 cc cc cc cc cc 48 89 5c 24 10 48
0x00007ff9330ab436:   89 74 24 18 57 41 56 41 57 48 83 ec 40 48 8b d9
0x00007ff9330ab446:   48 83 79 18 00 75 14 b9 28 04 00 00 e8 19 97 00
0x00007ff9330ab456:   00 48 89 43 18 c7 00 28 00 00 00 48 8b 43 18 33
0x00007ff9330ab466:   ff 66 89 78 0e 48 8b 4b 28 e8 5c 03 00 00 48 8b
0x00007ff9330ab476:   f0 41 bf 01 00 00 00 45 8b c7 41 8b d7 48 8b c8
0x00007ff9330ab486:   ff 15 34 71 06 00 4c 8b f0 89 7c 24 30 48 8b 4b
0x00007ff9330ab496:   18 48 89 4c 24 28 48 89 7c 24 20 45 8b cf 45 33
0x00007ff9330ab4a6:   c0 48 8b d0 48 8b ce ff 15 2d 70 06 00 48 8b 53
0x00007ff9330ab4b6:   30 48 8b 0b 8b 05 c4 ae 06 00 83 79 04 08 0f 8e 


Stack slot to memory mapping:

stack at sp + 0 slots: 0x00000164c217bc30 is pointing into metadata
stack at sp + 1 slots: 0x00007ff901b619ec jvm.dll
stack at sp + 2 slots: 0x00000164c7052450 points into unknown readable memory: 0x00000164c6d38e90 | 90 8e d3 c6 64 01 00 00
stack at sp + 3 slots: 0x0 is null
stack at sp + 4 slots: 0x00000164c7052450 points into unknown readable memory: 0x00000164c6d38e90 | 90 8e d3 c6 64 01 00 00
stack at sp + 5 slots: 0x00007ff9330acc02 awt.dll
stack at sp + 6 slots: 0x00007ff933109838 awt.dll
stack at sp + 7 slots: {method} {0x00000164c125f080} 'initNativeScale' '(I)V' in 'sun/awt/Win32GraphicsDevice'

Lock stack of current Java thread (top to bottom):

native method entry point (kind = native)  [0x00000164dd53cde0, 0x00000164dd53d938]  2904 bytes
[MachCode]
  0x00000164dd53cde0: 488b 4b08 | 0fb7 492e | 584c 8d74 | ccf8 6800 | 0000 0068 | 0000 0000 | 5055 488b | ec41 5568 
  0x00000164dd53ce00: 0000 0000 | 4c8b 6b08 | 4d8d 6d38 | 5348 8b53 | 0848 8b52 | 0848 8b52 | 1848 8b52 | 7048 8b12 
  0x00000164dd53ce20: 5248 8b53 | 1048 85d2 | 0f84 0700 | 0000 4881 | c210 0100 | 0052 488b | 5308 488b | 5208 488b 
  0x00000164dd53ce40: 5210 5249 | 8bc6 482b | c548 c1e8 | 0350 6800 | 0000 0068 | f7ff ffff | 41c6 8771 | 0400 0001 
  0x00000164dd53ce60: 488b 4310 | 4885 c074 | 208b 88cc | 0000 0083 | c102 8988 | cc00 0000 | 2388 e000 | 0000 0f84 
  0x00000164dd53ce80: 000a 0000 | e9cf 0000 | 0048 8b43 | 1848 85c0 | 0f85 b000 | 0000 e805 | 0000 00e9 | 9900 0000 
  0x00000164dd53cea0: 488b d348 | 8d44 2408 | 4c89 6dc0 | 498b cfc5 | f877 4989 | afb0 0300 | 0049 8987 | a003 0000 
  0x00000164dd53cec0: 4883 ec20 | 40f6 c40f | 0f84 1900 | 0000 4883 | ec08 48b8 | 9026 d101 | f97f 0000 | ffd0 4883 
  0x00000164dd53cee0: c408 e90c | 0000 0048 | b890 26d1 | 01f9 7f00 | 00ff d048 | 83c4 2049 | c787 a003 | 0000 0000 
  0x00000164dd53cf00: 0000 49c7 | 87b0 0300 | 0000 0000 | 0049 c787 | a803 0000 | 0000 0000 | c5f8 7749 | 837f 0800 
  0x00000164dd53cf20: 0f84 0500 | 0000 e995 | 3fff ff4c | 8b6d c04c | 8b75 c84e | 8d74 f500 | c348 8b43 | 1848 85c0 
  0x00000164dd53cf40: 0f84 1200 | 0000 8b48 | 0883 c102 | 8948 0823 | 481c 0f84 | 2c09 0000 | 493b a7e8 | 0400 000f 
  0x00000164dd53cf60: 8748 0000 | 0089 8424 | 00f0 ffff | 8984 2400 | e0ff ff89 | 8424 00d0 | ffff 8984 | 2400 c0ff 
  0x00000164dd53cf80: ff89 8424 | 00b0 ffff | 8984 2400 | a0ff ff89 | 8424 0090 | ffff 8984 | 2400 80ff | ff49 3ba7 
  0x00000164dd53cfa0: e004 0000 | 7607 4989 | a7e8 0400 | 0041 c687 | 7104 0000 | 0049 ba41 | ad58 02f9 | 7f00 0041 
  0x00000164dd53cfc0: 803a 000f | 843e 0000 | 0048 8b55 | e849 8bcf | 4883 ec20 | 40f6 c40f | 0f84 1900 | 0000 4883 
  0x00000164dd53cfe0: ec08 48b8 | 10ee 0802 | f97f 0000 | ffd0 4883 | c408 e90c | 0000 0048 | b810 ee08 | 02f9 7f00 
  0x00000164dd53d000: 00ff d048 | 83c4 2048 | 8b5d e84c | 8b5b 0845 | 0fb7 5b2e | 41c1 e303 | 492b e348 | 83ec 2048 
  0x00000164dd53d020: 83e4 f04c | 8b5b 604d | 85db 0f85 | ab00 0000 | e805 0000 | 00e9 9900 | 0000 488b | d348 8d44 
  0x00000164dd53d040: 2408 4c89 | 6dc0 498b | cfc5 f877 | 4989 afb0 | 0300 0049 | 8987 a003 | 0000 4883 | ec20 40f6 
  0x00000164dd53d060: c40f 0f84 | 1900 0000 | 4883 ec08 | 48b8 f04d | d101 f97f | 0000 ffd0 | 4883 c408 | e90c 0000 
  0x00000164dd53d080: 0048 b8f0 | 4dd1 01f9 | 7f00 00ff | d048 83c4 | 2049 c787 | a003 0000 | 0000 0000 | 49c7 87b0 
  0x00000164dd53d0a0: 0300 0000 | 0000 0049 | c787 a803 | 0000 0000 | 0000 c5f8 | 7749 837f | 0800 0f84 | 0500 0000 
  0x00000164dd53d0c0: e9fb 3dff | ff4c 8b6d | c04c 8b75 | c84e 8d74 | f500 c348 | 8b5d e84c | 8b5b 6041 | ffd3 488b 
  0x00000164dd53d0e0: 5de8 4889 | 4518 448b | 5b28 41f6 | c308 0f84 | 1b00 0000 | 4c8b 5b08 | 4d8b 5b08 | 4d8b 5b18 
  0x00000164dd53d100: 4d8b 5b70 | 4d8b 1b4c | 895d 1048 | 8d55 1048 | 8b43 5849 | ba60 3c09 | 02f9 7f00 | 0049 3bc2 
  0x00000164dd53d120: 0f85 ab00 | 0000 e805 | 0000 00e9 | 9900 0000 | 488b d348 | 8d44 2408 | 4c89 6dc0 | 498b cfc5 
  0x00000164dd53d140: f877 4989 | afb0 0300 | 0049 8987 | a003 0000 | 4883 ec20 | 40f6 c40f | 0f84 1900 | 0000 4883 
  0x00000164dd53d160: ec08 48b8 | f04d d101 | f97f 0000 | ffd0 4883 | c408 e90c | 0000 0048 | b8f0 4dd1 | 01f9 7f00 
  0x00000164dd53d180: 00ff d048 | 83c4 2049 | c787 a003 | 0000 0000 | 0000 49c7 | 87b0 0300 | 0000 0000 | 0049 c787 
  0x00000164dd53d1a0: a803 0000 | 0000 0000 | c5f8 7749 | 837f 0800 | 0f84 0500 | 0000 e905 | 3dff ff4c | 8b6d c04c 
  0x00000164dd53d1c0: 8b75 c84e | 8d74 f500 | c348 8b5d | e848 8b43 | 5849 8d8f | c003 0000 | c5f8 7749 | 89af b003 
  0x00000164dd53d1e0: 0000 49ba | d8d1 53dd | 6401 0000 | 4d89 97a8 | 0300 0049 | 89a7 a003 | 0000 41c7 | 8744 0400 
  0x00000164dd53d200: 0004 0000 | 00ff d0c5 | f877 4883 | ec10 c5fb | 1104 2448 | 83ec 1048 | 8904 2448 | c744 2408 
  0x00000164dd53d220: 0000 0000 | 41c7 8744 | 0400 0005 | 0000 00f0 | 8344 24c0 | 0049 3baf | 4804 0000 | 0f87 0e00 
  0x00000164dd53d240: 0000 4183 | bf40 0400 | 0000 0f84 | 2000 0000 | 498b cf4c | 8be4 4883 | ec20 4883 | e4f0 48b8 
  0x00000164dd53d260: 90a9 d201 | f97f 0000 | ffd0 498b | e44d 33e4 | 41c7 8744 | 0400 0008 | 0000 0049 | c787 a003 
  0x00000164dd53d280: 0000 0000 | 0000 49c7 | 87b0 0300 | 0000 0000 | 0049 c787 | a803 0000 | 0000 0000 | c5f8 774d 
  0x00000164dd53d2a0: 8b9f 3004 | 0000 41c7 | 8300 0100 | 0000 0000 | 0049 bbda | a553 dd64 | 0100 004c | 3b5d 180f 
  0x00000164dd53d2c0: 8524 0200 | 0048 8b04 | 2448 83c4 | 1048 85c0 | 0f84 fe01 | 0000 a803 | 0f85 0800 | 0000 488b 
  0x00000164dd53d2e0: 00e9 ee01 | 0000 a801 | 0f85 0900 | 0000 488b | 40fe e9dd | 0100 0048 | 8b40 ff41 | 807f 3800 
  0x00000164dd53d300: 0f84 ce01 | 0000 4883 | f800 0f84 | c401 0000 | 4d8b 5f28 | 4983 fb00 | 0f84 1400 | 0000 4983 
  0x00000164dd53d320: eb08 4d89 | 5f28 4d03 | 5f30 4989 | 03e9 a201 | 0000 4881 | ecd0 0000 | 0048 8904 | 2448 894c 
  0x00000164dd53d340: 2408 4889 | 5424 1048 | 8974 2418 | 4889 7c24 | 204c 8944 | 2428 4c89 | 4c24 304c | 8954 2438 
  0x00000164dd53d360: 4c89 5c24 | 40c5 fb11 | 4424 50c5 | fb11 4c24 | 58c5 fb11 | 5424 60c5 | fb11 5c24 | 68c5 fb11 
  0x00000164dd53d380: 6424 70c5 | fb11 6c24 | 78c5 fb11 | b424 8000 | 0000 c5fb | 11bc 2488 | 0000 00c5 | 7b11 8424 
  0x00000164dd53d3a0: 9000 0000 | c57b 118c | 2498 0000 | 00c5 7b11 | 9424 a000 | 0000 c57b | 119c 24a8 | 0000 00c5 
  0x00000164dd53d3c0: 7b11 a424 | b000 0000 | c57b 11ac | 24b8 0000 | 00c5 7b11 | b424 c000 | 0000 c57b | 11bc 24c8 
  0x00000164dd53d3e0: 0000 0049 | 8bd7 488b | c848 83ec | 2040 f6c4 | 0f0f 8419 | 0000 0048 | 83ec 0848 | b8e0 07c6 
  0x00000164dd53d400: 01f9 7f00 | 00ff d048 | 83c4 08e9 | 0c00 0000 | 48b8 e007 | c601 f97f | 0000 ffd0 | 4883 c420 
  0x00000164dd53d420: c57b 10bc | 24c8 0000 | 00c5 7b10 | b424 c000 | 0000 c57b | 10ac 24b8 | 0000 00c5 | 7b10 a424 
  0x00000164dd53d440: b000 0000 | c57b 109c | 24a8 0000 | 00c5 7b10 | 9424 a000 | 0000 c57b | 108c 2498 | 0000 00c5 
  0x00000164dd53d460: 7b10 8424 | 9000 0000 | c5fb 10bc | 2488 0000 | 00c5 fb10 | b424 8000 | 0000 c5fb | 106c 2478 
  0x00000164dd53d480: c5fb 1064 | 2470 c5fb | 105c 2468 | c5fb 1054 | 2460 c5fb | 104c 2458 | c5fb 1044 | 2450 4c8b 
  0x00000164dd53d4a0: 5c24 404c | 8b54 2438 | 4c8b 4c24 | 304c 8b44 | 2428 488b | 7c24 2048 | 8b74 2418 | 488b 5424 
  0x00000164dd53d4c0: 1048 8b4c | 2408 488b | 0424 4881 | c4d0 0000 | 00c5 f877 | 4889 4510 | 4883 ec10 | 4889 0424 
  0x00000164dd53d4e0: 48c7 4424 | 0800 0000 | 0041 83bf | c804 0000 | 020f 85bf | 0000 0048 | 81ec 8000 | 0000 4889 
  0x00000164dd53d500: 4424 7848 | 894c 2470 | 4889 5424 | 6848 895c | 2460 4889 | 6c24 5048 | 8974 2448 | 4889 7c24 
  0x00000164dd53d520: 404c 8944 | 2438 4c89 | 4c24 304c | 8954 2428 | 4c89 5c24 | 204c 8964 | 2418 4c89 | 6c24 104c 
  0x00000164dd53d540: 8974 2408 | 4c89 3c24 | 4c8b e448 | 83ec 2048 | 83e4 f048 | b8c0 2209 | 02f9 7f00 | 00ff d049 
  0x00000164dd53d560: 8be4 4c8b | 3c24 4c8b | 7424 084c | 8b6c 2410 | 4c8b 6424 | 184c 8b5c | 2420 4c8b | 5424 284c 
  0x00000164dd53d580: 8b4c 2430 | 4c8b 4424 | 3848 8b7c | 2440 488b | 7424 4848 | 8b6c 2450 | 488b 5c24 | 6048 8b54 
  0x00000164dd53d5a0: 2468 488b | 4c24 7048 | 8b44 2478 | 4881 c480 | 0000 004d | 33e4 488b | 5de8 4c8b | 6b08 4d8d 
  0x00000164dd53d5c0: 6d38 4983 | 7f08 000f | 84bb 0000 | 00e8 0500 | 0000 e996 | 0000 0048 | 8d44 2408 | 4c89 6dc0 
  0x00000164dd53d5e0: 498b cfc5 | f877 4989 | afb0 0300 | 0049 8987 | a003 0000 | 4883 ec20 | 40f6 c40f | 0f84 1900 
  0x00000164dd53d600: 0000 4883 | ec08 48b8 | 006c d101 | f97f 0000 | ffd0 4883 | c408 e90c | 0000 0048 | b800 6cd1 
  0x00000164dd53d620: 01f9 7f00 | 00ff d048 | 83c4 2049 | c787 a003 | 0000 0000 | 0000 49c7 | 87b0 0300 | 0000 0000 
  0x00000164dd53d640: 0049 c787 | a803 0000 | 0000 0000 | c5f8 7749 | 837f 0800 | 0f84 0500 | 0000 e961 | 38ff ff4c 
  0x00000164dd53d660: 8b6d c04c | 8b75 c84e | 8d74 f500 | c348 b940 | d530 02f9 | 7f00 0048 | 83e4 f048 | b870 4af7 
  0x00000164dd53d680: 01f9 7f00 | 00ff d0f4 | 448b 5b28 | 41f6 c320 | 0f84 7901 | 0000 488d | 55a8 4c8b | 5a08 4d85 
  0x00000164dd53d6a0: db0f 85bb | 0000 00e8 | 0500 0000 | e996 0000 | 0048 8d44 | 2408 4c89 | 6dc0 498b | cfc5 f877 
  0x00000164dd53d6c0: 4989 afb0 | 0300 0049 | 8987 a003 | 0000 4883 | ec20 40f6 | c40f 0f84 | 1900 0000 | 4883 ec08 
  0x00000164dd53d6e0: 48b8 306b | d101 f97f | 0000 ffd0 | 4883 c408 | e90c 0000 | 0048 b830 | 6bd1 01f9 | 7f00 00ff 
  0x00000164dd53d700: d048 83c4 | 2049 c787 | a003 0000 | 0000 0000 | 49c7 87b0 | 0300 0000 | 0000 0049 | c787 a803 
  0x00000164dd53d720: 0000 0000 | 0000 c5f8 | 7749 837f | 0800 0f84 | 0500 0000 | e987 37ff | ff4c 8b6d | c04c 8b75 
  0x00000164dd53d740: c84e 8d74 | f500 c348 | b940 d530 | 02f9 7f00 | 0048 83e4 | f048 b870 | 4af7 01f9 | 7f00 00ff 
  0x00000164dd53d760: d0f4 4c89 | 6dc0 4c8b | 4a08 48c7 | 4208 0000 | 0000 458b | 8718 0600 | 004f 3b4c | 07f8 0f85 
  0x00000164dd53d780: 4900 0000 | 4183 af18 | 0600 0008 | 4f3b 4c07 | f00f 842a | 0000 0049 | 8b01 a802 | 0f85 1200 
  0x00000164dd53d7a0: 0000 4c8b | c049 83c8 | 01f0 4d0f | b101 0f84 | 0d00 0000 | 4183 8718 | 0600 0008 | e90c 0000 
  0x00000164dd53d7c0: 0049 ff8f | 5005 0000 | e93e 0000 | 004c 894a | 0848 8bca | 4883 ec20 | 40f6 c40f | 0f84 1900 
  0x00000164dd53d7e0: 0000 4883 | ec08 48b8 | f03d d101 | f97f 0000 | ffd0 4883 | c408 e90c | 0000 0048 | b8f0 3dd1 
  0x00000164dd53d800: 01f9 7f00 | 00ff d048 | 83c4 204c | 8b6d c049 | ba41 ad58 | 02f9 7f00 | 0041 803a | 000f 843e 
  0x00000164dd53d820: 0000 0048 | 8b55 e849 | 8bcf 4883 | ec20 40f6 | c40f 0f84 | 1900 0000 | 4883 ec08 | 48b8 10ee 
  0x00000164dd53d840: 0802 f97f | 0000 ffd0 | 4883 c408 | e90c 0000 | 0048 b810 | ee08 02f9 | 7f00 00ff | d048 83c4 
  0x00000164dd53d860: 2048 8b04 | 2448 83c4 | 10c5 fb10 | 0424 4883 | c410 4c8b | 5d18 41ff | d34c 8b5d | f8c9 5f49 
  0x00000164dd53d880: 8be3 ffe7 | ba00 0000 | 00e8 0500 | 0000 e996 | 0000 0048 | 8d44 2408 | 4c89 6dc0 | 498b cfc5 
  0x00000164dd53d8a0: f877 4989 | afb0 0300 | 0049 8987 | a003 0000 | 4883 ec20 | 40f6 c40f | 0f84 1900 | 0000 4883 
  0x00000164dd53d8c0: ec08 48b8 | a031 d101 | f97f 0000 | ffd0 4883 | c408 e90c | 0000 0048 | b8a0 31d1 | 01f9 7f00 
  0x00000164dd53d8e0: 00ff d048 | 83c4 2049 | c787 a003 | 0000 0000 | 0000 49c7 | 87b0 0300 | 0000 0000 | 0049 c787 
  0x00000164dd53d900: a803 0000 | 0000 0000 | c5f8 7749 | 837f 0800 | 0f84 0500 | 0000 e9a5 | 35ff ff4c | 8b6d c04c 
  0x00000164dd53d920: 8b75 c84e | 8d74 f500 | c348 8b5d | e8e9 26f6 | ffff 660f | 1f44 0000 
[/MachCode]

Compiled method (c1) 70925 2386       3       java.security.ProtectionDomain$JavaSecurityAccessImpl::doIntersectionPrivilege (22 bytes)
 total in heap  [0x00000164d6330b08,0x00000164d6331298] = 1936
 relocation     [0x00000164d6330be0,0x00000164d6330cb0] = 208
 main code      [0x00000164d6330cc0,0x00000164d63311e8] = 1320
 stub code      [0x00000164d63311e8,0x00000164d6331278] = 144
 metadata       [0x00000164d6331278,0x00000164d6331298] = 32
 immutable data [0x00000164c6da0560,0x00000164c6da0788] = 552
 dependencies   [0x00000164c6da0560,0x00000164c6da0570] = 16
 nul chk table  [0x00000164c6da0570,0x00000164c6da0580] = 16
 scopes pcs     [0x00000164c6da0580,0x00000164c6da0690] = 272
 scopes data    [0x00000164c6da0690,0x00000164c6da0788] = 248

[Constant Pool (empty)]

[MachCode]
[Instructions begin]
  0x00000164d6330cc0: 6666 660f | 1f84 0000 | 0000 0066 | 6666 9066 | 6690 448b | 5208 443b 

  0x00000164d6330cd8: ;   {runtime_call ic_miss_stub}
  0x00000164d6330cd8: 5008 0f85 | 00d8 2407 
[Verified Entry Point]
  0x00000164d6330ce0: 8984 2400 | 80ff ff55 | 4881 eca0 | 0000 0090 | 4181 7f20 | 0100 0000 

  0x00000164d6330cf8: ;   {runtime_call StubRoutines (final stubs)}
  0x00000164d6330cf8: 7405 e841 

  0x00000164d6330cfc: ;   {metadata(method data for {method} {0x0000016480233270} 'doIntersectionPrivilege' '(Ljava/security/PrivilegedAction;Ljava/security/AccessControlContext;Ljava/security/AccessControlContext;)Ljava/lang/Object;' in 'java/security/ProtectionDomain$JavaSecurityAccessImpl')}
  0x00000164d6330cfc: 6a23 0748 | be10 fe16 | c264 0100 | 008b 9ecc | 0000 0083 | c302 899e | cc00 0000 | 81e3 fe07 
  0x00000164d6330d1c: 0000 85db | 0f84 ab03 | 0000 4d85 

  0x00000164d6330d28: ;   {metadata(method data for {method} {0x0000016480233270} 'doIntersectionPrivilege' '(Ljava/security/PrivilegedAction;Ljava/security/AccessControlContext;Ljava/security/AccessControlContext;)Ljava/lang/Object;' in 'java/security/ProtectionDomain$JavaSecurityAccessImpl')}
  0x00000164d6330d28: c048 ba10 | fe16 c264 | 0100 00be | 2801 0000 | 7405 be18 | 0100 0048 | 8b1c 3248 | 8d5b 0148 
  0x00000164d6330d48: 891c 320f | 84e3 0200 | 004c 8944 

  0x00000164d6330d54: ;   {metadata(method data for {method} {0x0000016480233270} 'doIntersectionPrivilege' '(Ljava/security/PrivilegedAction;Ljava/security/AccessControlContext;Ljava/security/AccessControlContext;)Ljava/lang/Object;' in 'java/security/ProtectionDomain$JavaSecurityAccessImpl')}
  0x00000164d6330d54: 2460 48ba | 10fe 16c2 | 6401 0000 | 4883 8248 | 0100 0001 | 488b d74d 

  0x00000164d6330d6c: ;   {static_call}
  0x00000164d6330d6c: 8bc1 90e8 

  0x00000164d6330d70: ; ImmutableOopMap {[96]=Oop }
                      ;*invokestatic getCombinedACC {reexecute=0 rethrow=0 return_oop=0}
                      ; - java.security.ProtectionDomain$JavaSecurityAccessImpl::doIntersectionPrivilege@15 (line 89)
  0x00000164d6330d70: ec06 0000 

  0x00000164d6330d74: ;   {other}
  0x00000164d6330d74: 0f1f 8400 | 6c02 0000 

  0x00000164d6330d7c: ;   {metadata(method data for {method} {0x0000016480233270} 'doIntersectionPrivilege' '(Ljava/security/PrivilegedAction;Ljava/security/AccessControlContext;Ljava/security/AccessControlContext;)Ljava/lang/Object;' in 'java/security/ProtectionDomain$JavaSecurityAccessImpl')}
  0x00000164d6330d7c: 48be 10fe | 16c2 6401 | 0000 4883 | 8658 0100 

  0x00000164d6330d8c: ;   {metadata(method data for {method} {0x000001648049b040} 'doPrivileged' '(Ljava/security/PrivilegedAction;Ljava/security/AccessControlContext;)Ljava/lang/Object;' in 'java/security/AccessController')}
  0x00000164d6330d8c: 0001 48be | 58dd 68c1 | 6401 0000 | 8bbe cc00 | 0000 83c7 | 0289 becc | 0000 0081 | e7fe ff1f 
  0x00000164d6330dac: 0085 ff0f | 843d 0300 

  0x00000164d6330db4: ;   {metadata(method data for {method} {0x000001648049b040} 'doPrivileged' '(Ljava/security/PrivilegedAction;Ljava/security/AccessControlContext;)Ljava/lang/Object;' in 'java/security/AccessController')}
  0x00000164d6330db4: 0048 be58 | dd68 c164 | 0100 0048 | 8386 1801 | 0000 0148 | 8944 2468 

  0x00000164d6330dcc: ;   {static_call}
  0x00000164d6330dcc: 6666 90e8 

  0x00000164d6330dd0: ; ImmutableOopMap {[96]=Oop [104]=Oop }
                      ;*invokestatic getCallerClass {reexecute=0 rethrow=0 return_oop=0}
                      ; - java.security.AccessController::doPrivileged@0 (line 398)
                      ; - java.security.ProtectionDomain$JavaSecurityAccessImpl::doIntersectionPrivilege@18 (line 87)
  0x00000164d6330dd0: 5c1a 7a07 

  0x00000164d6330dd4: ;   {other}
  0x00000164d6330dd4: 0f1f 8400 | cc02 0001 | 4889 4424 

  0x00000164d6330de0: ;   {metadata(method data for {method} {0x000001648049b040} 'doPrivileged' '(Ljava/security/PrivilegedAction;Ljava/security/AccessControlContext;)Ljava/lang/Object;' in 'java/security/AccessController')}
  0x00000164d6330de0: 7048 ba58 | dd68 c164 | 0100 0048 | 8382 2801 | 0000 0148 | 8b54 2468 | 4c8b c00f 

  0x00000164d6330dfc: ;   {static_call}
  0x00000164d6330dfc: 1f40 00e8 

  0x00000164d6330e00: ; ImmutableOopMap {[96]=Oop [112]=Oop }
                      ;*invokestatic checkContext {reexecute=0 rethrow=0 return_oop=0}
                      ; - java.security.AccessController::doPrivileged@6 (line 399)
                      ; - java.security.ProtectionDomain$JavaSecurityAccessImpl::doIntersectionPrivilege@18 (line 87)
  0x00000164d6330e00: 9cd0 e1ff 

  0x00000164d6330e04: ;   {other}
  0x00000164d6330e04: 0f1f 8400 | fc02 0002 | 4889 4424 

  0x00000164d6330e10: ;   {metadata(method data for {method} {0x000001648049b040} 'doPrivileged' '(Ljava/security/PrivilegedAction;Ljava/security/AccessControlContext;)Ljava/lang/Object;' in 'java/security/AccessController')}
  0x00000164d6330e10: 7848 ba58 | dd68 c164 | 0100 0048 | 8382 3801 

  0x00000164d6330e20: ;   {metadata(method data for {method} {0x000001648049b2c8} 'executePrivileged' '(Ljava/security/PrivilegedAction;Ljava/security/AccessControlContext;Ljava/lang/Class;)Ljava/lang/Object;' in 'java/security/AccessController')}
  0x00000164d6330e20: 0000 0148 | ba78 f711 | c164 0100 | 008b b2cc | 0000 0083 | c602 89b2 | cc00 0000 | 81e6 feff 
  0x00000164d6330e40: 1f00 85f6 | 0f84 c902 | 0000 4885 

  0x00000164d6330e4c: ;   {metadata(method data for {method} {0x000001648049b2c8} 'executePrivileged' '(Ljava/security/PrivilegedAction;Ljava/security/AccessControlContext;Ljava/lang/Class;)Ljava/lang/Object;' in 'java/security/AccessController')}
  0x00000164d6330e4c: c048 ba78 | f711 c164 | 0100 00be | 1801 0000 | 7405 be28 | 0100 0048 | 8b3c 3248 | 8d7f 0148 
  0x00000164d6330e6c: 893c 320f | 8427 0000 

  0x00000164d6330e74: ;   {metadata(method data for {method} {0x000001648049b2c8} 'executePrivileged' '(Ljava/security/PrivilegedAction;Ljava/security/AccessControlContext;Ljava/lang/Class;)Ljava/lang/Object;' in 'java/security/AccessController')}
  0x00000164d6330e74: 0048 ba78 | f711 c164 | 0100 0048 | 8382 3801 | 0000 0148 | 8bd0 0f1f 

  0x00000164d6330e8c: ;   {static_call}
  0x00000164d6330e8c: 4400 00e8 

  0x00000164d6330e90: ; ImmutableOopMap {[96]=Oop [112]=Oop [120]=Oop }
                      ;*invokestatic ensureMaterializedForStackWalk {reexecute=0 rethrow=0 return_oop=0}
                      ; - java.security.AccessController::executePrivileged@5 (line 774)
                      ; - java.security.AccessController::doPrivileged@13 (line 400)
                      ; - java.security.ProtectionDomain$JavaSecurityAccessImpl::doIntersectionPrivilege@18 (line 87)
  0x00000164d6330e90: 1cea 7a07 

  0x00000164d6330e94: ;   {other}
  0x00000164d6330e94: 0f1f 8400 | 8c03 0003 

  0x00000164d6330e9c: ;   {metadata(method data for {method} {0x000001648049b2c8} 'executePrivileged' '(Ljava/security/PrivilegedAction;Ljava/security/AccessControlContext;Ljava/lang/Class;)Ljava/lang/Object;' in 'java/security/AccessController')}
  0x00000164d6330e9c: 48ba 78f7 | 11c1 6401 | 0000 ff82 | 4801 0000 | 4c8b 4424 | 6049 3b00 

  0x00000164d6330eb4: ;   {metadata(method data for {method} {0x000001648049b2c8} 'executePrivileged' '(Ljava/security/PrivilegedAction;Ljava/security/AccessControlContext;Ljava/lang/Class;)Ljava/lang/Object;' in 'java/security/AccessController')}
  0x00000164d6330eb4: 498b d048 | be78 f711 | c164 0100 | 008b 5208 | 49ba 0000 | 0080 6401 | 0000 4903 | d248 3b96 
  0x00000164d6330ed4: b001 0000 | 750d 4883 | 86b8 0100 | 0001 e960 | 0000 0048 | 3b96 c001 | 0000 750d | 4883 86c8 
  0x00000164d6330ef4: 0100 0001 | e94a 0000 | 0048 83be | b001 0000 | 0075 1748 | 8996 b001 | 0000 48c7 | 86b8 0100 
  0x00000164d6330f14: 0001 0000 | 00e9 2900 | 0000 4883 | bec0 0100 | 0000 7517 | 4889 96c0 | 0100 0048 | c786 c801 
  0x00000164d6330f34: 0000 0100 | 0000 e908 | 0000 0048 | 8386 a801 | 0000 0149 | 8bd0 6666 | 9048 b8c0 | f2e9 c664 
  0x00000164d6330f54: ;   {virtual_call}
  0x00000164d6330f54: 0100 00e8 

  0x00000164d6330f58: ; ImmutableOopMap {[112]=Oop [120]=Oop }
                      ;*invokeinterface run {reexecute=0 rethrow=0 return_oop=0}
                      ; - java.security.AccessController::executePrivileged@29 (line 778)
                      ; - java.security.AccessController::doPrivileged@13 (line 400)
                      ; - java.security.ProtectionDomain$JavaSecurityAccessImpl::doIntersectionPrivilege@18 (line 87)
  0x00000164d6330f58: 04b6 3107 

  0x00000164d6330f5c: ;   {other}
  0x00000164d6330f5c: 0f1f 8400 | 5404 0004 

  0x00000164d6330f64: ;   {metadata(method data for {method} {0x000001648049b2c8} 'executePrivileged' '(Ljava/security/PrivilegedAction;Ljava/security/AccessControlContext;Ljava/lang/Class;)Ljava/lang/Object;' in 'java/security/AccessController')}
  0x00000164d6330f64: 48ba 78f7 | 11c1 6401 | 0000 ff82 | d801 0000 

  0x00000164d6330f74: ;   {metadata(method data for {method} {0x000001648049b2c8} 'executePrivileged' '(Ljava/security/PrivilegedAction;Ljava/security/AccessControlContext;Ljava/lang/Class;)Ljava/lang/Object;' in 'java/security/AccessController')}
  0x00000164d6330f74: 48ba 78f7 | 11c1 6401 | 0000 4883 | 8238 0200 | 0001 488b | d048 8984 | 2480 0000 | 0066 0f1f 
  0x00000164d6330f94: ;   {static_call}
  0x00000164d6330f94: 4400 00e8 

  0x00000164d6330f98: ; ImmutableOopMap {[112]=Oop [120]=Oop [128]=Oop }
                      ;*invokestatic ensureMaterializedForStackWalk {reexecute=0 rethrow=0 return_oop=0}
                      ; - java.security.AccessController::executePrivileged@56 (line 786)
                      ; - java.security.AccessController::doPrivileged@13 (line 400)
                      ; - java.security.ProtectionDomain$JavaSecurityAccessImpl::doIntersectionPrivilege@18 (line 87)
  0x00000164d6330f98: 14e9 7a07 

  0x00000164d6330f9c: ;   {other}
  0x00000164d6330f9c: 0f1f 8400 | 9404 0005 

  0x00000164d6330fa4: ;   {metadata(method data for {method} {0x000001648049b2c8} 'executePrivileged' '(Ljava/security/PrivilegedAction;Ljava/security/AccessControlContext;Ljava/lang/Class;)Ljava/lang/Object;' in 'java/security/AccessController')}
  0x00000164d6330fa4: 48b8 78f7 | 11c1 6401 | 0000 4883 | 8048 0200 

  0x00000164d6330fb4: ;   {metadata(method data for {method} {0x00000164801957a0} 'reachabilityFence' '(Ljava/lang/Object;)V' in 'java/lang/ref/Reference')}
  0x00000164d6330fb4: 0001 48b8 | 50a6 02c1 | 6401 0000 | 8b90 cc00 | 0000 83c2 | 0289 90cc | 0000 0081 | e2fe ff1f 
  0x00000164d6330fd4: 0085 d20f | 845c 0100 

  0x00000164d6330fdc: ;   {metadata(method data for {method} {0x000001648049b2c8} 'executePrivileged' '(Ljava/security/PrivilegedAction;Ljava/security/AccessControlContext;Ljava/lang/Class;)Ljava/lang/Object;' in 'java/security/AccessController')}
  0x00000164d6330fdc: 0048 b878 | f711 c164 | 0100 0048 | 8380 5802 

  0x00000164d6330fec: ;   {metadata(method data for {method} {0x00000164801957a0} 'reachabilityFence' '(Ljava/lang/Object;)V' in 'java/lang/ref/Reference')}
  0x00000164d6330fec: 0000 0148 | b850 a602 | c164 0100 | 008b 90cc | 0000 0083 | c202 8990 | cc00 0000 | 81e2 feff 
  0x00000164d633100c: 1f00 85d2 | 0f84 4401 | 0000 488b | 8424 8000 | 0000 4881 | c4a0 0000 

  0x00000164d6331024: ;   {poll_return}
  0x00000164d6331024: 005d 493b | a748 0400 | 000f 8748 | 0100 00c3 | 0f1f 4000 

  0x00000164d6331038: ;   {no_reloc}
  0x00000164d6331038: e963 0100 | 0000 0000 | 0000 498b | 87b8 0100 | 0048 8d78 | 3049 3bbf | c801 0000 | 0f87 5001 
  0x00000164d6331058: 0000 4989 | bfb8 0100 | 0048 c700 | 0100 0000 | 488b ca49 | ba00 0000 | 8064 0100 | 0049 2bca 
  0x00000164d6331078: 8948 0848 | 33c9 8948 | 0c48 33c9 | 4889 4810 | 4889 4818 | 4889 4820 | 4889 4828 

  0x00000164d6331094: ;   {metadata(method data for {method} {0x0000016480233270} 'doIntersectionPrivilege' '(Ljava/security/PrivilegedAction;Ljava/security/AccessControlContext;Ljava/security/AccessControlContext;)Ljava/lang/Object;' in 'java/security/ProtectionDomain$JavaSecurityAccessImpl')}
  0x00000164d6331094: 488b d048 | be10 fe16 | c264 0100 | 0048 8386 | 3801 0000 | 0148 8bd0 | 4889 8424 | 8800 0000 
  0x00000164d63310b4: ;   {optimized virtual_call}
  0x00000164d63310b4: 6666 90e8 

  0x00000164d63310b8: ; ImmutableOopMap {[136]=Oop }
                      ;*invokespecial <init> {reexecute=0 rethrow=0 return_oop=0}
                      ; - java.security.ProtectionDomain$JavaSecurityAccessImpl::doIntersectionPrivilege@8 (line 84)
  0x00000164d63310b8: 24d7 2407 

  0x00000164d63310bc: ;   {other}
  0x00000164d63310bc: 0f1f 8400 | b405 0006 | 488b 8424 | 8800 0000 | e903 0100 

  0x00000164d63310d0: ;   {metadata({method} {0x0000016480233270} 'doIntersectionPrivilege' '(Ljava/security/PrivilegedAction;Ljava/security/AccessControlContext;Ljava/security/AccessControlContext;)Ljava/lang/Object;' in 'java/security/ProtectionDomain$JavaSecurityAccessImpl')}
  0x00000164d63310d0: 0049 ba68 | 3223 8064 | 0100 004c | 8954 2408 | 48c7 0424 | ffff ffff 

  0x00000164d63310e8: ;   {runtime_call counter_overflow Runtime1 stub}
  0x00000164d63310e8: e873 4231 

  0x00000164d63310ec: ; ImmutableOopMap {rdx=Oop r8=Oop r9=Oop rdi=Oop }
                      ;*synchronization entry
                      ; - java.security.ProtectionDomain$JavaSecurityAccessImpl::doIntersectionPrivilege@-1 (line 83)
  0x00000164d63310ec: 07e9 34fc 

  0x00000164d63310f0: ;   {metadata({method} {0x000001648049b040} 'doPrivileged' '(Ljava/security/PrivilegedAction;Ljava/security/AccessControlContext;)Ljava/lang/Object;' in 'java/security/AccessController')}
  0x00000164d63310f0: ffff 49ba | 38b0 4980 | 6401 0000 | 4c89 5424 | 0848 c704 | 24ff ffff 

  0x00000164d6331108: ;   {runtime_call counter_overflow Runtime1 stub}
  0x00000164d6331108: ffe8 5242 

  0x00000164d633110c: ; ImmutableOopMap {rax=Oop [96]=Oop }
                      ;*synchronization entry
                      ; - java.security.AccessController::doPrivileged@-1 (line 398)
                      ; - java.security.ProtectionDomain$JavaSecurityAccessImpl::doIntersectionPrivilege@18 (line 87)
  0x00000164d633110c: 3107 e9a2 

  0x00000164d6331110: ;   {metadata({method} {0x000001648049b2c8} 'executePrivileged' '(Ljava/security/PrivilegedAction;Ljava/security/AccessControlContext;Ljava/lang/Class;)Ljava/lang/Object;' in 'java/security/AccessController')}
  0x00000164d6331110: fcff ff49 | bac0 b249 | 8064 0100 | 004c 8954 | 2408 48c7 | 0424 ffff 

  0x00000164d6331128: ;   {runtime_call counter_overflow Runtime1 stub}
  0x00000164d6331128: ffff e831 

  0x00000164d633112c: ; ImmutableOopMap {rax=Oop [96]=Oop [112]=Oop [120]=Oop }
                      ;*synchronization entry
                      ; - java.security.AccessController::executePrivileged@-1 (line 773)
                      ; - java.security.AccessController::doPrivileged@13 (line 400)
                      ; - java.security.ProtectionDomain$JavaSecurityAccessImpl::doIntersectionPrivilege@18 (line 87)
  0x00000164d633112c: 4231 07e9 | 16fd ffff 

  0x00000164d6331134: ;   {runtime_call throw_null_pointer_exception Runtime1 stub}
  0x00000164d6331134: e827 f130 

  0x00000164d6331138: ; ImmutableOopMap {r8=Oop [112]=Oop [120]=Oop }
                      ;*invokeinterface run {reexecute=0 rethrow=0 return_oop=0}
                      ; - java.security.AccessController::executePrivileged@29 (line 778)
                      ; - java.security.AccessController::doPrivileged@13 (line 400)
                      ; - java.security.ProtectionDomain$JavaSecurityAccessImpl::doIntersectionPrivilege@18 (line 87)
                      ;   {metadata({method} {0x00000164801957a0} 'reachabilityFence' '(Ljava/lang/Object;)V' in 'java/lang/ref/Reference')}
  0x00000164d6331138: 0749 ba98 | 5719 8064 | 0100 004c | 8954 2408 | 48c7 0424 | ffff ffff 

  0x00000164d6331150: ;   {runtime_call counter_overflow Runtime1 stub}
  0x00000164d6331150: e80b 4231 

  0x00000164d6331154: ; ImmutableOopMap {[112]=Oop [128]=Oop }
                      ;*synchronization entry
                      ; - java.lang.ref.Reference::reachabilityFence@-1 (line 661)
                      ; - java.security.AccessController::executePrivileged@60 (line 790)
                      ; - java.security.AccessController::doPrivileged@13 (line 400)
                      ; - java.security.ProtectionDomain$JavaSecurityAccessImpl::doIntersectionPrivilege@18 (line 87)
  0x00000164d6331154: 07e9 83fe 

  0x00000164d6331158: ;   {metadata({method} {0x00000164801957a0} 'reachabilityFence' '(Ljava/lang/Object;)V' in 'java/lang/ref/Reference')}
  0x00000164d6331158: ffff 49ba | 9857 1980 | 6401 0000 | 4c89 5424 | 0848 c704 | 24ff ffff 

  0x00000164d6331170: ;   {runtime_call counter_overflow Runtime1 stub}
  0x00000164d6331170: ffe8 ea41 

  0x00000164d6331174: ; ImmutableOopMap {[128]=Oop }
                      ;*synchronization entry
                      ; - java.lang.ref.Reference::reachabilityFence@-1 (line 661)
                      ; - java.security.AccessController::executePrivileged@64 (line 791)
                      ; - java.security.AccessController::doPrivileged@13 (line 400)
                      ; - java.security.ProtectionDomain$JavaSecurityAccessImpl::doIntersectionPrivilege@18 (line 87)
  0x00000164d6331174: 3107 e99b 

  0x00000164d6331178: ;   {internal_word}
  0x00000164d6331178: feff ff49 | ba26 1033 | d664 0100 | 004d 8997 | 6004 0000 

  0x00000164d633118c: ;   {runtime_call SafepointBlob}
  0x00000164d633118c: e94f 4225 

  0x00000164d6331190: ;   {metadata(nullptr)}
  0x00000164d6331190: 0748 ba00 | 0000 0000 | 0000 00b8 | 000f 050a 

  0x00000164d63311a0: ;   {runtime_call load_klass_patching Runtime1 stub}
  0x00000164d63311a0: e83b 3131 

  0x00000164d63311a4: ; ImmutableOopMap {}
                      ;*new {reexecute=1 rethrow=0 return_oop=0}
                      ; - (reexecute) java.security.ProtectionDomain$JavaSecurityAccessImpl::doIntersectionPrivilege@4 (line 84)
  0x00000164d63311a4: 07e9 8efe | ffff 488b 

  0x00000164d63311ac: ;   {runtime_call fast_new_instance Runtime1 stub}
  0x00000164d63311ac: d2e8 aef9 

  0x00000164d63311b0: ; ImmutableOopMap {}
                      ;*new {reexecute=0 rethrow=0 return_oop=0}
                      ; - java.security.ProtectionDomain$JavaSecurityAccessImpl::doIntersectionPrivilege@4 (line 84)
  0x00000164d63311b0: 3007 e9dd | feff ff49 | 8b87 0005 | 0000 49c7 | 8700 0500 | 0000 0000 | 0049 c787 | 0805 0000 
  0x00000164d63311d0: 0000 0000 | 4881 c4a0 | 0000 005d 

  0x00000164d63311dc: ;   {runtime_call unwind_exception Runtime1 stub}
  0x00000164d63311dc: e97f e130 | 07f4 f4f4 | f4f4 f4f4 
[Stub Code]
  0x00000164d63311e8: ;   {no_reloc}
  0x00000164d63311e8: 0f1f 4400 

  0x00000164d63311ec: ;   {static_stub}
  0x00000164d63311ec: 0048 bb00 | 0000 0000 

  0x00000164d63311f4: ;   {runtime_call nmethod}
  0x00000164d63311f4: 0000 00e9 | fbff ffff 

  0x00000164d63311fc: ;   {static_stub}
  0x00000164d63311fc: 48bb 0000 | 0000 0000 

  0x00000164d6331204: ;   {runtime_call nmethod}
  0x00000164d6331204: 0000 e9fb 

  0x00000164d6331208: ;   {static_stub}
  0x00000164d6331208: ffff ff48 | bb00 0000 | 0000 0000 

  0x00000164d6331214: ;   {runtime_call nmethod}
  0x00000164d6331214: 00e9 fbff 

  0x00000164d6331218: ;   {static_stub}
  0x00000164d6331218: ffff 48bb | 0000 0000 | 0000 0000 

  0x00000164d6331224: ;   {runtime_call nmethod}
  0x00000164d6331224: e9fb ffff 

  0x00000164d6331228: ;   {static_stub}
  0x00000164d6331228: ff48 bb00 | 0000 0000 

  0x00000164d6331230: ;   {runtime_call nmethod}
  0x00000164d6331230: 0000 00e9 | fbff ffff 

  0x00000164d6331238: ;   {static_stub}
  0x00000164d6331238: 48bb 0000 | 0000 0000 

  0x00000164d6331240: ;   {runtime_call nmethod}
  0x00000164d6331240: 0000 e9fb 

  0x00000164d6331244: ;   {runtime_call handle_exception_from_callee Runtime1 stub}
  0x00000164d6331244: ffff ffe8 | 140e 3107 

  0x00000164d633124c: ;   {external_word}
  0x00000164d633124c: 48b9 40d5 | 3002 f97f | 0000 4883 

  0x00000164d6331258: ;   {runtime_call}
  0x00000164d6331258: e4f0 48b8 | 704a f701 | f97f 0000 

  0x00000164d6331264: ;   {section_word}
  0x00000164d6331264: ffd0 f449 | ba67 1233 | d664 0100 

  0x00000164d6331270: ;   {runtime_call DeoptimizationBlob}
  0x00000164d6331270: 0041 52e9 | 0834 2507 
[/MachCode]


---------------  P R O C E S S  ---------------

Threads class SMR info:
_java_thread_list=0x00000164c6d0a8f0, length=16, elements={
0x00000164cb6706a0, 0x00000164eaf10480, 0x00000164eaf12560, 0x00000164eaf179b0,
0x00000164eaf18410, 0x00000164eaf18e70, 0x00000164eaf19c30, 0x00000164eaf1a9c0,
0x00000164eaf1c120, 0x00000164c50c49c0, 0x00000164c50cde40, 0x00000164c55cd5d0,
0x00000164c55e87c0, 0x00000164c55eeae0, 0x00000164c576a1e0, 0x00000164c5d57a30
}

Java Threads: ( => current thread )
  0x00000164cb6706a0 JavaThread "main"                              [_thread_blocked, id=444, stack(0x000000576ea00000,0x000000576eb00000) (1024K)]
  0x00000164eaf10480 JavaThread "Reference Handler"          daemon [_thread_blocked, id=9244, stack(0x000000576f200000,0x000000576f300000) (1024K)]
  0x00000164eaf12560 JavaThread "Finalizer"                  daemon [_thread_blocked, id=11248, stack(0x000000576f300000,0x000000576f400000) (1024K)]
  0x00000164eaf179b0 JavaThread "Signal Dispatcher"          daemon [_thread_blocked, id=6628, stack(0x000000576f400000,0x000000576f500000) (1024K)]
  0x00000164eaf18410 JavaThread "Attach Listener"            daemon [_thread_blocked, id=3396, stack(0x000000576f500000,0x000000576f600000) (1024K)]
  0x00000164eaf18e70 JavaThread "Service Thread"             daemon [_thread_blocked, id=4396, stack(0x000000576f600000,0x000000576f700000) (1024K)]
  0x00000164eaf19c30 JavaThread "Monitor Deflation Thread"   daemon [_thread_blocked, id=6140, stack(0x000000576f700000,0x000000576f800000) (1024K)]
  0x00000164eaf1a9c0 JavaThread "C2 CompilerThread0"         daemon [_thread_blocked, id=12092, stack(0x000000576f800000,0x000000576f900000) (1024K)]
  0x00000164eaf1c120 JavaThread "C1 CompilerThread0"         daemon [_thread_blocked, id=5808, stack(0x000000576f900000,0x000000576fa00000) (1024K)]
  0x00000164c50c49c0 JavaThread "Notification Thread"        daemon [_thread_blocked, id=6756, stack(0x000000576fa00000,0x000000576fb00000) (1024K)]
  0x00000164c50cde40 JavaThread "Common-Cleaner"             daemon [_thread_blocked, id=9552, stack(0x000000576fb00000,0x000000576fc00000) (1024K)]
  0x00000164c55cd5d0 JavaThread "Java2D Disposer"            daemon [_thread_blocked, id=6956, stack(0x000000576fc00000,0x000000576fd00000) (1024K)]
  0x00000164c55e87c0 JavaThread "AWT-Shutdown"                      [_thread_blocked, id=7160, stack(0x000000576fd00000,0x000000576fe00000) (1024K)]
  0x00000164c55eeae0 JavaThread "AWT-Windows"                daemon [_thread_in_native, id=11700, stack(0x000000576fe00000,0x000000576ff00000) (1024K)]
=>0x00000164c576a1e0 JavaThread "AWT-EventQueue-0"                  [_thread_in_native, id=6860, stack(0x000000576ff00000,0x0000005770000000) (1024K)]
  0x00000164c5d57a30 JavaThread "mysql-cj-abandoned-connection-cleanup" daemon [_thread_blocked, id=4544, stack(0x0000005770500000,0x0000005770600000) (1024K)]
Total: 16

Other Threads:
  0x00000164eaef6f10 VMThread "VM Thread"                           [id=3672, stack(0x000000576f100000,0x000000576f200000) (1024K)]
  0x00000164eaee5030 WatcherThread "VM Periodic Task Thread"        [id=4364, stack(0x000000576f000000,0x000000576f100000) (1024K)]
  0x00000164cd916950 WorkerThread "GC Thread#0"                     [id=2848, stack(0x000000576eb00000,0x000000576ec00000) (1024K)]
  0x00000164c5cbbef0 WorkerThread "GC Thread#1"                     [id=7084, stack(0x0000005770200000,0x0000005770300000) (1024K)]
  0x00000164c5cbcab0 WorkerThread "GC Thread#2"                     [id=988, stack(0x0000005770300000,0x0000005770400000) (1024K)]
  0x00000164c5cbce60 WorkerThread "GC Thread#3"                     [id=7956, stack(0x0000005770400000,0x0000005770500000) (1024K)]
  0x00000164cd926310 ConcurrentGCThread "G1 Main Marker"            [id=8080, stack(0x000000576ec00000,0x000000576ed00000) (1024K)]
  0x00000164cd926e20 WorkerThread "G1 Conc#0"                       [id=5132, stack(0x000000576ed00000,0x000000576ee00000) (1024K)]
  0x00000164eadc19f0 ConcurrentGCThread "G1 Refine#0"               [id=1152, stack(0x000000576ee00000,0x000000576ef00000) (1024K)]
  0x00000164cd985030 ConcurrentGCThread "G1 Service"                [id=10476, stack(0x000000576ef00000,0x000000576f000000) (1024K)]
Total: 10

Threads with active compile tasks:
Total: 0

VM state: not at safepoint (normal execution)

VM Mutex/Monitor currently owned by a thread: None

Heap address: 0x0000000745400000, size: 2988 MB, Compressed Oops mode: Zero based, Oop shift amount: 3

CDS archive(s) mapped at: [0x0000016480000000-0x0000016480d70000-0x0000016480d70000), size 14090240, SharedBaseAddress: 0x0000016480000000, ArchiveRelocationMode: 1.
Compressed class space mapped at: 0x0000016481000000-0x00000164c1000000, reserved size: 1073741824
Narrow klass base: 0x0000016480000000, Narrow klass shift: 0, Narrow klass range: 0x41000000

GC Precious Log:
 CardTable entry size: 512
 Card Set container configuration: InlinePtr #cards 4 size 8 Array Of Cards #cards 16 size 48 Howl #buckets 8 coarsen threshold 3686 Howl Bitmap #cards 512 size 80 coarsen threshold 460 Card regions per heap region 1 cards per card region 4096
 CPUs: 4 total, 4 available
 Memory: 11947M
 Large Page Support: Disabled
 NUMA Support: Disabled
 Compressed Oops: Enabled (Zero based)
 Heap Region Size: 2M
 Heap Min Capacity: 8M
 Heap Initial Capacity: 188M
 Heap Max Capacity: 2988M
 Pre-touch: Disabled
 Parallel Workers: 4
 Concurrent Workers: 1
 Concurrent Refinement Workers: 4
 Periodic GC: Disabled

Heap:
 garbage-first heap   total reserved 3059712K, committed 192512K, used 24438K [0x0000000745400000, 0x0000000800000000)
  region size 2048K, 7 young (14336K), 1 survivors (2048K)
 Metaspace       used 19706K, committed 19904K, reserved 1114112K
  class space    used 2221K, committed 2304K, reserved 1048576K

Heap Regions: E=young(eden), S=young(survivor), O=old, HS=humongous(starts), HC=humongous(continues), CS=collection set, F=free, TAMS=top-at-mark-start, PB=parsable bottom
|   0|0x0000000745400000, 0x0000000745600000, 0x0000000745600000|100%| O|  |TAMS 0x0000000745400000| PB 0x0000000745400000| Untracked |  0
|   1|0x0000000745600000, 0x0000000745800000, 0x0000000745800000|100%| O|  |TAMS 0x0000000745600000| PB 0x0000000745600000| Untracked |  0
|   2|0x0000000745800000, 0x0000000745a00000, 0x0000000745a00000|100%| O|  |TAMS 0x0000000745800000| PB 0x0000000745800000| Untracked |  0
|   3|0x0000000745a00000, 0x0000000745c00000, 0x0000000745c00000|100%|HS|  |TAMS 0x0000000745a00000| PB 0x0000000745a00000| Complete |  0
|   4|0x0000000745c00000, 0x0000000745e00000, 0x0000000745e00000|100%|HC|  |TAMS 0x0000000745c00000| PB 0x0000000745c00000| Complete |  0
|   5|0x0000000745e00000, 0x0000000745fdd8e0, 0x0000000746000000| 93%| O|  |TAMS 0x0000000745e00000| PB 0x0000000745e00000| Untracked |  0
|   6|0x0000000746000000, 0x0000000746000000, 0x0000000746200000|  0%| F|  |TAMS 0x0000000746000000| PB 0x0000000746000000| Untracked |  0
|   7|0x0000000746200000, 0x0000000746200000, 0x0000000746400000|  0%| F|  |TAMS 0x0000000746200000| PB 0x0000000746200000| Untracked |  0
|   8|0x0000000746400000, 0x0000000746400000, 0x0000000746600000|  0%| F|  |TAMS 0x0000000746400000| PB 0x0000000746400000| Untracked |  0
|   9|0x0000000746600000, 0x0000000746600000, 0x0000000746800000|  0%| F|  |TAMS 0x0000000746600000| PB 0x0000000746600000| Untracked |  0
|  10|0x0000000746800000, 0x0000000746800000, 0x0000000746a00000|  0%| F|  |TAMS 0x0000000746800000| PB 0x0000000746800000| Untracked |  0
|  11|0x0000000746a00000, 0x0000000746a00000, 0x0000000746c00000|  0%| F|  |TAMS 0x0000000746a00000| PB 0x0000000746a00000| Untracked |  0
|  12|0x0000000746c00000, 0x0000000746c00000, 0x0000000746e00000|  0%| F|  |TAMS 0x0000000746c00000| PB 0x0000000746c00000| Untracked |  0
|  13|0x0000000746e00000, 0x0000000746e00000, 0x0000000747000000|  0%| F|  |TAMS 0x0000000746e00000| PB 0x0000000746e00000| Untracked |  0
|  14|0x0000000747000000, 0x0000000747000000, 0x0000000747200000|  0%| F|  |TAMS 0x0000000747000000| PB 0x0000000747000000| Untracked |  0
|  15|0x0000000747200000, 0x0000000747200000, 0x0000000747400000|  0%| F|  |TAMS 0x0000000747200000| PB 0x0000000747200000| Untracked |  0
|  16|0x0000000747400000, 0x0000000747400000, 0x0000000747600000|  0%| F|  |TAMS 0x0000000747400000| PB 0x0000000747400000| Untracked |  0
|  17|0x0000000747600000, 0x0000000747600000, 0x0000000747800000|  0%| F|  |TAMS 0x0000000747600000| PB 0x0000000747600000| Untracked |  0
|  18|0x0000000747800000, 0x0000000747800000, 0x0000000747a00000|  0%| F|  |TAMS 0x0000000747800000| PB 0x0000000747800000| Untracked |  0
|  19|0x0000000747a00000, 0x0000000747a00000, 0x0000000747c00000|  0%| F|  |TAMS 0x0000000747a00000| PB 0x0000000747a00000| Untracked |  0
|  20|0x0000000747c00000, 0x0000000747c00000, 0x0000000747e00000|  0%| F|  |TAMS 0x0000000747c00000| PB 0x0000000747c00000| Untracked |  0
|  21|0x0000000747e00000, 0x0000000747e00000, 0x0000000748000000|  0%| F|  |TAMS 0x0000000747e00000| PB 0x0000000747e00000| Untracked |  0
|  22|0x0000000748000000, 0x0000000748000000, 0x0000000748200000|  0%| F|  |TAMS 0x0000000748000000| PB 0x0000000748000000| Untracked |  0
|  23|0x0000000748200000, 0x0000000748200000, 0x0000000748400000|  0%| F|  |TAMS 0x0000000748200000| PB 0x0000000748200000| Untracked |  0
|  24|0x0000000748400000, 0x0000000748400000, 0x0000000748600000|  0%| F|  |TAMS 0x0000000748400000| PB 0x0000000748400000| Untracked |  0
|  25|0x0000000748600000, 0x0000000748600000, 0x0000000748800000|  0%| F|  |TAMS 0x0000000748600000| PB 0x0000000748600000| Untracked |  0
|  26|0x0000000748800000, 0x0000000748800000, 0x0000000748a00000|  0%| F|  |TAMS 0x0000000748800000| PB 0x0000000748800000| Untracked |  0
|  27|0x0000000748a00000, 0x0000000748a00000, 0x0000000748c00000|  0%| F|  |TAMS 0x0000000748a00000| PB 0x0000000748a00000| Untracked |  0
|  28|0x0000000748c00000, 0x0000000748c00000, 0x0000000748e00000|  0%| F|  |TAMS 0x0000000748c00000| PB 0x0000000748c00000| Untracked |  0
|  29|0x0000000748e00000, 0x0000000748e00000, 0x0000000749000000|  0%| F|  |TAMS 0x0000000748e00000| PB 0x0000000748e00000| Untracked |  0
|  30|0x0000000749000000, 0x0000000749000000, 0x0000000749200000|  0%| F|  |TAMS 0x0000000749000000| PB 0x0000000749000000| Untracked |  0
|  31|0x0000000749200000, 0x0000000749200000, 0x0000000749400000|  0%| F|  |TAMS 0x0000000749200000| PB 0x0000000749200000| Untracked |  0
|  32|0x0000000749400000, 0x0000000749400000, 0x0000000749600000|  0%| F|  |TAMS 0x0000000749400000| PB 0x0000000749400000| Untracked |  0
|  33|0x0000000749600000, 0x0000000749600000, 0x0000000749800000|  0%| F|  |TAMS 0x0000000749600000| PB 0x0000000749600000| Untracked |  0
|  34|0x0000000749800000, 0x0000000749800000, 0x0000000749a00000|  0%| F|  |TAMS 0x0000000749800000| PB 0x0000000749800000| Untracked |  0
|  35|0x0000000749a00000, 0x0000000749a00000, 0x0000000749c00000|  0%| F|  |TAMS 0x0000000749a00000| PB 0x0000000749a00000| Untracked |  0
|  36|0x0000000749c00000, 0x0000000749c00000, 0x0000000749e00000|  0%| F|  |TAMS 0x0000000749c00000| PB 0x0000000749c00000| Untracked |  0
|  37|0x0000000749e00000, 0x0000000749e00000, 0x000000074a000000|  0%| F|  |TAMS 0x0000000749e00000| PB 0x0000000749e00000| Untracked |  0
|  38|0x000000074a000000, 0x000000074a000000, 0x000000074a200000|  0%| F|  |TAMS 0x000000074a000000| PB 0x000000074a000000| Untracked |  0
|  39|0x000000074a200000, 0x000000074a200000, 0x000000074a400000|  0%| F|  |TAMS 0x000000074a200000| PB 0x000000074a200000| Untracked |  0
|  40|0x000000074a400000, 0x000000074a400000, 0x000000074a600000|  0%| F|  |TAMS 0x000000074a400000| PB 0x000000074a400000| Untracked |  0
|  41|0x000000074a600000, 0x000000074a600000, 0x000000074a800000|  0%| F|  |TAMS 0x000000074a600000| PB 0x000000074a600000| Untracked |  0
|  42|0x000000074a800000, 0x000000074a800000, 0x000000074aa00000|  0%| F|  |TAMS 0x000000074a800000| PB 0x000000074a800000| Untracked |  0
|  43|0x000000074aa00000, 0x000000074aa00000, 0x000000074ac00000|  0%| F|  |TAMS 0x000000074aa00000| PB 0x000000074aa00000| Untracked |  0
|  44|0x000000074ac00000, 0x000000074ac00000, 0x000000074ae00000|  0%| F|  |TAMS 0x000000074ac00000| PB 0x000000074ac00000| Untracked |  0
|  45|0x000000074ae00000, 0x000000074ae00000, 0x000000074b000000|  0%| F|  |TAMS 0x000000074ae00000| PB 0x000000074ae00000| Untracked |  0
|  46|0x000000074b000000, 0x000000074b000000, 0x000000074b200000|  0%| F|  |TAMS 0x000000074b000000| PB 0x000000074b000000| Untracked |  0
|  47|0x000000074b200000, 0x000000074b200000, 0x000000074b400000|  0%| F|  |TAMS 0x000000074b200000| PB 0x000000074b200000| Untracked |  0
|  48|0x000000074b400000, 0x000000074b400000, 0x000000074b600000|  0%| F|  |TAMS 0x000000074b400000| PB 0x000000074b400000| Untracked |  0
|  49|0x000000074b600000, 0x000000074b600000, 0x000000074b800000|  0%| F|  |TAMS 0x000000074b600000| PB 0x000000074b600000| Untracked |  0
|  50|0x000000074b800000, 0x000000074b800000, 0x000000074ba00000|  0%| F|  |TAMS 0x000000074b800000| PB 0x000000074b800000| Untracked |  0
|  51|0x000000074ba00000, 0x000000074ba00000, 0x000000074bc00000|  0%| F|  |TAMS 0x000000074ba00000| PB 0x000000074ba00000| Untracked |  0
|  52|0x000000074bc00000, 0x000000074bc00000, 0x000000074be00000|  0%| F|  |TAMS 0x000000074bc00000| PB 0x000000074bc00000| Untracked |  0
|  53|0x000000074be00000, 0x000000074be00000, 0x000000074c000000|  0%| F|  |TAMS 0x000000074be00000| PB 0x000000074be00000| Untracked |  0
|  54|0x000000074c000000, 0x000000074c000000, 0x000000074c200000|  0%| F|  |TAMS 0x000000074c000000| PB 0x000000074c000000| Untracked |  0
|  55|0x000000074c200000, 0x000000074c200000, 0x000000074c400000|  0%| F|  |TAMS 0x000000074c200000| PB 0x000000074c200000| Untracked |  0
|  56|0x000000074c400000, 0x000000074c400000, 0x000000074c600000|  0%| F|  |TAMS 0x000000074c400000| PB 0x000000074c400000| Untracked |  0
|  57|0x000000074c600000, 0x000000074c600000, 0x000000074c800000|  0%| F|  |TAMS 0x000000074c600000| PB 0x000000074c600000| Untracked |  0
|  58|0x000000074c800000, 0x000000074c800000, 0x000000074ca00000|  0%| F|  |TAMS 0x000000074c800000| PB 0x000000074c800000| Untracked |  0
|  59|0x000000074ca00000, 0x000000074ca00000, 0x000000074cc00000|  0%| F|  |TAMS 0x000000074ca00000| PB 0x000000074ca00000| Untracked |  0
|  60|0x000000074cc00000, 0x000000074cc00000, 0x000000074ce00000|  0%| F|  |TAMS 0x000000074cc00000| PB 0x000000074cc00000| Untracked |  0
|  61|0x000000074ce00000, 0x000000074ce00000, 0x000000074d000000|  0%| F|  |TAMS 0x000000074ce00000| PB 0x000000074ce00000| Untracked |  0
|  62|0x000000074d000000, 0x000000074d000000, 0x000000074d200000|  0%| F|  |TAMS 0x000000074d000000| PB 0x000000074d000000| Untracked |  0
|  63|0x000000074d200000, 0x000000074d200000, 0x000000074d400000|  0%| F|  |TAMS 0x000000074d200000| PB 0x000000074d200000| Untracked |  0
|  64|0x000000074d400000, 0x000000074d400000, 0x000000074d600000|  0%| F|  |TAMS 0x000000074d400000| PB 0x000000074d400000| Untracked |  0
|  65|0x000000074d600000, 0x000000074d600000, 0x000000074d800000|  0%| F|  |TAMS 0x000000074d600000| PB 0x000000074d600000| Untracked |  0
|  66|0x000000074d800000, 0x000000074d800000, 0x000000074da00000|  0%| F|  |TAMS 0x000000074d800000| PB 0x000000074d800000| Untracked |  0
|  67|0x000000074da00000, 0x000000074da00000, 0x000000074dc00000|  0%| F|  |TAMS 0x000000074da00000| PB 0x000000074da00000| Untracked |  0
|  68|0x000000074dc00000, 0x000000074dc00000, 0x000000074de00000|  0%| F|  |TAMS 0x000000074dc00000| PB 0x000000074dc00000| Untracked |  0
|  69|0x000000074de00000, 0x000000074de00000, 0x000000074e000000|  0%| F|  |TAMS 0x000000074de00000| PB 0x000000074de00000| Untracked |  0
|  70|0x000000074e000000, 0x000000074e000000, 0x000000074e200000|  0%| F|  |TAMS 0x000000074e000000| PB 0x000000074e000000| Untracked |  0
|  71|0x000000074e200000, 0x000000074e200000, 0x000000074e400000|  0%| F|  |TAMS 0x000000074e200000| PB 0x000000074e200000| Untracked |  0
|  72|0x000000074e400000, 0x000000074e400000, 0x000000074e600000|  0%| F|  |TAMS 0x000000074e400000| PB 0x000000074e400000| Untracked |  0
|  73|0x000000074e600000, 0x000000074e600000, 0x000000074e800000|  0%| F|  |TAMS 0x000000074e600000| PB 0x000000074e600000| Untracked |  0
|  74|0x000000074e800000, 0x000000074e800000, 0x000000074ea00000|  0%| F|  |TAMS 0x000000074e800000| PB 0x000000074e800000| Untracked |  0
|  75|0x000000074ea00000, 0x000000074ea00000, 0x000000074ec00000|  0%| F|  |TAMS 0x000000074ea00000| PB 0x000000074ea00000| Untracked |  0
|  76|0x000000074ec00000, 0x000000074ec00000, 0x000000074ee00000|  0%| F|  |TAMS 0x000000074ec00000| PB 0x000000074ec00000| Untracked |  0
|  77|0x000000074ee00000, 0x000000074ee00000, 0x000000074f000000|  0%| F|  |TAMS 0x000000074ee00000| PB 0x000000074ee00000| Untracked |  0
|  78|0x000000074f000000, 0x000000074f000000, 0x000000074f200000|  0%| F|  |TAMS 0x000000074f000000| PB 0x000000074f000000| Untracked |  0
|  79|0x000000074f200000, 0x000000074f200000, 0x000000074f400000|  0%| F|  |TAMS 0x000000074f200000| PB 0x000000074f200000| Untracked |  0
|  80|0x000000074f400000, 0x000000074f400000, 0x000000074f600000|  0%| F|  |TAMS 0x000000074f400000| PB 0x000000074f400000| Untracked |  0
|  81|0x000000074f600000, 0x000000074f600000, 0x000000074f800000|  0%| F|  |TAMS 0x000000074f600000| PB 0x000000074f600000| Untracked |  0
|  82|0x000000074f800000, 0x000000074f800000, 0x000000074fa00000|  0%| F|  |TAMS 0x000000074f800000| PB 0x000000074f800000| Untracked |  0
|  83|0x000000074fa00000, 0x000000074fa00000, 0x000000074fc00000|  0%| F|  |TAMS 0x000000074fa00000| PB 0x000000074fa00000| Untracked |  0
|  84|0x000000074fc00000, 0x000000074fc00000, 0x000000074fe00000|  0%| F|  |TAMS 0x000000074fc00000| PB 0x000000074fc00000| Untracked |  0
|  85|0x000000074fe00000, 0x000000074fe00000, 0x0000000750000000|  0%| F|  |TAMS 0x000000074fe00000| PB 0x000000074fe00000| Untracked |  0
|  86|0x0000000750000000, 0x0000000750000000, 0x0000000750200000|  0%| F|  |TAMS 0x0000000750000000| PB 0x0000000750000000| Untracked |  0
|  87|0x0000000750200000, 0x00000007502275e8, 0x0000000750400000|  7%| E|  |TAMS 0x0000000750200000| PB 0x0000000750200000| Complete |  0
|  88|0x0000000750400000, 0x0000000750600000, 0x0000000750600000|100%| S|CS|TAMS 0x0000000750400000| PB 0x0000000750400000| Complete |  0
|  89|0x0000000750600000, 0x0000000750800000, 0x0000000750800000|100%| E|CS|TAMS 0x0000000750600000| PB 0x0000000750600000| Complete |  0
|  90|0x0000000750800000, 0x0000000750a00000, 0x0000000750a00000|100%| E|CS|TAMS 0x0000000750800000| PB 0x0000000750800000| Complete |  0
|  91|0x0000000750a00000, 0x0000000750c00000, 0x0000000750c00000|100%| E|CS|TAMS 0x0000000750a00000| PB 0x0000000750a00000| Complete |  0
|  92|0x0000000750c00000, 0x0000000750e00000, 0x0000000750e00000|100%| E|CS|TAMS 0x0000000750c00000| PB 0x0000000750c00000| Complete |  0
|  93|0x0000000750e00000, 0x0000000751000000, 0x0000000751000000|100%| E|CS|TAMS 0x0000000750e00000| PB 0x0000000750e00000| Complete |  0

Card table byte_map: [0x00000164e55e0000,0x00000164e5bc0000] _byte_map_base: 0x00000164e1bb6000

Marking Bits: (CMBitMap*) 0x00000164cd917060
 Bits: [0x00000164e5bc0000, 0x00000164e8a70000)

Polling page: 0x00000164cb8d0000

Metaspace:

Usage:
  Non-class:     17.08 MB used.
      Class:      2.17 MB used.
       Both:     19.24 MB used.

Virtual space:
  Non-class space:       64.00 MB reserved,      17.19 MB ( 27%) committed,  1 nodes.
      Class space:        1.00 GB reserved,       2.25 MB ( <1%) committed,  1 nodes.
             Both:        1.06 GB reserved,      19.44 MB (  2%) committed. 

Chunk freelists:
   Non-Class:  14.31 MB
       Class:  13.63 MB
        Both:  27.94 MB

MaxMetaspaceSize: unlimited
CompressedClassSpaceSize: 1.00 GB
Initial GC threshold: 21.00 MB
Current GC threshold: 21.00 MB
CDS: on
 - commit_granule_bytes: 65536.
 - commit_granule_words: 8192.
 - virtual_space_node_default_size: 8388608.
 - enlarge_chunks_in_place: 1.
 - use_allocation_guard: 0.


Internal statistics:

num_allocs_failed_limit: 0.
num_arena_births: 236.
num_arena_deaths: 0.
num_vsnodes_births: 2.
num_vsnodes_deaths: 0.
num_space_committed: 311.
num_space_uncommitted: 0.
num_chunks_returned_to_freelist: 0.
num_chunks_taken_from_freelist: 449.
num_chunk_merges: 0.
num_chunk_splits: 278.
num_chunks_enlarged: 152.
num_inconsistent_stats: 0.

CodeHeap 'non-profiled nmethods': size=120064Kb used=794Kb max_used=794Kb free=119270Kb
 bounds [0x00000164ddac0000, 0x00000164ddd30000, 0x00000164e5000000]
CodeHeap 'profiled nmethods': size=120000Kb used=3366Kb max_used=3366Kb free=116633Kb
 bounds [0x00000164d6000000, 0x00000164d6350000, 0x00000164dd530000]
CodeHeap 'non-nmethods': size=5696Kb used=1758Kb max_used=1790Kb free=3937Kb
 bounds [0x00000164dd530000, 0x00000164dd7a0000, 0x00000164ddac0000]
CodeCache: size=245760Kb, used=5918Kb, max_used=5950Kb, free=239840Kb
 total_blobs=3267, nmethods=2465, adapters=707, full_count=0
Compilation: enabled, stopped_count=0, restarted_count=0

Compilation events (20 events):
Event: 70.059 Thread 0x00000164eaf1c120 nmethod 2457 0x00000164d6347208 code [0x00000164d6347340, 0x00000164d6347550]
Event: 70.059 Thread 0x00000164eaf1c120 2458       3       sun.swing.SwingUtilities2::getFontMetrics (19 bytes)
Event: 70.059 Thread 0x00000164eaf1c120 nmethod 2458 0x00000164d6347588 code [0x00000164d63476c0, 0x00000164d6347858]
Event: 70.059 Thread 0x00000164eaf1c120 2459       3       sun.swing.SwingUtilities2::getFRCProperty (38 bytes)
Event: 70.059 Thread 0x00000164eaf1c120 nmethod 2459 0x00000164d6347888 code [0x00000164d63479e0, 0x00000164d6347dd0]
Event: 70.059 Thread 0x00000164eaf1c120 2460       3       sun.swing.SwingUtilities2::getFRCFromCache (128 bytes)
Event: 70.060 Thread 0x00000164eaf1c120 nmethod 2460 0x00000164d6347e08 code [0x00000164d6348000, 0x00000164d6348b80]
Event: 70.060 Thread 0x00000164eaf1c120 2463       3       sun.swing.SwingUtilities2$KeyPair::equals (48 bytes)
Event: 70.061 Thread 0x00000164eaf1c120 nmethod 2463 0x00000164d6348c08 code [0x00000164d6348d60, 0x00000164d63492a8]
Event: 70.061 Thread 0x00000164eaf1c120 2461       3       sun.swing.SwingUtilities2$KeyPair::<init> (15 bytes)
Event: 70.061 Thread 0x00000164eaf1c120 nmethod 2461 0x00000164d6349308 code [0x00000164d6349420, 0x00000164d6349650]
Event: 70.061 Thread 0x00000164eaf1c120 2462       3       sun.swing.SwingUtilities2$KeyPair::hashCode (19 bytes)
Event: 70.061 Thread 0x00000164eaf1c120 nmethod 2462 0x00000164d6349688 code [0x00000164d63497c0, 0x00000164d6349a88]
Event: 70.062 Thread 0x00000164eaf1a9c0 nmethod 2444 0x00000164ddb84908 code [0x00000164ddb84a40, 0x00000164ddb84f20]
Event: 70.062 Thread 0x00000164eaf1a9c0 2442       4       jdk.internal.misc.Unsafe::getByte (7 bytes)
Event: 70.062 Thread 0x00000164eaf1a9c0 nmethod 2442 0x00000164ddb84f88 code [0x00000164ddb85080, 0x00000164ddb85100]
Event: 70.062 Thread 0x00000164eaf1a9c0 2438       4       java.util.Arrays::fill (28 bytes)
Event: 70.069 Thread 0x00000164eaf1a9c0 nmethod 2438 0x00000164ddb85288 code [0x00000164ddb853a0, 0x00000164ddb85610]
Event: 70.072 Thread 0x00000164eaf1a9c0 2464       4       java.util.HashMap::putVal (300 bytes)
Event: 70.087 Thread 0x00000164eaf1a9c0 nmethod 2464 0x00000164ddb85688 code [0x00000164ddb85840, 0x00000164ddb86400]

GC Heap History (4 events):
Event: 0.754 GC heap before
{Heap before GC invocations=0 (full 0):
 garbage-first heap   total reserved 3059712K, committed 192512K, used 12288K [0x0000000745400000, 0x0000000800000000)
  region size 2048K, 7 young (14336K), 0 survivors (0K)
 Metaspace       used 9247K, committed 9472K, reserved 1114112K
  class space    used 1048K, committed 1152K, reserved 1048576K
}
Event: 0.759 GC heap after
{Heap after GC invocations=1 (full 0):
 garbage-first heap   total reserved 3059712K, committed 192512K, used 6816K [0x0000000745400000, 0x0000000800000000)
  region size 2048K, 1 young (2048K), 1 survivors (2048K)
 Metaspace       used 9247K, committed 9472K, reserved 1114112K
  class space    used 1048K, committed 1152K, reserved 1048576K
}
Event: 1.103 GC heap before
{Heap before GC invocations=1 (full 0):
 garbage-first heap   total reserved 3059712K, committed 192512K, used 21152K [0x0000000745400000, 0x0000000800000000)
  region size 2048K, 6 young (12288K), 1 survivors (2048K)
 Metaspace       used 14010K, committed 14400K, reserved 1114112K
  class space    used 1538K, committed 1728K, reserved 1048576K
}
Event: 1.107 GC heap after
{Heap after GC invocations=2 (full 0):
 garbage-first heap   total reserved 3059712K, committed 192512K, used 14198K [0x0000000745400000, 0x0000000800000000)
  region size 2048K, 1 young (2048K), 1 survivors (2048K)
 Metaspace       used 14010K, committed 14400K, reserved 1114112K
  class space    used 1538K, committed 1728K, reserved 1048576K
}

Dll operation events (11 events):
Event: 0.010 Loaded shared library C:\Program Files\Java\jdk-23\bin\java.dll
Event: 0.043 Loaded shared library C:\Program Files\Java\jdk-23\bin\jsvml.dll
Event: 0.083 Loaded shared library C:\Program Files\Java\jdk-23\bin\net.dll
Event: 0.084 Loaded shared library C:\Program Files\Java\jdk-23\bin\nio.dll
Event: 0.089 Loaded shared library C:\Program Files\Java\jdk-23\bin\zip.dll
Event: 0.148 Loaded shared library C:\Program Files\Java\jdk-23\bin\extnet.dll
Event: 0.163 Loaded shared library C:\Program Files\Java\jdk-23\bin\jimage.dll
Event: 0.185 Loaded shared library C:\Program Files\Java\jdk-23\bin\awt.dll
Event: 0.390 Loaded shared library C:\Program Files\Java\jdk-23\bin\freetype.dll
Event: 0.391 Loaded shared library C:\Program Files\Java\jdk-23\bin\fontmanager.dll
Event: 1.240 Loaded shared library C:\Program Files\Java\jdk-23\bin\sunmscapi.dll

Deoptimization events (20 events):
Event: 1.401 Thread 0x00000164cb6706a0 Uncommon trap: trap_request=0xffffff45 fr.pc=0x00000164ddb24738 relative=0x0000000000000198
Event: 1.401 Thread 0x00000164cb6706a0 Uncommon trap: reason=unstable_if action=reinterpret pc=0x00000164ddb24738 method=java.util.concurrent.locks.ReentrantLock$NonfairSync.initialTryLock()Z @ 25 c2
Event: 1.401 Thread 0x00000164cb6706a0 DEOPT PACKING pc=0x00000164ddb24738 sp=0x000000576eafe120
Event: 1.401 Thread 0x00000164cb6706a0 DEOPT UNPACKING pc=0x00000164dd584402 sp=0x000000576eafe008 mode 2
Event: 1.401 Thread 0x00000164cb6706a0 Uncommon trap: trap_request=0xffffff45 fr.pc=0x00000164ddb2434c relative=0x000000000000012c
Event: 1.401 Thread 0x00000164cb6706a0 Uncommon trap: reason=unstable_if action=reinterpret pc=0x00000164ddb2434c method=java.util.concurrent.locks.ReentrantLock$Sync.tryRelease(I)Z @ 26 c2
Event: 1.401 Thread 0x00000164cb6706a0 DEOPT PACKING pc=0x00000164ddb2434c sp=0x000000576eafe120
Event: 1.401 Thread 0x00000164cb6706a0 DEOPT UNPACKING pc=0x00000164dd584402 sp=0x000000576eafe000 mode 2
Event: 1.497 Thread 0x00000164cb6706a0 Uncommon trap: trap_request=0xffffff45 fr.pc=0x00000164ddac7030 relative=0x0000000000000130
Event: 1.497 Thread 0x00000164cb6706a0 Uncommon trap: reason=unstable_if action=reinterpret pc=0x00000164ddac7030 method=java.lang.StringCoding.countPositives([BII)I @ 17 c2
Event: 1.497 Thread 0x00000164cb6706a0 DEOPT PACKING pc=0x00000164ddac7030 sp=0x000000576eafe850
Event: 1.497 Thread 0x00000164cb6706a0 DEOPT UNPACKING pc=0x00000164dd584402 sp=0x000000576eafe7d8 mode 2
Event: 1.607 Thread 0x00000164cb6706a0 DEOPT PACKING pc=0x00000164d62f6c41 sp=0x000000576eafdbf0
Event: 1.607 Thread 0x00000164cb6706a0 DEOPT UNPACKING pc=0x00000164dd584b22 sp=0x000000576eafd060 mode 0
Event: 1.663 Thread 0x00000164cb6706a0 Uncommon trap: trap_request=0xffffff45 fr.pc=0x00000164ddb25900 relative=0x00000000000000e0
Event: 1.663 Thread 0x00000164cb6706a0 Uncommon trap: reason=unstable_if action=reinterpret pc=0x00000164ddb25900 method=java.lang.String.getBytes([BIB)V @ 5 c2
Event: 1.663 Thread 0x00000164cb6706a0 DEOPT PACKING pc=0x00000164ddb25900 sp=0x000000576eafefc0
Event: 1.663 Thread 0x00000164cb6706a0 DEOPT UNPACKING pc=0x00000164dd584402 sp=0x000000576eafef68 mode 2
Event: 1.735 Thread 0x00000164cb6706a0 DEOPT PACKING pc=0x00000164d62f6c41 sp=0x000000576eaff100
Event: 1.735 Thread 0x00000164cb6706a0 DEOPT UNPACKING pc=0x00000164dd584b22 sp=0x000000576eafe570 mode 0

Classes loaded (20 events):
Event: 1.908 Loading class sun/net/www/http/KeepAliveStreamCleaner$2
Event: 1.909 Loading class sun/net/www/http/KeepAliveStreamCleaner$2 done
Event: 1.909 Loading class sun/net/www/protocol/http/HttpURLConnection$HttpInputStream
Event: 1.909 Loading class sun/net/www/protocol/http/HttpURLConnection$HttpInputStream done
Event: 1.910 Loading class sun/net/www/http/KeepAliveCache$1
Event: 1.910 Loading class sun/net/www/http/KeepAliveCache$1 done
Event: 1.911 Loading class sun/net/www/http/KeepAliveCache$ClientVector
Event: 1.911 Loading class sun/net/www/http/KeepAliveCache$ClientVector done
Event: 1.912 Loading class jdk/internal/event/ThreadSleepEvent
Event: 1.912 Loading class jdk/internal/event/ThreadSleepEvent done
Event: 1.913 Loading class sun/net/www/http/KeepAliveEntry
Event: 1.913 Loading class sun/net/www/http/KeepAliveEntry done
Event: 1.918 Loading class sun/security/ssl/Alert
Event: 1.919 Loading class sun/security/ssl/Alert done
Event: 1.920 Loading class sun/security/ssl/Alert$AlertConsumer
Event: 1.920 Loading class sun/security/ssl/Alert$AlertConsumer done
Event: 1.920 Loading class sun/security/ssl/Alert$Level
Event: 1.920 Loading class sun/security/ssl/Alert$Level done
Event: 2.206 Loading class java/awt/LightweightDispatcher$2
Event: 2.206 Loading class java/awt/LightweightDispatcher$2 done

Classes unloaded (0 events):
No events

Classes redefined (0 events):
No events

Internal exceptions (20 events):
Event: 0.202 Thread 0x00000164cb6706a0 Exception <a 'java/io/FileNotFoundException'{0x0000000750aab7c8}> (0x0000000750aab7c8) 
thrown [s\open\src\hotspot\share\prims\jni.cpp, line 520]
Event: 0.301 Thread 0x00000164cb6706a0 Exception <a 'java/lang/NoSuchMethodError'{0x0000000750bd6980}: 'void java.lang.invoke.DirectMethodHandle$Holder.invokeSpecial(java.lang.Object, java.lang.Object, java.lang.Object)'> (0x0000000750bd6980) 
thrown [s\open\src\hotspot\share\interpreter\linkResolver.cpp, line 796]
Event: 0.317 Thread 0x00000164cb6706a0 Exception <a 'java/lang/NoSuchMethodError'{0x0000000750826688}: 'java.lang.Object java.lang.invoke.DirectMethodHandle$Holder.invokeStatic(java.lang.Object, int, java.lang.Object)'> (0x0000000750826688) 
thrown [s\open\src\hotspot\share\interpreter\linkResolver.cpp, line 796]
Event: 0.340 Thread 0x00000164cb6706a0 Exception <a 'java/lang/ClassNotFoundException'{0x00000007508c9098}: com/sun/swing/internal/plaf/metal/resources/spi/metalProvider> (0x00000007508c9098) 
thrown [s\open\src\hotspot\share\classfile\systemDictionary.cpp, line 313]
Event: 0.341 Thread 0x00000164cb6706a0 Exception <a 'java/lang/ClassNotFoundException'{0x00000007508cd058}: com/sun/swing/internal/plaf/basic/resources/spi/basicProvider> (0x00000007508cd058) 
thrown [s\open\src\hotspot\share\classfile\systemDictionary.cpp, line 313]
Event: 0.352 Thread 0x00000164cb6706a0 Exception <a 'java/lang/NoSuchMethodError'{0x00000007508ed228}: 'int java.lang.invoke.Invokers$Holder.invokeExact_MT(java.lang.Object, java.lang.Object)'> (0x00000007508ed228) 
thrown [s\open\src\hotspot\share\interpreter\linkResolver.cpp, line 796]
Event: 0.357 Thread 0x00000164cb6706a0 Exception <a 'java/lang/NoSuchMethodError'{0x00000007508f8260}: 'void java.lang.invoke.DirectMethodHandle$Holder.invokeStaticInit(java.lang.Object)'> (0x00000007508f8260) 
thrown [s\open\src\hotspot\share\interpreter\linkResolver.cpp, line 796]
Event: 0.375 Thread 0x00000164cb6706a0 Exception <a 'java/lang/ClassNotFoundException'{0x00000007509535d8}: com/sun/java/swing/plaf/windows/resources/spi/windowsProvider> (0x00000007509535d8) 
thrown [s\open\src\hotspot\share\classfile\systemDictionary.cpp, line 313]
Event: 0.380 Thread 0x00000164cb6706a0 Exception <a 'java/lang/NoSuchMethodError'{0x000000075095d518}: 'java.lang.Object java.lang.invoke.DirectMethodHandle$Holder.invokeStatic(java.lang.Object, java.lang.Object, int, java.lang.Object)'> (0x000000075095d518) 
thrown [s\open\src\hotspot\share\interpreter\linkResolver.cpp, line 796]
Event: 0.381 Thread 0x00000164cb6706a0 Exception <a 'java/lang/NoSuchMethodError'{0x00000007509637c8}: 'java.lang.Object java.lang.invoke.DirectMethodHandle$Holder.newInvokeSpecial(java.lang.Object, java.lang.Object, int)'> (0x00000007509637c8) 
thrown [s\open\src\hotspot\share\interpreter\linkResolver.cpp, line 796]
Event: 0.444 Thread 0x00000164c55eeae0 Exception <a 'java/lang/NoSuchMethodError'{0x0000000750b7d228}: 'void java.lang.invoke.DirectMethodHandle$Holder.invokeVirtual(java.lang.Object, java.lang.Object)'> (0x0000000750b7d228) 
thrown [s\open\src\hotspot\share\interpreter\linkResolver.cpp, line 796]
Event: 0.579 Thread 0x00000164c58e4bd0 Exception <a 'java/lang/NoSuchMethodError'{0x0000000750438448}: 'java.lang.Object java.lang.invoke.DirectMethodHandle$Holder.newInvokeSpecial(java.lang.Object, java.lang.Object, java.lang.Object, int, int, int, int, int)'> (0x0000000750438448) 
thrown [s\open\src\hotspot\share\interpreter\linkResolver.cpp, line 796]
Event: 0.859 Thread 0x00000164cb6706a0 Exception <a 'java/lang/NoSuchMethodError'{0x0000000750fcbe38}: 'java.lang.Object java.lang.invoke.DirectMethodHandle$Holder.invokeInterface(java.lang.Object, java.lang.Object)'> (0x0000000750fcbe38) 
thrown [s\open\src\hotspot\share\interpreter\linkResolver.cpp, line 796]
Event: 0.881 Thread 0x00000164cb6706a0 Exception <a 'java/lang/NoSuchMethodError'{0x0000000750cc9c98}: 'java.lang.Object java.lang.invoke.DirectMethodHandle$Holder.invokeVirtual(java.lang.Object, java.lang.Object, java.lang.Object)'> (0x0000000750cc9c98) 
thrown [s\open\src\hotspot\share\interpreter\linkResolver.cpp, line 796]
Event: 1.161 Thread 0x00000164cb6706a0 Exception <a 'sun/nio/fs/WindowsException'{0x0000000750a568f8}> (0x0000000750a568f8) 
thrown [s\open\src\hotspot\share\prims\jni.cpp, line 520]
Event: 1.194 Thread 0x00000164cb6706a0 Exception <a 'java/lang/NoSuchMethodError'{0x0000000750afdd20}: 'java.lang.Object java.lang.invoke.DirectMethodHandle$Holder.invokeStaticInit(java.lang.Object, int, int, int, int)'> (0x0000000750afdd20) 
thrown [s\open\src\hotspot\share\interpreter\linkResolver.cpp, line 796]
Event: 1.217 Thread 0x00000164cb6706a0 Exception <a 'java/lang/NoSuchMethodError'{0x0000000750bc04d0}: 'java.lang.Object java.lang.invoke.DirectMethodHandle$Holder.invokeStaticInit(java.lang.Object, java.lang.Object, int, int, int, int)'> (0x0000000750bc04d0) 
thrown [s\open\src\hotspot\share\interpreter\linkResolver.cpp, line 796]
Event: 1.656 Thread 0x00000164cb6706a0 Exception <a 'java/lang/NoSuchMethodError'{0x0000000750718cf8}: 'int java.lang.invoke.DirectMethodHandle$Holder.invokeSpecial(java.lang.Object, java.lang.Object, java.lang.Object)'> (0x0000000750718cf8) 
thrown [s\open\src\hotspot\share\interpreter\linkResolver.cpp, line 796]
Event: 1.657 Thread 0x00000164cb6706a0 Exception <a 'java/lang/NoSuchMethodError'{0x0000000750722fe8}: 'void java.lang.invoke.DelegatingMethodHandle$Holder.reinvoke_L(java.lang.Object, java.lang.Object, int)'> (0x0000000750722fe8) 
thrown [s\open\src\hotspot\share\interpreter\linkResolver.cpp, line 796]
Event: 1.658 Thread 0x00000164cb6706a0 Exception <a 'java/lang/NoSuchMethodError'{0x0000000750729d68}: 'int java.lang.invoke.Invokers$Holder.invokeExact_MT(java.lang.Object, java.lang.Object, java.lang.Object)'> (0x0000000750729d68) 
thrown [s\open\src\hotspot\share\interpreter\linkResolver.cpp, line 796]

VM Operations (20 events):
Event: 0.882 Executing VM operation: HandshakeAllThreads (Deoptimize)
Event: 0.890 Executing VM operation: HandshakeAllThreads (Deoptimize) done
Event: 1.013 Executing VM operation: HandshakeAllThreads (Deoptimize)
Event: 1.014 Executing VM operation: HandshakeAllThreads (Deoptimize) done
Event: 1.095 Executing VM operation: HandshakeAllThreads (Deoptimize)
Event: 1.095 Executing VM operation: HandshakeAllThreads (Deoptimize) done
Event: 1.103 Executing VM operation: G1CollectForAllocation (G1 Evacuation Pause)
Event: 1.107 Executing VM operation: G1CollectForAllocation (G1 Evacuation Pause) done
Event: 1.167 Executing VM operation: HandshakeAllThreads (Deoptimize)
Event: 1.168 Executing VM operation: HandshakeAllThreads (Deoptimize) done
Event: 1.258 Executing VM operation: HandshakeAllThreads (Deoptimize)
Event: 1.258 Executing VM operation: HandshakeAllThreads (Deoptimize) done
Event: 1.317 Executing VM operation: HandshakeAllThreads (Deoptimize)
Event: 1.317 Executing VM operation: HandshakeAllThreads (Deoptimize) done
Event: 1.912 Executing VM operation: HandshakeAllThreads (Deoptimize)
Event: 1.912 Executing VM operation: HandshakeAllThreads (Deoptimize) done
Event: 60.167 Executing VM operation: HandshakeAllThreads (HandshakeForDeflation)
Event: 60.167 Executing VM operation: HandshakeAllThreads (HandshakeForDeflation) done
Event: 60.168 Executing VM operation: RendezvousGCThreads
Event: 60.168 Executing VM operation: RendezvousGCThreads done

Memory protections (0 events):
No events

Nmethod flushes (0 events):
No events

Events (20 events):
Event: 0.040 Thread 0x00000164cb6706a0 Thread added: 0x00000164eaf12560
Event: 0.040 Thread 0x00000164cb6706a0 Thread added: 0x00000164eaf179b0
Event: 0.040 Thread 0x00000164cb6706a0 Thread added: 0x00000164eaf18410
Event: 0.040 Thread 0x00000164cb6706a0 Thread added: 0x00000164eaf18e70
Event: 0.041 Thread 0x00000164cb6706a0 Thread added: 0x00000164eaf19c30
Event: 0.041 Thread 0x00000164cb6706a0 Thread added: 0x00000164eaf1a9c0
Event: 0.041 Thread 0x00000164cb6706a0 Thread added: 0x00000164eaf1c120
Event: 0.078 Thread 0x00000164cb6706a0 Thread added: 0x00000164c50c49c0
Event: 0.080 Thread 0x00000164cb6706a0 Thread added: 0x00000164c50cde40
Event: 0.255 Thread 0x00000164cb6706a0 Thread added: 0x00000164c55cd5d0
Event: 0.257 Thread 0x00000164cb6706a0 Thread added: 0x00000164c55e87c0
Event: 0.258 Thread 0x00000164cb6706a0 Thread added: 0x00000164c55eeae0
Event: 0.435 Thread 0x00000164cb6706a0 Thread added: 0x00000164c576a1e0
Event: 0.513 Thread 0x00000164cb6706a0 Thread added: 0x00000164c58e4bd0
Event: 0.631 Thread 0x00000164eaf1c120 Thread added: 0x00000164c5ca21e0
Event: 0.811 Thread 0x00000164cb6706a0 Thread added: 0x00000164c5d57a30
Event: 1.599 Thread 0x00000164c5ca21e0 Thread exited: 0x00000164c5ca21e0
Event: 1.911 Thread 0x00000164cb6706a0 Thread added: 0x00000164c5d6caf0
Event: 5.690 Thread 0x00000164c58e4bd0 Thread exited: 0x00000164c58e4bd0
Event: 11.935 Thread 0x00000164c5d6caf0 Thread exited: 0x00000164c5d6caf0


Dynamic libraries:
0x00007ff754540000 - 0x00007ff754550000 	C:\Program Files\Java\jdk-23\bin\java.exe
0x00007ff980c30000 - 0x00007ff980e28000 	C:\WINDOWS\SYSTEM32\ntdll.dll
0x00007ff980240000 - 0x00007ff980302000 	C:\WINDOWS\System32\KERNEL32.DLL
0x00007ff97e7f0000 - 0x00007ff97eae6000 	C:\WINDOWS\System32\KERNELBASE.dll
0x00007ff97e340000 - 0x00007ff97e440000 	C:\WINDOWS\System32\ucrtbase.dll
0x00007ff95b740000 - 0x00007ff95b75b000 	C:\Program Files\Java\jdk-23\bin\VCRUNTIME140.dll
0x00007ff95b7a0000 - 0x00007ff95b7b7000 	C:\Program Files\Java\jdk-23\bin\jli.dll
0x00007ff97fe50000 - 0x00007ff97ffed000 	C:\WINDOWS\System32\USER32.dll
0x00007ff97eba0000 - 0x00007ff97ebc2000 	C:\WINDOWS\System32\win32u.dll
0x00007ff97fe20000 - 0x00007ff97fe4b000 	C:\WINDOWS\System32\GDI32.dll
0x00007ff96e670000 - 0x00007ff96e90a000 	C:\WINDOWS\WinSxS\amd64_microsoft.windows.common-controls_6595b64144ccf1df_6.0.19041.5915_none_60b4b9d171f9c7c7\COMCTL32.dll
0x00007ff97e570000 - 0x00007ff97e689000 	C:\WINDOWS\System32\gdi32full.dll
0x00007ff97fcb0000 - 0x00007ff97fd4e000 	C:\WINDOWS\System32\msvcrt.dll
0x00007ff97e440000 - 0x00007ff97e4dd000 	C:\WINDOWS\System32\msvcp_win.dll
0x00007ff980bc0000 - 0x00007ff980bef000 	C:\WINDOWS\System32\IMM32.DLL
0x00007ff974510000 - 0x00007ff97451c000 	C:\Program Files\Java\jdk-23\bin\vcruntime140_1.dll
0x00007ff954d50000 - 0x00007ff954dde000 	C:\Program Files\Java\jdk-23\bin\msvcp140.dll
0x00007ff901940000 - 0x00007ff90268f000 	C:\Program Files\Java\jdk-23\bin\server\jvm.dll
0x00007ff97fd60000 - 0x00007ff97fe11000 	C:\WINDOWS\System32\ADVAPI32.dll
0x00007ff9800c0000 - 0x00007ff98015f000 	C:\WINDOWS\System32\sechost.dll
0x00007ff97fac0000 - 0x00007ff97fbe3000 	C:\WINDOWS\System32\RPCRT4.dll
0x00007ff97e2c0000 - 0x00007ff97e2e7000 	C:\WINDOWS\System32\bcrypt.dll
0x00007ff97fff0000 - 0x00007ff98005b000 	C:\WINDOWS\System32\WS2_32.dll
0x00007ff97d9a0000 - 0x00007ff97d9eb000 	C:\WINDOWS\SYSTEM32\POWRPROF.dll
0x00007ff96ff10000 - 0x00007ff96ff37000 	C:\WINDOWS\SYSTEM32\WINMM.dll
0x00007ff976950000 - 0x00007ff97695a000 	C:\WINDOWS\SYSTEM32\VERSION.dll
0x00007ff97d8f0000 - 0x00007ff97d902000 	C:\WINDOWS\SYSTEM32\UMPDC.dll
0x00007ff97bf40000 - 0x00007ff97bf52000 	C:\WINDOWS\SYSTEM32\kernel.appcore.dll
0x00007ff973510000 - 0x00007ff97351a000 	C:\Program Files\Java\jdk-23\bin\jimage.dll
0x00007ff96e910000 - 0x00007ff96eb11000 	C:\WINDOWS\SYSTEM32\DBGHELP.DLL
0x00007ff96d710000 - 0x00007ff96d744000 	C:\WINDOWS\SYSTEM32\dbgcore.DLL
0x00007ff97e4e0000 - 0x00007ff97e562000 	C:\WINDOWS\System32\bcryptPrimitives.dll
0x00007ff958020000 - 0x00007ff95803e000 	C:\Program Files\Java\jdk-23\bin\java.dll
0x00007ff980970000 - 0x00007ff980a9b000 	C:\WINDOWS\System32\ole32.dll
0x00007ff97f440000 - 0x00007ff97f793000 	C:\WINDOWS\System32\combase.dll
0x00007ff97ec50000 - 0x00007ff97f3be000 	C:\WINDOWS\System32\SHELL32.dll
0x00007ff97c140000 - 0x00007ff97c8e4000 	C:\WINDOWS\SYSTEM32\windows.storage.dll
0x00007ff97dc10000 - 0x00007ff97dc3b000 	C:\WINDOWS\SYSTEM32\Wldp.dll
0x00007ff980370000 - 0x00007ff98043d000 	C:\WINDOWS\System32\OLEAUT32.dll
0x00007ff97fbf0000 - 0x00007ff97fc9d000 	C:\WINDOWS\System32\SHCORE.dll
0x00007ff97f7a0000 - 0x00007ff97f7fb000 	C:\WINDOWS\System32\shlwapi.dll
0x00007ff97e1f0000 - 0x00007ff97e214000 	C:\WINDOWS\SYSTEM32\profapi.dll
0x00007ff951960000 - 0x00007ff951a37000 	C:\Program Files\Java\jdk-23\bin\jsvml.dll
0x00007ff96f950000 - 0x00007ff96f960000 	C:\Program Files\Java\jdk-23\bin\net.dll
0x00007ff97d9f0000 - 0x00007ff97da5a000 	C:\WINDOWS\system32\mswsock.dll
0x00007ff956d30000 - 0x00007ff956d46000 	C:\Program Files\Java\jdk-23\bin\nio.dll
0x00007ff956c60000 - 0x00007ff956c77000 	C:\Program Files\Java\jdk-23\bin\zip.dll
0x00007ff96bb60000 - 0x00007ff96bb69000 	C:\Program Files\Java\jdk-23\bin\extnet.dll
0x00007ff932fd0000 - 0x00007ff93315e000 	C:\Program Files\Java\jdk-23\bin\awt.dll
0x00007ff97b2c0000 - 0x00007ff97b354000 	C:\WINDOWS\SYSTEM32\apphelp.dll
0x00007ff97bd60000 - 0x00007ff97bd8f000 	C:\WINDOWS\system32\DWMAPI.DLL
0x00007ff97ba50000 - 0x00007ff97baee000 	C:\WINDOWS\system32\uxtheme.dll
0x00007ff943a90000 - 0x00007ff943bb8000 	C:\WINDOWS\system32\opengl32.dll
0x00007ff94a180000 - 0x00007ff94a1ac000 	C:\WINDOWS\SYSTEM32\GLU32.dll
0x00007ff980aa0000 - 0x00007ff980bb5000 	C:\WINDOWS\System32\MSCTF.dll
0x00007ff978b90000 - 0x00007ff978bcb000 	C:\WINDOWS\SYSTEM32\dxcore.dll
0x00007ff97e2f0000 - 0x00007ff97e33e000 	C:\WINDOWS\System32\cfgmgr32.dll
0x00007ff94e170000 - 0x00007ff94e1f7000 	C:\Program Files\Java\jdk-23\bin\freetype.dll
0x00007ff932ef0000 - 0x00007ff932fc7000 	C:\Program Files\Java\jdk-23\bin\fontmanager.dll
0x00007ff9718a0000 - 0x00007ff971999000 	C:\WINDOWS\SYSTEM32\textinputframework.dll
0x00007ff97ac70000 - 0x00007ff97afcb000 	C:\WINDOWS\System32\CoreUIComponents.dll
0x00007ff97afd0000 - 0x00007ff97b0c2000 	C:\WINDOWS\System32\CoreMessaging.dll
0x00007ff97d4b0000 - 0x00007ff97d4e3000 	C:\WINDOWS\SYSTEM32\ntmarta.dll
0x00007ff97a440000 - 0x00007ff97a597000 	C:\WINDOWS\SYSTEM32\wintypes.dll
0x00007ff959f20000 - 0x00007ff959f86000 	C:\WINDOWS\system32\Oleacc.dll
0x00007ff9808c0000 - 0x00007ff980969000 	C:\WINDOWS\System32\clbcatq.dll
0x00007ff97dc50000 - 0x00007ff97dc68000 	C:\WINDOWS\SYSTEM32\CRYPTSP.dll
0x00007ff97d260000 - 0x00007ff97d298000 	C:\WINDOWS\system32\rsaenh.dll
0x00007ff97e1b0000 - 0x00007ff97e1de000 	C:\WINDOWS\SYSTEM32\USERENV.dll
0x00007ff97db80000 - 0x00007ff97db8c000 	C:\WINDOWS\SYSTEM32\CRYPTBASE.dll
0x00007ff97d680000 - 0x00007ff97d6bb000 	C:\WINDOWS\SYSTEM32\IPHLPAPI.DLL
0x00007ff9808b0000 - 0x00007ff9808b8000 	C:\WINDOWS\System32\NSI.dll
0x00007ff95d8b0000 - 0x00007ff95d8be000 	C:\Program Files\Java\jdk-23\bin\sunmscapi.dll
0x00007ff97e690000 - 0x00007ff97e7ed000 	C:\WINDOWS\System32\CRYPT32.dll
0x00007ff97dd60000 - 0x00007ff97dd87000 	C:\WINDOWS\SYSTEM32\ncrypt.dll
0x00007ff97dd20000 - 0x00007ff97dd5b000 	C:\WINDOWS\SYSTEM32\NTASN1.dll

dbghelp: loaded successfully - version: 4.0.5 - missing functions: none
symbol engine: initialized successfully - sym options: 0x614 - pdb path: .;C:\Program Files\Java\jdk-23\bin;C:\WINDOWS\SYSTEM32;C:\WINDOWS\WinSxS\amd64_microsoft.windows.common-controls_6595b64144ccf1df_6.0.19041.5915_none_60b4b9d171f9c7c7;C:\Program Files\Java\jdk-23\bin\server

VM Arguments:
jvm_args: -Dfile.encoding=UTF-8 
java_command: Inicio.SingleInstanceApp
java_class_path (initial): C:\Users\IT\Documents\NetBeansProjects\AngelsSistema\lib\Util.jar;C:\Users\IT\Documents\NetBeansProjects\AngelsSistema\lib\absolutelayout\AbsoluteLayout.jar;C:\Users\IT\Documents\NetBeansProjects\AngelsSistema\lib\mysql-connector-java-8.0.17.jar;C:\Users\IT\Documents\NetBeansProjects\AngelsSistema\lib\commons-beanutils-1.8.0.jar;C:\Users\IT\Documents\NetBeansProjects\AngelsSistema\lib\commons-digester-2.1.jar;C:\Users\IT\Documents\NetBeansProjects\AngelsSistema\lib\commons-javaflow-20060411.jar;C:\Users\IT\Documents\NetBeansProjects\AngelsSistema\lib\commons-logging-1.1.1.jar;C:\Users\IT\Documents\NetBeansProjects\AngelsSistema\lib\groovy-all-2.0.1.jar;C:\Users\IT\Documents\NetBeansProjects\AngelsSistema\lib\iText-2.1.7.js2.jar;C:\Users\IT\Documents\NetBeansProjects\AngelsSistema\lib\log4j-1.2.15.jar;C:\Users\IT\Documents\NetBeansProjects\AngelsSistema\lib\png-encoder-1.5.jar;C:\Users\IT\Documents\NetBeansProjects\AngelsSistema\lib\xalan-2.7.1.jar;C:\Users\IT\Documents\NetBeansProjects\AngelsSistema\lib\commons-collections4-4.1.jar;C:\Users\IT\Documents\NetBeansProjects\AngelsSistema\lib\jasperreports-6.17.0.jar;C:\Users\IT\Documents\NetBeansProjects\AngelsSistema\lib\jcalendar-1.3.3.jar;C:\Users\IT\Documents\NetBeansProjects\AngelsSistema\lib\annotations-13.0.jar;C:\Users\IT\Documents\NetBeansProjects\AngelsSistema\lib\gson-2.8.6.jar;C:\Users\IT\Documents\NetBeansProjects\AngelsSistema\lib\jakarta.ws.rs-api-3.1.0.jar;C:\Users\IT\Documents\NetBeansProjects\AngelsSistema\lib\javax.activation-api-1.2.0.jar;C:\Users\IT\Documents\NetBeansProjects\AngelsSistema\lib\jaxb-api-2.3.0.jar;C:\Users\IT\Documents\NetBeansProjects\AngelsSistema\lib\jersey-client-2.0.1.jar;C:\Users\IT\Documents\NetBeansProjects\AngelsSistema\lib\jersey-common-2.0.1.jar;C:\Users\IT\Documents\NetBeansProjects\AngelsSistema\lib\json-20180130.jar;C:\Users\IT\Documents\NetBeansProjects\AngelsSistema\lib\kotlin-stdlib-1.4.10.jar;C:\Users\IT\Documents\NetBeansProjects\AngelsSistema\lib\kotlin-stdlib-common-1.4.0.jar;C:\Users\IT\Documents\NetBeansProjects\AngelsSistema\lib\okhttp-4.9.0.jar;C:\Users\IT\Documents\NetBeansProjects\AngelsSistema\lib\okio-2.8.0.jar;C:\Users\IT\Documents\NetBeansProjects\AngelsSistema\lib\resteasy-client-6.2.7.Final.jar;C:\Users\IT\Documents\NetBeansProjects\AngelsSistema\lib\javax.ws.rs-api-2.0.jar;C:\Users\IT\Documents\NetBeansProjects\AngelsSistema\lib\asm-all-repackaged-2.1.88.jar;C:\Users\IT\Documents\NetBeansProjects\AngelsSistema\lib\cglib-2.1.88.jar;C:\Users\IT\Documents\NetBeansProjects\AngelsSistema\lib\guava-14.0.1.jar;C:\Users\IT\Documents\NetBeansProjects\AngelsSistema\lib\hk2-api-2.1.88.jar;C:\Users\IT\Documents\NetBeansProjects\AngelsSistema\lib\hk2-locator-2.1.88.jar;C:\Users\IT\Documents\NetBeansProjects\AngelsSistema\lib\hk2-utils-2.1.88.jar;C:\Users\IT\Documents\NetBeansProjects\AngelsSistema\lib\javax.annotation-api-1.2.jar;C:\Users\IT\Documents\NetBeansProjects\AngelsSistema\lib\javax.inject-2.1.88.jar;C:\Users\IT\Documents\NetBeansProjects\AngelsSistema\lib\osgi-resource-locator-1.0.1.jar;C:\Users\IT\Documents\NetBeansProjects\AngelsSistema\lib\serializer-2.7.2.jar;C:\Users\IT\Documents\NetBeansProjects\AngelsSistema\build\classes
Launcher Type: SUN_STANDARD

[Global flags]
     intx CICompilerCount                          = 3                                         {product} {ergonomic}
     uint ConcGCThreads                            = 1                                         {product} {ergonomic}
     uint G1ConcRefinementThreads                  = 4                                         {product} {ergonomic}
   size_t G1HeapRegionSize                         = 2097152                                   {product} {ergonomic}
   size_t InitialHeapSize                          = 197132288                                 {product} {ergonomic}
   size_t MarkStackSize                            = 4194304                                   {product} {ergonomic}
   size_t MarkStackSizeMax                         = 536870912                                 {product} {ergonomic}
   size_t MaxHeapSize                              = 3133145088                                {product} {ergonomic}
   size_t MaxNewSize                               = 1879048192                                {product} {ergonomic}
   size_t MinHeapDeltaBytes                        = 2097152                                   {product} {ergonomic}
   size_t MinHeapSize                              = 8388608                                   {product} {ergonomic}
    uintx NonNMethodCodeHeapSize                   = 5832704                                {pd product} {ergonomic}
    uintx NonProfiledCodeHeapSize                  = 122945536                              {pd product} {ergonomic}
    uintx ProfiledCodeHeapSize                     = 122880000                              {pd product} {ergonomic}
    uintx ReservedCodeCacheSize                    = 251658240                              {pd product} {ergonomic}
     bool SegmentedCodeCache                       = true                                      {product} {ergonomic}
   size_t SoftMaxHeapSize                          = 3133145088                             {manageable} {ergonomic}
     bool UseCompressedOops                        = true                           {product lp64_product} {ergonomic}
     bool UseG1GC                                  = true                                      {product} {ergonomic}
     bool UseLargePagesIndividualAllocation        = false                                  {pd product} {ergonomic}

Logging:
Log output configuration:
 #0: stdout all=warning uptime,level,tags foldmultilines=false
 #1: stderr all=off uptime,level,tags foldmultilines=false

Environment Variables:
PATH=C:\Python313\Scripts\;C:\Python313\;C:\app\it\product\21c\dbhomeXE\bin;C:\Program Files\Common Files\Oracle\Java\javapath;C:\ProgramData\Oracle\Java\javapath;C:\WINDOWS\system32;C:\WINDOWS;C:\WINDOWS\System32\Wbem;C:\WINDOWS\System32\WindowsPowerShell\v1.0\;C:\WINDOWS\System32\OpenSSH\;C:\Program Files (x86)\ZeroTier\One\;C:\Program Files\WireGuard\;C:\Program Files\nodejs\;C:\ProgramData\chocolatey\bin;C:\REST\bin;C:\Program Files\Java\jdk-23\lib;C:\Program Files\dotnet\;C:\Program Files\Git\cmd;C:\Users\IT\AppData\Local\Microsoft\WindowsApps;C:\Users\IT\AppData\Roaming\npm;C:\Users\IT\AppData\Local\Programs\Microsoft VS Code\bin;C:\REST\bin;C:\Program Files\JetBrains\IntelliJ IDEA 2024.3.2.2\bin;;C:\Program Files\Java\jdk-23\lib;C:\Users\IT\.dotnet\tools;C:\Program Files\JetBrains\IntelliJ IDEA Community Edition 2025.1.1.1\bin;
USERNAME=it
OS=Windows_NT
PROCESSOR_IDENTIFIER=Intel64 Family 6 Model 60 Stepping 3, GenuineIntel
TMP=C:\Users\IT\AppData\Local\Temp
TEMP=C:\Users\IT\AppData\Local\Temp




Periodic native trim disabled

---------------  S Y S T E M  ---------------

OS:
 Windows 10 , 64 bit Build 19041 (10.0.19041.5915)
OS uptime: 1 days 16:14 hours
Hyper-V role detected

CPU: total 4 (initial active 4) (4 cores per cpu, 1 threads per core) family 6 model 60 stepping 3 microcode 0x27, cx8, cmov, fxsr, mmx, sse, sse2, sse3, ssse3, sse4.1, sse4.2, popcnt, lzcnt, tsc, tscinvbit, avx, avx2, aes, erms, clmul, bmi1, bmi2, fma, vzeroupper, clflush, hv, rdtscp, f16c
Processor Information for the first 4 processors :
  Max Mhz: 3001, Current Mhz: 3001, Mhz Limit: 3001

Memory: 4k page, system-wide physical 11947M (3542M free)
TotalPageFile size 16555M (AvailPageFile size 5436M)
current process WorkingSet (physical memory assigned to process): 111M, peak: 121M
current process commit charge ("private bytes"): 299M, peak: 311M

vm_info: Java HotSpot(TM) 64-Bit Server VM (23.0.1+11-39) for windows-amd64 JRE (23.0.1+11-39), built on 2024-09-30T07:20:43Z with MS VC++ 17.6 (VS2022)

END.
