#
# A fatal error has been detected by the Java Runtime Environment:
#
#  EXCEPTION_ACCESS_VIOLATION (0xc0000005) at pc=0x00007ffe23f9be01, pid=14396, tid=15172
#
# JRE version: Java(TM) SE Runtime Environment (23.0.1+11) (build 23.0.1+11-39)
# Java VM: Java HotSpot(TM) 64-Bit Server VM (23.0.1+11-39, mixed mode, sharing, tiered, compressed oops, compressed class ptrs, g1 gc, windows-amd64)
# Problematic frame:
# C  [awt.dll+0xdbe01]
#
# No core dump will be written. Minidumps are not enabled by default on client versions of Windows
#
# If you would like to submit a bug report, please visit:
#   https://bugreport.java.com/bugreport/crash.jsp
# The crash happened outside the Java Virtual Machine in native code.
# See problematic frame for where to report the bug.
#

---------------  S U M M A R Y ------------

Command Line: -Dfile.encoding=UTF-8 Inicio.SingleInstanceApp

Host: Intel(R) Core(TM) i5-4430 CPU @ 3.00GHz, 4 cores, 11G,  Windows 10 , 64 bit Build 19041 (10.0.19041.5915)
Time: Thu Jul 31 19:15:12 2025 Hora est嫕dar, Am廨ica Central elapsed time: 6953.833115 seconds (0d 1h 55m 53s)

---------------  T H R E A D  ---------------

Current thread (0x000001fb455e94c0):  JavaThread "AWT-Windows" daemon [_thread_in_native, id=15172, stack(0x000000e100a00000,0x000000e100b00000) (1024K)]

Stack: [0x000000e100a00000,0x000000e100b00000],  sp=0x000000e100afe9f0,  free space=1018k
Native frames: (J=compiled Java code, j=interpreted, Vv=VM code, C=native code)
C  [awt.dll+0xdbe01]  (no source info available)
C  [awt.dll+0x9783c]  (no source info available)
C  [awt.dll+0x978e6]  (no source info available)
C  [awt.dll+0x94cb6]  (no source info available)
C  [awt.dll+0xe0f8c]  (no source info available)
C  [awt.dll+0xb0d3d]  (no source info available)
C  [awt.dll+0x97e1d]  (no source info available)
C  [USER32.dll+0xef5c]  (no source info available)
C  [USER32.dll+0xe9de]  (no source info available)
C  [awt.dll+0x161c3]  (no source info available)
C  [COMCTL32.dll+0x89f7a]  (no source info available)
C  [COMCTL32.dll+0x89d77]  (no source info available)
C  [USER32.dll+0xef5c]  (no source info available)
C  [USER32.dll+0xe684]  (no source info available)
C  [awt.dll+0xd530e]  (no source info available)
C  [awt.dll+0xd7242]  (no source info available)
C  0x000001fb6e06d207  (no source info available)

The last pc belongs to native method entry point (kind = native) (printed below).
Java frames: (J=compiled Java code, j=interpreted, Vv=VM code)
j  sun.awt.windows.WToolkit.eventLoop()V+0 java.desktop@23.0.1
j  sun.awt.windows.WToolkit.run()V+50 java.desktop@23.0.1
j  java.lang.Thread.runWith(Ljava/lang/Object;Ljava/lang/Runnable;)V+5 java.base@23.0.1
j  java.lang.Thread.run()V+19 java.base@23.0.1
v  ~StubRoutines::call_stub 0x000001fb6e060fcd

siginfo: EXCEPTION_ACCESS_VIOLATION (0xc0000005), reading address 0x0000000000000039


Registers:
RAX=0x0000000000000031, RBX=0x000001fb46eb05c0, RCX=0x0000000000000000, RDX=0x0000000000000000
RSP=0x000000e100afe9f0, RBP=0x000000e100afeaf9, RSI=0x00000000560119d3, RDI=0x0000000000000000
R8 =0x0000000000000001, R9 =0x000000e100afeaf9, R10=0x0000000000000000, R11=0x0000000000000246
R12=0x0000000000000000, R13=0x0000000000000310, R14=0x0000000000000000, R15=0x0000000000000000
RIP=0x00007ffe23f9be01, EFLAGS=0x0000000000010246


Register to memory mapping:

RAX=0x0000000000000031 is an unknown value
RBX=0x000001fb46eb05c0 points into unknown readable memory: 0x000001fb47029da0 | a0 9d 02 47 fb 01 00 00
RCX=0x0 is null
RDX=0x0 is null
RSP=0x000000e100afe9f0 is pointing into the stack for thread: 0x000001fb455e94c0
RBP=0x000000e100afeaf9 is pointing into the stack for thread: 0x000001fb455e94c0
RSI=0x00000000560119d3 is an unknown value
RDI=0x0 is null
R8 =0x0000000000000001 is an unknown value
R9 =0x000000e100afeaf9 is pointing into the stack for thread: 0x000001fb455e94c0
R10=0x0 is null
R11=0x0000000000000246 is an unknown value
R12=0x0 is null
R13=0x0000000000000310 is an unknown value
R14=0x0 is null
R15=0x0 is null

Top of Stack: (sp=0x000000e100afe9f0)
0x000000e100afe9f0:   00007ffe23ff9838 00000000560119d3
0x000000e100afea00:   0000000000000000 0000000000000000
0x000000e100afea10:   0000000000000000 00007ffe23f5783c
0x000000e100afea20:   00000000560119d3 000001fb477564e0
0x000000e100afea30:   000001fb46eb05c0 00007ffe7bede9de
0x000000e100afea40:   0000000000000000 00007ffe23f578e6
0x000000e100afea50:   000001fb477564e0 00007ffe23ec0000
0x000000e100afea60:   0000000000000000 0000000000000000
0x000000e100afea70:   0000000000000000 00007ffe23f54cb6
0x000000e100afea80:   000001fb477564e0 0000000000000000
0x000000e100afea90:   0000000000000000 000000e100afede0
0x000000e100afeaa0:   000000000000c20c 00007ffe7bedf163
0x000000e100afeab0:   0000000000000000 0000000000000001
0x000000e100afeac0:   0000000000000000 00007ffe796c9f7a
0x000000e100afead0:   0000000000000000 00007ffe7cc29877
0x000000e100afeae0:   000000e100afeba0 000001fb455e9880
0x000000e100afeaf0:   000001fb47756580 0000000000000000
0x000000e100afeb00:   0000000000000000 000065cdf8b24c95
0x000000e100afeb10:   0000000000000001 0000000000000000
0x000000e100afeb20:   0000000000000000 0000000000000000
0x000000e100afeb30:   0000000000000000 0000000000000310
0x000000e100afeb40:   0000000000000000 000001fb477564e0
0x000000e100afeb50:   000001fb477564e0 00007ffe23fa0f8c
0x000000e100afeb60:   0000000000000001 0000000000000000
0x000000e100afeb70:   0000000000000000 000001fb7ba1c6ca
0x000000e100afeb80:   000000e10000c20c 00007ffe16a24bf1
0x000000e100afeb90:   0000000000000000 00000000000611e2
0x000000e100afeba0:   000001fb5c7af6d0 00007ffe7bee0317
0x000000e100afebb0:   0000000000000000 00007ffe7cc29993
0x000000e100afebc0:   000000e17f032800 00000000ffffffeb
0x000000e100afebd0:   0000000000000000 000065cdf8b24d75
0x000000e100afebe0:   000000e100afede0 0000000000000000 

Instructions: (pc=0x00007ffe23f9be01)
0x00007ffe23f9bd01:   83 ec 28 66 0f 6e c2 0f 5b c0 f3 0f 59 41 48 0f
0x00007ffe23f9bd11:   5a c8 f2 0f 10 05 bd 4e 03 00 f2 0f 5c 0d e5 4e
0x00007ffe23f9bd21:   01 00 66 0f 2f c1 76 0a b8 00 00 00 80 48 83 c4
0x00007ffe23f9bd31:   28 c3 66 0f 2f 0d 65 98 02 00 76 0a b8 ff ff ff
0x00007ffe23f9bd41:   7f 48 83 c4 28 c3 0f 28 c1 e8 af 0e 01 00 f2 0f
0x00007ffe23f9bd51:   2c c0 48 83 c4 28 c3 cc cc cc cc cc cc cc cc 48
0x00007ffe23f9bd61:   83 ec 28 66 0f 6e c2 0f 5b c0 f3 0f 59 41 4c 0f
0x00007ffe23f9bd71:   5a c8 f2 0f 10 05 5d 4e 03 00 f2 0f 5c 0d 85 4e
0x00007ffe23f9bd81:   01 00 66 0f 2f c1 76 0a b8 00 00 00 80 48 83 c4
0x00007ffe23f9bd91:   28 c3 66 0f 2f 0d 05 98 02 00 76 0a b8 ff ff ff
0x00007ffe23f9bda1:   7f 48 83 c4 28 c3 0f 28 c1 e8 4f 0e 01 00 f2 0f
0x00007ffe23f9bdb1:   2c c0 48 83 c4 28 c3 cc cc cc cc cc cc cc cc 48
0x00007ffe23f9bdc1:   8b 49 08 48 85 c9 0f 85 b3 7c fe ff 33 c0 c3 48
0x00007ffe23f9bdd1:   89 5c 24 08 48 89 74 24 10 57 48 83 ec 20 8b fa
0x00007ffe23f9bde1:   48 8b f1 e8 b7 be f4 ff 48 8b d8 48 89 44 24 40
0x00007ffe23f9bdf1:   41 b8 01 00 00 00 8b d7 48 8b c8 e8 1f be f4 ff
0x00007ffe23f9be01:   48 8b 48 08 48 85 c9 74 0d 48 8b d6 e8 6e 7c fe
0x00007ffe23f9be11:   ff 48 8b f8 eb 02 33 ff 48 8b cb e8 3f c0 f4 ff
0x00007ffe23f9be21:   90 48 8b c7 48 8b 5c 24 30 48 8b 74 24 38 48 83
0x00007ffe23f9be31:   c4 20 5f c3 cc cc cc cc cc cc cc cc cc cc cc 48
0x00007ffe23f9be41:   8b 01 89 10 c3 cc cc cc cc cc cc cc cc cc cc 40
0x00007ffe23f9be51:   57 48 83 ec 40 48 83 79 38 00 48 8b f9 0f 84 96
0x00007ffe23f9be61:   01 00 00 48 8b 0d b5 9f 06 00 ba 02 00 01 00 48
0x00007ffe23f9be71:   89 5c 24 58 48 89 74 24 68 e8 40 d8 00 00 4c 8b
0x00007ffe23f9be81:   05 12 a5 06 00 48 8b c8 48 8b 57 38 48 8b d8 4c
0x00007ffe23f9be91:   8b 08 41 ff 91 f8 02 00 00 48 8b f0 48 85 c0 0f
0x00007ffe23f9bea1:   84 4a 01 00 00 4c 8b 0b 48 8b d0 4c 8b 05 d5 a4
0x00007ffe23f9beb1:   06 00 48 8b cb 41 ff 91 00 01 00 00 84 c0 0f 84
0x00007ffe23f9bec1:   2b 01 00 00 48 8b 7f 08 48 8b d6 48 8b 03 48 8b
0x00007ffe23f9bed1:   cb 4c 8b 05 c7 a4 06 00 48 81 c7 00 04 00 00 48
0x00007ffe23f9bee1:   89 6c 24 60 4c 89 64 24 38 ff 90 f8 02 00 00 4c
0x00007ffe23f9bef1:   8b 0b 48 8b d6 4c 8b 05 ab a4 06 00 48 8b cb 4c 


Stack slot to memory mapping:

stack at sp + 0 slots: 0x00007ffe23ff9838 awt.dll
stack at sp + 1 slots: 0x00000000560119d3 is an unknown value
stack at sp + 2 slots: 0x0 is null
stack at sp + 3 slots: 0x0 is null
stack at sp + 4 slots: 0x0 is null
stack at sp + 5 slots: 0x00007ffe23f5783c awt.dll
stack at sp + 6 slots: 0x00000000560119d3 is an unknown value
stack at sp + 7 slots: 0x000001fb477564e0 points into unknown readable memory: 0x00007ffe23fcc860 | 60 c8 fc 23 fe 7f 00 00

Lock stack of current Java thread (top to bottom):

native method entry point (kind = native)  [0x000001fb6e06cde0, 0x000001fb6e06d938]  2904 bytes
[MachCode]
  0x000001fb6e06cde0: 488b 4b08 | 0fb7 492e | 584c 8d74 | ccf8 6800 | 0000 0068 | 0000 0000 | 5055 488b | ec41 5568 
  0x000001fb6e06ce00: 0000 0000 | 4c8b 6b08 | 4d8d 6d38 | 5348 8b53 | 0848 8b52 | 0848 8b52 | 1848 8b52 | 7048 8b12 
  0x000001fb6e06ce20: 5248 8b53 | 1048 85d2 | 0f84 0700 | 0000 4881 | c210 0100 | 0052 488b | 5308 488b | 5208 488b 
  0x000001fb6e06ce40: 5210 5249 | 8bc6 482b | c548 c1e8 | 0350 6800 | 0000 0068 | f7ff ffff | 41c6 8771 | 0400 0001 
  0x000001fb6e06ce60: 488b 4310 | 4885 c074 | 208b 88cc | 0000 0083 | c102 8988 | cc00 0000 | 2388 e000 | 0000 0f84 
  0x000001fb6e06ce80: 000a 0000 | e9cf 0000 | 0048 8b43 | 1848 85c0 | 0f85 b000 | 0000 e805 | 0000 00e9 | 9900 0000 
  0x000001fb6e06cea0: 488b d348 | 8d44 2408 | 4c89 6dc0 | 498b cfc5 | f877 4989 | afb0 0300 | 0049 8987 | a003 0000 
  0x000001fb6e06cec0: 4883 ec20 | 40f6 c40f | 0f84 1900 | 0000 4883 | ec08 48b8 | 9026 9a16 | fe7f 0000 | ffd0 4883 
  0x000001fb6e06cee0: c408 e90c | 0000 0048 | b890 269a | 16fe 7f00 | 00ff d048 | 83c4 2049 | c787 a003 | 0000 0000 
  0x000001fb6e06cf00: 0000 49c7 | 87b0 0300 | 0000 0000 | 0049 c787 | a803 0000 | 0000 0000 | c5f8 7749 | 837f 0800 
  0x000001fb6e06cf20: 0f84 0500 | 0000 e995 | 3fff ff4c | 8b6d c04c | 8b75 c84e | 8d74 f500 | c348 8b43 | 1848 85c0 
  0x000001fb6e06cf40: 0f84 1200 | 0000 8b48 | 0883 c102 | 8948 0823 | 481c 0f84 | 2c09 0000 | 493b a7e8 | 0400 000f 
  0x000001fb6e06cf60: 8748 0000 | 0089 8424 | 00f0 ffff | 8984 2400 | e0ff ff89 | 8424 00d0 | ffff 8984 | 2400 c0ff 
  0x000001fb6e06cf80: ff89 8424 | 00b0 ffff | 8984 2400 | a0ff ff89 | 8424 0090 | ffff 8984 | 2400 80ff | ff49 3ba7 
  0x000001fb6e06cfa0: e004 0000 | 7607 4989 | a7e8 0400 | 0041 c687 | 7104 0000 | 0049 ba41 | ad21 17fe | 7f00 0041 
  0x000001fb6e06cfc0: 803a 000f | 843e 0000 | 0048 8b55 | e849 8bcf | 4883 ec20 | 40f6 c40f | 0f84 1900 | 0000 4883 
  0x000001fb6e06cfe0: ec08 48b8 | 10ee d116 | fe7f 0000 | ffd0 4883 | c408 e90c | 0000 0048 | b810 eed1 | 16fe 7f00 
  0x000001fb6e06d000: 00ff d048 | 83c4 2048 | 8b5d e84c | 8b5b 0845 | 0fb7 5b2e | 41c1 e303 | 492b e348 | 83ec 2048 
  0x000001fb6e06d020: 83e4 f04c | 8b5b 604d | 85db 0f85 | ab00 0000 | e805 0000 | 00e9 9900 | 0000 488b | d348 8d44 
  0x000001fb6e06d040: 2408 4c89 | 6dc0 498b | cfc5 f877 | 4989 afb0 | 0300 0049 | 8987 a003 | 0000 4883 | ec20 40f6 
  0x000001fb6e06d060: c40f 0f84 | 1900 0000 | 4883 ec08 | 48b8 f04d | 9a16 fe7f | 0000 ffd0 | 4883 c408 | e90c 0000 
  0x000001fb6e06d080: 0048 b8f0 | 4d9a 16fe | 7f00 00ff | d048 83c4 | 2049 c787 | a003 0000 | 0000 0000 | 49c7 87b0 
  0x000001fb6e06d0a0: 0300 0000 | 0000 0049 | c787 a803 | 0000 0000 | 0000 c5f8 | 7749 837f | 0800 0f84 | 0500 0000 
  0x000001fb6e06d0c0: e9fb 3dff | ff4c 8b6d | c04c 8b75 | c84e 8d74 | f500 c348 | 8b5d e84c | 8b5b 6041 | ffd3 488b 
  0x000001fb6e06d0e0: 5de8 4889 | 4518 448b | 5b28 41f6 | c308 0f84 | 1b00 0000 | 4c8b 5b08 | 4d8b 5b08 | 4d8b 5b18 
  0x000001fb6e06d100: 4d8b 5b70 | 4d8b 1b4c | 895d 1048 | 8d55 1048 | 8b43 5849 | ba60 3cd2 | 16fe 7f00 | 0049 3bc2 
  0x000001fb6e06d120: 0f85 ab00 | 0000 e805 | 0000 00e9 | 9900 0000 | 488b d348 | 8d44 2408 | 4c89 6dc0 | 498b cfc5 
  0x000001fb6e06d140: f877 4989 | afb0 0300 | 0049 8987 | a003 0000 | 4883 ec20 | 40f6 c40f | 0f84 1900 | 0000 4883 
  0x000001fb6e06d160: ec08 48b8 | f04d 9a16 | fe7f 0000 | ffd0 4883 | c408 e90c | 0000 0048 | b8f0 4d9a | 16fe 7f00 
  0x000001fb6e06d180: 00ff d048 | 83c4 2049 | c787 a003 | 0000 0000 | 0000 49c7 | 87b0 0300 | 0000 0000 | 0049 c787 
  0x000001fb6e06d1a0: a803 0000 | 0000 0000 | c5f8 7749 | 837f 0800 | 0f84 0500 | 0000 e905 | 3dff ff4c | 8b6d c04c 
  0x000001fb6e06d1c0: 8b75 c84e | 8d74 f500 | c348 8b5d | e848 8b43 | 5849 8d8f | c003 0000 | c5f8 7749 | 89af b003 
  0x000001fb6e06d1e0: 0000 49ba | d8d1 066e | fb01 0000 | 4d89 97a8 | 0300 0049 | 89a7 a003 | 0000 41c7 | 8744 0400 
  0x000001fb6e06d200: 0004 0000 | 00ff d0c5 | f877 4883 | ec10 c5fb | 1104 2448 | 83ec 1048 | 8904 2448 | c744 2408 
  0x000001fb6e06d220: 0000 0000 | 41c7 8744 | 0400 0005 | 0000 00f0 | 8344 24c0 | 0049 3baf | 4804 0000 | 0f87 0e00 
  0x000001fb6e06d240: 0000 4183 | bf40 0400 | 0000 0f84 | 2000 0000 | 498b cf4c | 8be4 4883 | ec20 4883 | e4f0 48b8 
  0x000001fb6e06d260: 90a9 9b16 | fe7f 0000 | ffd0 498b | e44d 33e4 | 41c7 8744 | 0400 0008 | 0000 0049 | c787 a003 
  0x000001fb6e06d280: 0000 0000 | 0000 49c7 | 87b0 0300 | 0000 0000 | 0049 c787 | a803 0000 | 0000 0000 | c5f8 774d 
  0x000001fb6e06d2a0: 8b9f 3004 | 0000 41c7 | 8300 0100 | 0000 0000 | 0049 bbda | a506 6efb | 0100 004c | 3b5d 180f 
  0x000001fb6e06d2c0: 8524 0200 | 0048 8b04 | 2448 83c4 | 1048 85c0 | 0f84 fe01 | 0000 a803 | 0f85 0800 | 0000 488b 
  0x000001fb6e06d2e0: 00e9 ee01 | 0000 a801 | 0f85 0900 | 0000 488b | 40fe e9dd | 0100 0048 | 8b40 ff41 | 807f 3800 
  0x000001fb6e06d300: 0f84 ce01 | 0000 4883 | f800 0f84 | c401 0000 | 4d8b 5f28 | 4983 fb00 | 0f84 1400 | 0000 4983 
  0x000001fb6e06d320: eb08 4d89 | 5f28 4d03 | 5f30 4989 | 03e9 a201 | 0000 4881 | ecd0 0000 | 0048 8904 | 2448 894c 
  0x000001fb6e06d340: 2408 4889 | 5424 1048 | 8974 2418 | 4889 7c24 | 204c 8944 | 2428 4c89 | 4c24 304c | 8954 2438 
  0x000001fb6e06d360: 4c89 5c24 | 40c5 fb11 | 4424 50c5 | fb11 4c24 | 58c5 fb11 | 5424 60c5 | fb11 5c24 | 68c5 fb11 
  0x000001fb6e06d380: 6424 70c5 | fb11 6c24 | 78c5 fb11 | b424 8000 | 0000 c5fb | 11bc 2488 | 0000 00c5 | 7b11 8424 
  0x000001fb6e06d3a0: 9000 0000 | c57b 118c | 2498 0000 | 00c5 7b11 | 9424 a000 | 0000 c57b | 119c 24a8 | 0000 00c5 
  0x000001fb6e06d3c0: 7b11 a424 | b000 0000 | c57b 11ac | 24b8 0000 | 00c5 7b11 | b424 c000 | 0000 c57b | 11bc 24c8 
  0x000001fb6e06d3e0: 0000 0049 | 8bd7 488b | c848 83ec | 2040 f6c4 | 0f0f 8419 | 0000 0048 | 83ec 0848 | b8e0 078f 
  0x000001fb6e06d400: 16fe 7f00 | 00ff d048 | 83c4 08e9 | 0c00 0000 | 48b8 e007 | 8f16 fe7f | 0000 ffd0 | 4883 c420 
  0x000001fb6e06d420: c57b 10bc | 24c8 0000 | 00c5 7b10 | b424 c000 | 0000 c57b | 10ac 24b8 | 0000 00c5 | 7b10 a424 
  0x000001fb6e06d440: b000 0000 | c57b 109c | 24a8 0000 | 00c5 7b10 | 9424 a000 | 0000 c57b | 108c 2498 | 0000 00c5 
  0x000001fb6e06d460: 7b10 8424 | 9000 0000 | c5fb 10bc | 2488 0000 | 00c5 fb10 | b424 8000 | 0000 c5fb | 106c 2478 
  0x000001fb6e06d480: c5fb 1064 | 2470 c5fb | 105c 2468 | c5fb 1054 | 2460 c5fb | 104c 2458 | c5fb 1044 | 2450 4c8b 
  0x000001fb6e06d4a0: 5c24 404c | 8b54 2438 | 4c8b 4c24 | 304c 8b44 | 2428 488b | 7c24 2048 | 8b74 2418 | 488b 5424 
  0x000001fb6e06d4c0: 1048 8b4c | 2408 488b | 0424 4881 | c4d0 0000 | 00c5 f877 | 4889 4510 | 4883 ec10 | 4889 0424 
  0x000001fb6e06d4e0: 48c7 4424 | 0800 0000 | 0041 83bf | c804 0000 | 020f 85bf | 0000 0048 | 81ec 8000 | 0000 4889 
  0x000001fb6e06d500: 4424 7848 | 894c 2470 | 4889 5424 | 6848 895c | 2460 4889 | 6c24 5048 | 8974 2448 | 4889 7c24 
  0x000001fb6e06d520: 404c 8944 | 2438 4c89 | 4c24 304c | 8954 2428 | 4c89 5c24 | 204c 8964 | 2418 4c89 | 6c24 104c 
  0x000001fb6e06d540: 8974 2408 | 4c89 3c24 | 4c8b e448 | 83ec 2048 | 83e4 f048 | b8c0 22d2 | 16fe 7f00 | 00ff d049 
  0x000001fb6e06d560: 8be4 4c8b | 3c24 4c8b | 7424 084c | 8b6c 2410 | 4c8b 6424 | 184c 8b5c | 2420 4c8b | 5424 284c 
  0x000001fb6e06d580: 8b4c 2430 | 4c8b 4424 | 3848 8b7c | 2440 488b | 7424 4848 | 8b6c 2450 | 488b 5c24 | 6048 8b54 
  0x000001fb6e06d5a0: 2468 488b | 4c24 7048 | 8b44 2478 | 4881 c480 | 0000 004d | 33e4 488b | 5de8 4c8b | 6b08 4d8d 
  0x000001fb6e06d5c0: 6d38 4983 | 7f08 000f | 84bb 0000 | 00e8 0500 | 0000 e996 | 0000 0048 | 8d44 2408 | 4c89 6dc0 
  0x000001fb6e06d5e0: 498b cfc5 | f877 4989 | afb0 0300 | 0049 8987 | a003 0000 | 4883 ec20 | 40f6 c40f | 0f84 1900 
  0x000001fb6e06d600: 0000 4883 | ec08 48b8 | 006c 9a16 | fe7f 0000 | ffd0 4883 | c408 e90c | 0000 0048 | b800 6c9a 
  0x000001fb6e06d620: 16fe 7f00 | 00ff d048 | 83c4 2049 | c787 a003 | 0000 0000 | 0000 49c7 | 87b0 0300 | 0000 0000 
  0x000001fb6e06d640: 0049 c787 | a803 0000 | 0000 0000 | c5f8 7749 | 837f 0800 | 0f84 0500 | 0000 e961 | 38ff ff4c 
  0x000001fb6e06d660: 8b6d c04c | 8b75 c84e | 8d74 f500 | c348 b940 | d5f9 16fe | 7f00 0048 | 83e4 f048 | b870 4ac0 
  0x000001fb6e06d680: 16fe 7f00 | 00ff d0f4 | 448b 5b28 | 41f6 c320 | 0f84 7901 | 0000 488d | 55a8 4c8b | 5a08 4d85 
  0x000001fb6e06d6a0: db0f 85bb | 0000 00e8 | 0500 0000 | e996 0000 | 0048 8d44 | 2408 4c89 | 6dc0 498b | cfc5 f877 
  0x000001fb6e06d6c0: 4989 afb0 | 0300 0049 | 8987 a003 | 0000 4883 | ec20 40f6 | c40f 0f84 | 1900 0000 | 4883 ec08 
  0x000001fb6e06d6e0: 48b8 306b | 9a16 fe7f | 0000 ffd0 | 4883 c408 | e90c 0000 | 0048 b830 | 6b9a 16fe | 7f00 00ff 
  0x000001fb6e06d700: d048 83c4 | 2049 c787 | a003 0000 | 0000 0000 | 49c7 87b0 | 0300 0000 | 0000 0049 | c787 a803 
  0x000001fb6e06d720: 0000 0000 | 0000 c5f8 | 7749 837f | 0800 0f84 | 0500 0000 | e987 37ff | ff4c 8b6d | c04c 8b75 
  0x000001fb6e06d740: c84e 8d74 | f500 c348 | b940 d5f9 | 16fe 7f00 | 0048 83e4 | f048 b870 | 4ac0 16fe | 7f00 00ff 
  0x000001fb6e06d760: d0f4 4c89 | 6dc0 4c8b | 4a08 48c7 | 4208 0000 | 0000 458b | 8718 0600 | 004f 3b4c | 07f8 0f85 
  0x000001fb6e06d780: 4900 0000 | 4183 af18 | 0600 0008 | 4f3b 4c07 | f00f 842a | 0000 0049 | 8b01 a802 | 0f85 1200 
  0x000001fb6e06d7a0: 0000 4c8b | c049 83c8 | 01f0 4d0f | b101 0f84 | 0d00 0000 | 4183 8718 | 0600 0008 | e90c 0000 
  0x000001fb6e06d7c0: 0049 ff8f | 5005 0000 | e93e 0000 | 004c 894a | 0848 8bca | 4883 ec20 | 40f6 c40f | 0f84 1900 
  0x000001fb6e06d7e0: 0000 4883 | ec08 48b8 | f03d 9a16 | fe7f 0000 | ffd0 4883 | c408 e90c | 0000 0048 | b8f0 3d9a 
  0x000001fb6e06d800: 16fe 7f00 | 00ff d048 | 83c4 204c | 8b6d c049 | ba41 ad21 | 17fe 7f00 | 0041 803a | 000f 843e 
  0x000001fb6e06d820: 0000 0048 | 8b55 e849 | 8bcf 4883 | ec20 40f6 | c40f 0f84 | 1900 0000 | 4883 ec08 | 48b8 10ee 
  0x000001fb6e06d840: d116 fe7f | 0000 ffd0 | 4883 c408 | e90c 0000 | 0048 b810 | eed1 16fe | 7f00 00ff | d048 83c4 
  0x000001fb6e06d860: 2048 8b04 | 2448 83c4 | 10c5 fb10 | 0424 4883 | c410 4c8b | 5d18 41ff | d34c 8b5d | f8c9 5f49 
  0x000001fb6e06d880: 8be3 ffe7 | ba00 0000 | 00e8 0500 | 0000 e996 | 0000 0048 | 8d44 2408 | 4c89 6dc0 | 498b cfc5 
  0x000001fb6e06d8a0: f877 4989 | afb0 0300 | 0049 8987 | a003 0000 | 4883 ec20 | 40f6 c40f | 0f84 1900 | 0000 4883 
  0x000001fb6e06d8c0: ec08 48b8 | a031 9a16 | fe7f 0000 | ffd0 4883 | c408 e90c | 0000 0048 | b8a0 319a | 16fe 7f00 
  0x000001fb6e06d8e0: 00ff d048 | 83c4 2049 | c787 a003 | 0000 0000 | 0000 49c7 | 87b0 0300 | 0000 0000 | 0049 c787 
  0x000001fb6e06d900: a803 0000 | 0000 0000 | c5f8 7749 | 837f 0800 | 0f84 0500 | 0000 e9a5 | 35ff ff4c | 8b6d c04c 
  0x000001fb6e06d920: 8b75 c84e | 8d74 f500 | c348 8b5d | e8e9 26f6 | ffff 660f | 1f44 0000 
[/MachCode]

---------------  P R O C E S S  ---------------

Threads class SMR info:
_java_thread_list=0x000001fb47324400, length=17, elements={
0x000001fb5c15e660, 0x000001fb7ba2fb40, 0x000001fb7ba31ac0, 0x000001fb7ba33810,
0x000001fb7ba36b80, 0x000001fb7ba37d80, 0x000001fb7ba387e0, 0x000001fb7ba39570,
0x000001fb7ba6f230, 0x000001fb450c3a30, 0x000001fb450c88c0, 0x000001fb455b83d0,
0x000001fb455e33c0, 0x000001fb455e94c0, 0x000001fb4591c680, 0x000001fb46c73030,
0x000001fb48b88260
}

Java Threads: ( => current thread )
  0x000001fb5c15e660 JavaThread "main"                              [_thread_blocked, id=888, stack(0x000000e17f600000,0x000000e17f700000) (1024K)]
  0x000001fb7ba2fb40 JavaThread "Reference Handler"          daemon [_thread_blocked, id=2864, stack(0x000000e17fe00000,0x000000e17ff00000) (1024K)]
  0x000001fb7ba31ac0 JavaThread "Finalizer"                  daemon [_thread_blocked, id=5328, stack(0x000000e17ff00000,0x000000e180000000) (1024K)]
  0x000001fb7ba33810 JavaThread "Signal Dispatcher"          daemon [_thread_blocked, id=12608, stack(0x000000e100000000,0x000000e100100000) (1024K)]
  0x000001fb7ba36b80 JavaThread "Attach Listener"            daemon [_thread_blocked, id=4652, stack(0x000000e100100000,0x000000e100200000) (1024K)]
  0x000001fb7ba37d80 JavaThread "Service Thread"             daemon [_thread_blocked, id=5728, stack(0x000000e100200000,0x000000e100300000) (1024K)]
  0x000001fb7ba387e0 JavaThread "Monitor Deflation Thread"   daemon [_thread_blocked, id=10264, stack(0x000000e100300000,0x000000e100400000) (1024K)]
  0x000001fb7ba39570 JavaThread "C2 CompilerThread0"         daemon [_thread_blocked, id=14124, stack(0x000000e100400000,0x000000e100500000) (1024K)]
  0x000001fb7ba6f230 JavaThread "C1 CompilerThread0"         daemon [_thread_blocked, id=10120, stack(0x000000e100500000,0x000000e100600000) (1024K)]
  0x000001fb450c3a30 JavaThread "Notification Thread"        daemon [_thread_blocked, id=8480, stack(0x000000e100600000,0x000000e100700000) (1024K)]
  0x000001fb450c88c0 JavaThread "Common-Cleaner"             daemon [_thread_blocked, id=11996, stack(0x000000e100700000,0x000000e100800000) (1024K)]
  0x000001fb455b83d0 JavaThread "Java2D Disposer"            daemon [_thread_blocked, id=200, stack(0x000000e100800000,0x000000e100900000) (1024K)]
  0x000001fb455e33c0 JavaThread "AWT-Shutdown"                      [_thread_blocked, id=8184, stack(0x000000e100900000,0x000000e100a00000) (1024K)]
=>0x000001fb455e94c0 JavaThread "AWT-Windows"                daemon [_thread_in_native, id=15172, stack(0x000000e100a00000,0x000000e100b00000) (1024K)]
  0x000001fb4591c680 JavaThread "AWT-EventQueue-0"                  [_thread_blocked, id=10872, stack(0x000000e100b00000,0x000000e100c00000) (1024K)]
  0x000001fb46c73030 JavaThread "mysql-cj-abandoned-connection-cleanup" daemon [_thread_blocked, id=372, stack(0x000000e101100000,0x000000e101200000) (1024K)]
  0x000001fb48b88260 JavaThread "TimerQueue"                 daemon [_thread_blocked, id=10728, stack(0x000000e101300000,0x000000e101400000) (1024K)]
Total: 17

Other Threads:
  0x000001fb7ba15600 VMThread "VM Thread"                           [id=11948, stack(0x000000e17fd00000,0x000000e17fe00000) (1024K)]
  0x000001fb5e4be630 WatcherThread "VM Periodic Task Thread"        [id=11692, stack(0x000000e17fc00000,0x000000e17fd00000) (1024K)]
  0x000001fb5e445b90 WorkerThread "GC Thread#0"                     [id=6944, stack(0x000000e17f700000,0x000000e17f800000) (1024K)]
  0x000001fb46d16a60 WorkerThread "GC Thread#1"                     [id=13580, stack(0x000000e100e00000,0x000000e100f00000) (1024K)]
  0x000001fb46c8d6b0 WorkerThread "GC Thread#2"                     [id=12488, stack(0x000000e100f00000,0x000000e101000000) (1024K)]
  0x000001fb46d77bb0 WorkerThread "GC Thread#3"                     [id=6760, stack(0x000000e101000000,0x000000e101100000) (1024K)]
  0x000001fb5e455550 ConcurrentGCThread "G1 Main Marker"            [id=11504, stack(0x000000e17f800000,0x000000e17f900000) (1024K)]
  0x000001fb5e456210 WorkerThread "G1 Conc#0"                       [id=8116, stack(0x000000e17f900000,0x000000e17fa00000) (1024K)]
  0x000001fb7b8e10a0 ConcurrentGCThread "G1 Refine#0"               [id=3128, stack(0x000000e17fa00000,0x000000e17fb00000) (1024K)]
  0x000001fb5e4b4ed0 ConcurrentGCThread "G1 Service"                [id=11600, stack(0x000000e17fb00000,0x000000e17fc00000) (1024K)]
Total: 10

Threads with active compile tasks:
Total: 0

VM state: not at safepoint (normal execution)

VM Mutex/Monitor currently owned by a thread: None

Heap address: 0x0000000745400000, size: 2988 MB, Compressed Oops mode: Zero based, Oop shift amount: 3

CDS archive(s) mapped at: [0x000001fb00000000-0x000001fb00d70000-0x000001fb00d70000), size 14090240, SharedBaseAddress: 0x000001fb00000000, ArchiveRelocationMode: 1.
Compressed class space mapped at: 0x000001fb01000000-0x000001fb41000000, reserved size: 1073741824
Narrow klass base: 0x000001fb00000000, Narrow klass shift: 0, Narrow klass range: 0x41000000

GC Precious Log:
 CardTable entry size: 512
 Card Set container configuration: InlinePtr #cards 4 size 8 Array Of Cards #cards 16 size 48 Howl #buckets 8 coarsen threshold 3686 Howl Bitmap #cards 512 size 80 coarsen threshold 460 Card regions per heap region 1 cards per card region 4096
 CPUs: 4 total, 4 available
 Memory: 11947M
 Large Page Support: Disabled
 NUMA Support: Disabled
 Compressed Oops: Enabled (Zero based)
 Heap Region Size: 2M
 Heap Min Capacity: 8M
 Heap Initial Capacity: 188M
 Heap Max Capacity: 2988M
 Pre-touch: Disabled
 Parallel Workers: 4
 Concurrent Workers: 1
 Concurrent Refinement Workers: 4
 Periodic GC: Disabled

Heap:
 garbage-first heap   total reserved 3059712K, committed 69632K, used 39989K [0x0000000745400000, 0x0000000800000000)
  region size 2048K, 11 young (22528K), 2 survivors (4096K)
 Metaspace       used 24389K, committed 24704K, reserved 1114112K
  class space    used 2794K, committed 2944K, reserved 1048576K

Heap Regions: E=young(eden), S=young(survivor), O=old, HS=humongous(starts), HC=humongous(continues), CS=collection set, F=free, TAMS=top-at-mark-start, PB=parsable bottom
|   0|0x0000000745400000, 0x0000000745600000, 0x0000000745600000|100%| O|  |TAMS 0x0000000745400000| PB 0x0000000745400000| Untracked |  0
|   1|0x0000000745600000, 0x0000000745800000, 0x0000000745800000|100%| O|  |TAMS 0x0000000745600000| PB 0x0000000745600000| Untracked |  0
|   2|0x0000000745800000, 0x0000000745a00000, 0x0000000745a00000|100%| O|  |TAMS 0x0000000745800000| PB 0x0000000745800000| Untracked |  0
|   3|0x0000000745a00000, 0x0000000745c00000, 0x0000000745c00000|100%|HS|  |TAMS 0x0000000745a00000| PB 0x0000000745a00000| Complete |  0
|   4|0x0000000745c00000, 0x0000000745e00000, 0x0000000745e00000|100%|HC|  |TAMS 0x0000000745c00000| PB 0x0000000745c00000| Complete |  0
|   5|0x0000000745e00000, 0x0000000746000000, 0x0000000746000000|100%| O|Cm|TAMS 0x0000000745e00000| PB 0x0000000745e00000| Complete |  0
|   6|0x0000000746000000, 0x0000000746000000, 0x0000000746200000|  0%| F|  |TAMS 0x0000000746000000| PB 0x0000000746000000| Untracked |  0
|   7|0x0000000746200000, 0x0000000746400000, 0x0000000746400000|100%|HS|  |TAMS 0x0000000746200000| PB 0x0000000746200000| Complete |  0
|   8|0x0000000746400000, 0x0000000746600000, 0x0000000746600000|100%|HC|  |TAMS 0x0000000746400000| PB 0x0000000746400000| Complete |  0
|   9|0x0000000746600000, 0x0000000746800000, 0x0000000746800000|100%|HS|  |TAMS 0x0000000746600000| PB 0x0000000746600000| Complete |  0
|  10|0x0000000746800000, 0x0000000746a00000, 0x0000000746a00000|100%|HC|  |TAMS 0x0000000746800000| PB 0x0000000746800000| Complete |  0
|  11|0x0000000746a00000, 0x0000000746a00000, 0x0000000746c00000|  0%| F|  |TAMS 0x0000000746a00000| PB 0x0000000746a00000| Untracked |  0
|  12|0x0000000746c00000, 0x0000000746c00000, 0x0000000746e00000|  0%| F|  |TAMS 0x0000000746c00000| PB 0x0000000746c00000| Untracked |  0
|  13|0x0000000746e00000, 0x0000000746e00000, 0x0000000747000000|  0%| F|  |TAMS 0x0000000746e00000| PB 0x0000000746e00000| Untracked |  0
|  14|0x0000000747000000, 0x0000000747000000, 0x0000000747200000|  0%| F|  |TAMS 0x0000000747000000| PB 0x0000000747000000| Untracked |  0
|  15|0x0000000747200000, 0x0000000747200000, 0x0000000747400000|  0%| F|  |TAMS 0x0000000747200000| PB 0x0000000747200000| Untracked |  0
|  16|0x0000000747400000, 0x0000000747400000, 0x0000000747600000|  0%| F|  |TAMS 0x0000000747400000| PB 0x0000000747400000| Untracked |  0
|  17|0x0000000747600000, 0x0000000747600000, 0x0000000747800000|  0%| F|  |TAMS 0x0000000747600000| PB 0x0000000747600000| Untracked |  0
|  18|0x0000000747800000, 0x0000000747800000, 0x0000000747a00000|  0%| F|  |TAMS 0x0000000747800000| PB 0x0000000747800000| Untracked |  0
|  19|0x0000000747a00000, 0x0000000747a00000, 0x0000000747c00000|  0%| F|  |TAMS 0x0000000747a00000| PB 0x0000000747a00000| Untracked |  0
|  20|0x0000000747c00000, 0x0000000747c00000, 0x0000000747e00000|  0%| F|  |TAMS 0x0000000747c00000| PB 0x0000000747c00000| Untracked |  0
|  21|0x0000000747e00000, 0x0000000747e00000, 0x0000000748000000|  0%| F|  |TAMS 0x0000000747e00000| PB 0x0000000747e00000| Untracked |  0
|  22|0x0000000748000000, 0x0000000748000000, 0x0000000748200000|  0%| F|  |TAMS 0x0000000748000000| PB 0x0000000748000000| Untracked |  0
|  23|0x0000000748200000, 0x00000007482f5800, 0x0000000748400000| 47%| E|  |TAMS 0x0000000748200000| PB 0x0000000748200000| Complete |  0
|  24|0x0000000748400000, 0x0000000748600000, 0x0000000748600000|100%| E|CS|TAMS 0x0000000748400000| PB 0x0000000748400000| Complete |  0
|  25|0x0000000748600000, 0x0000000748800000, 0x0000000748800000|100%| E|CS|TAMS 0x0000000748600000| PB 0x0000000748600000| Complete |  0
|  26|0x0000000748800000, 0x0000000748a00000, 0x0000000748a00000|100%| E|CS|TAMS 0x0000000748800000| PB 0x0000000748800000| Complete |  0
|  27|0x0000000748a00000, 0x0000000748c00000, 0x0000000748c00000|100%| E|CS|TAMS 0x0000000748a00000| PB 0x0000000748a00000| Complete |  0
|  28|0x0000000748c00000, 0x0000000748e00000, 0x0000000748e00000|100%| E|CS|TAMS 0x0000000748c00000| PB 0x0000000748c00000| Complete |  0
|  29|0x0000000748e00000, 0x0000000749000000, 0x0000000749000000|100%| E|CS|TAMS 0x0000000748e00000| PB 0x0000000748e00000| Complete |  0
|  30|0x0000000749000000, 0x0000000749200000, 0x0000000749200000|100%| E|CS|TAMS 0x0000000749000000| PB 0x0000000749000000| Complete |  0
|  84|0x000000074fc00000, 0x000000074fd0d490, 0x000000074fe00000| 52%| S|CS|TAMS 0x000000074fc00000| PB 0x000000074fc00000| Complete |  0
|  85|0x000000074fe00000, 0x0000000750000000, 0x0000000750000000|100%| S|CS|TAMS 0x000000074fe00000| PB 0x000000074fe00000| Complete |  0
|  93|0x0000000750e00000, 0x0000000751000000, 0x0000000751000000|100%| E|CS|TAMS 0x0000000750e00000| PB 0x0000000750e00000| Complete |  0

Card table byte_map: [0x000001fb76110000,0x000001fb766f0000] _byte_map_base: 0x000001fb726e6000

Marking Bits: (CMBitMap*) 0x000001fb5e4462a0
 Bits: [0x000001fb766f0000, 0x000001fb795a0000)

Polling page: 0x000001fb5c120000

Metaspace:

Usage:
  Non-class:     21.09 MB used.
      Class:      2.73 MB used.
       Both:     23.82 MB used.

Virtual space:
  Non-class space:       64.00 MB reserved,      21.25 MB ( 33%) committed,  1 nodes.
      Class space:        1.00 GB reserved,       2.88 MB ( <1%) committed,  1 nodes.
             Both:        1.06 GB reserved,      24.12 MB (  2%) committed. 

Chunk freelists:
   Non-Class:  10.38 MB
       Class:  13.16 MB
        Both:  23.55 MB

MaxMetaspaceSize: unlimited
CompressedClassSpaceSize: 1.00 GB
Initial GC threshold: 21.00 MB
Current GC threshold: 35.12 MB
CDS: on
 - commit_granule_bytes: 65536.
 - commit_granule_words: 8192.
 - virtual_space_node_default_size: 8388608.
 - enlarge_chunks_in_place: 1.
 - use_allocation_guard: 0.


Internal statistics:

num_allocs_failed_limit: 3.
num_arena_births: 324.
num_arena_deaths: 0.
num_vsnodes_births: 2.
num_vsnodes_deaths: 0.
num_space_committed: 386.
num_space_uncommitted: 0.
num_chunks_returned_to_freelist: 3.
num_chunks_taken_from_freelist: 595.
num_chunk_merges: 0.
num_chunk_splits: 359.
num_chunks_enlarged: 172.
num_inconsistent_stats: 0.

CodeHeap 'non-profiled nmethods': size=120064Kb used=1395Kb max_used=1395Kb free=118668Kb
 bounds [0x000001fb6e5f0000, 0x000001fb6e860000, 0x000001fb75b30000]
CodeHeap 'profiled nmethods': size=120000Kb used=6776Kb max_used=6776Kb free=113223Kb
 bounds [0x000001fb66b30000, 0x000001fb671d0000, 0x000001fb6e060000]
CodeHeap 'non-nmethods': size=5696Kb used=1801Kb max_used=1831Kb free=3894Kb
 bounds [0x000001fb6e060000, 0x000001fb6e2d0000, 0x000001fb6e5f0000]
CodeCache: size=245760Kb, used=9972Kb, max_used=10002Kb, free=235785Kb
 total_blobs=5208, nmethods=4373, adapters=740, full_count=0
Compilation: enabled, stopped_count=0, restarted_count=0

Compilation events (20 events):
Event: 6811.905 Thread 0x000001fb7ba6f230 4364       3       java.util.LinkedList::linkLast (59 bytes)
Event: 6811.905 Thread 0x000001fb7ba6f230 nmethod 4364 0x000001fb671ca808 code [0x000001fb671ca940, 0x000001fb671cadb8]
Event: 6811.905 Thread 0x000001fb7ba39570 4365  s    4       java.awt.KeyboardFocusManager::getCurrentKeyboardFocusManager (32 bytes)
Event: 6811.906 Thread 0x000001fb7ba39570 nmethod 4365 0x000001fb6e74ab08 code [0x000001fb6e74ac40, 0x000001fb6e74afe0]
Event: 6838.075 Thread 0x000001fb7ba6f230 4366  s    3       sun.awt.windows.WDesktopProperties::setColorProperty (94 bytes)
Event: 6838.076 Thread 0x000001fb7ba6f230 nmethod 4366 0x000001fb671cae08 code [0x000001fb671cb000, 0x000001fb671cbef0]
Event: 6838.080 Thread 0x000001fb7ba39570 4367       4       java.util.HashMap::putVal (300 bytes)
Event: 6838.093 Thread 0x000001fb7ba39570 nmethod 4367 0x000001fb6e74b008 code [0x000001fb6e74b1c0, 0x000001fb6e74bdc0]
Event: 6924.868 Thread 0x000001fb7ba39570 4368       4       sun.awt.AWTAutoShutdown::notifyToolkitThreadBusy (8 bytes)
Event: 6924.875 Thread 0x000001fb7ba39570 nmethod 4368 0x000001fb6e74be88 code [0x000001fb6e74bfc0, 0x000001fb6e74c4f0]
Event: 6925.083 Thread 0x000001fb7ba39570 4369       4       sun.awt.AWTAutoShutdown::notifyToolkitThreadFree (8 bytes)
Event: 6925.085 Thread 0x000001fb7ba39570 nmethod 4369 0x000001fb6e74c588 code [0x000001fb6e74c6c0, 0x000001fb6e74cbb0]
Event: 6952.808 Thread 0x000001fb7ba6f230 4370       3       java.util.HashMap::putMapEntries (170 bytes)
Event: 6952.808 Thread 0x000001fb7ba6f230 nmethod 4370 0x000001fb671cbf88 code [0x000001fb671cc1e0, 0x000001fb671cd028]
Event: 6952.810 Thread 0x000001fb7ba6f230 4371       3       java.awt.Color::testColorValueRange (121 bytes)
Event: 6952.810 Thread 0x000001fb7ba6f230 nmethod 4371 0x000001fb671cd088 code [0x000001fb671cd220, 0x000001fb671cd7e8]
Event: 6953.046 Thread 0x000001fb7ba6f230 4372  s    3       sun.awt.windows.WDesktopProperties::setIntegerProperty (57 bytes)
Event: 6953.047 Thread 0x000001fb7ba6f230 nmethod 4372 0x000001fb671cd808 code [0x000001fb671cd9c0, 0x000001fb671ce300]
Event: 6953.073 Thread 0x000001fb7ba39570 4373       4       java.util.HashMap::put (13 bytes)
Event: 6953.077 Thread 0x000001fb7ba39570 nmethod 4373 0x000001fb6e74cc08 code [0x000001fb6e74cd20, 0x000001fb6e74ce60]

GC Heap History (6 events):
Event: 1.602 GC heap before
{Heap before GC invocations=0 (full 0):
 garbage-first heap   total reserved 3059712K, committed 192512K, used 12288K [0x0000000745400000, 0x0000000800000000)
  region size 2048K, 7 young (14336K), 0 survivors (0K)
 Metaspace       used 9295K, committed 9536K, reserved 1114112K
  class space    used 1048K, committed 1152K, reserved 1048576K
}
Event: 1.609 GC heap after
{Heap after GC invocations=1 (full 0):
 garbage-first heap   total reserved 3059712K, committed 192512K, used 7040K [0x0000000745400000, 0x0000000800000000)
  region size 2048K, 1 young (2048K), 1 survivors (2048K)
 Metaspace       used 9295K, committed 9536K, reserved 1114112K
  class space    used 1048K, committed 1152K, reserved 1048576K
}
Event: 1.978 GC heap before
{Heap before GC invocations=1 (full 0):
 garbage-first heap   total reserved 3059712K, committed 192512K, used 19328K [0x0000000745400000, 0x0000000800000000)
  region size 2048K, 6 young (12288K), 1 survivors (2048K)
 Metaspace       used 14016K, committed 14400K, reserved 1114112K
  class space    used 1539K, committed 1728K, reserved 1048576K
}
Event: 1.981 GC heap after
{Heap after GC invocations=2 (full 0):
 garbage-first heap   total reserved 3059712K, committed 192512K, used 14468K [0x0000000745400000, 0x0000000800000000)
  region size 2048K, 1 young (2048K), 1 survivors (2048K)
 Metaspace       used 14016K, committed 14400K, reserved 1114112K
  class space    used 1539K, committed 1728K, reserved 1048576K
}
Event: 5.413 GC heap before
{Heap before GC invocations=2 (full 0):
 garbage-first heap   total reserved 3059712K, committed 192512K, used 30852K [0x0000000745400000, 0x0000000800000000)
  region size 2048K, 8 young (16384K), 1 survivors (2048K)
 Metaspace       used 21258K, committed 21504K, reserved 1114112K
  class space    used 2454K, committed 2560K, reserved 1048576K
}
Event: 5.416 GC heap after
{Heap after GC invocations=3 (full 0):
 garbage-first heap   total reserved 3059712K, committed 192512K, used 19641K [0x0000000745400000, 0x0000000800000000)
  region size 2048K, 2 young (4096K), 2 survivors (4096K)
 Metaspace       used 21258K, committed 21504K, reserved 1114112K
  class space    used 2454K, committed 2560K, reserved 1048576K
}

Dll operation events (12 events):
Event: 0.033 Loaded shared library C:\Program Files\Java\jdk-23\bin\java.dll
Event: 0.238 Loaded shared library C:\Program Files\Java\jdk-23\bin\jsvml.dll
Event: 0.618 Loaded shared library C:\Program Files\Java\jdk-23\bin\net.dll
Event: 0.620 Loaded shared library C:\Program Files\Java\jdk-23\bin\nio.dll
Event: 0.624 Loaded shared library C:\Program Files\Java\jdk-23\bin\zip.dll
Event: 0.727 Loaded shared library C:\Program Files\Java\jdk-23\bin\extnet.dll
Event: 0.752 Loaded shared library C:\Program Files\Java\jdk-23\bin\jimage.dll
Event: 0.798 Loaded shared library C:\Program Files\Java\jdk-23\bin\awt.dll
Event: 1.025 Loaded shared library C:\Program Files\Java\jdk-23\bin\freetype.dll
Event: 1.026 Loaded shared library C:\Program Files\Java\jdk-23\bin\fontmanager.dll
Event: 2.168 Loaded shared library C:\Program Files\Java\jdk-23\bin\sunmscapi.dll
Event: 5.399 Loaded shared library C:\Program Files\Java\jdk-23\bin\verify.dll

Deoptimization events (20 events):
Event: 6810.557 Thread 0x000001fb4591c680 DEOPT PACKING pc=0x000001fb6e7197f4 sp=0x000000e100bff2b0
Event: 6810.557 Thread 0x000001fb4591c680 DEOPT UNPACKING pc=0x000001fb6e0b4402 sp=0x000000e100bff190 mode 2
Event: 6810.557 Thread 0x000001fb4591c680 Uncommon trap: trap_request=0xffffff45 fr.pc=0x000001fb6e72a3a8 relative=0x0000000000000088
Event: 6810.557 Thread 0x000001fb4591c680 Uncommon trap: reason=unstable_if action=reinterpret pc=0x000001fb6e72a3a8 method=java.awt.EventQueue.eventToCacheIndex(Ljava/awt/AWTEvent;)I @ 4 c2
Event: 6810.557 Thread 0x000001fb4591c680 DEOPT PACKING pc=0x000001fb6e72a3a8 sp=0x000000e100bff040
Event: 6810.557 Thread 0x000001fb4591c680 DEOPT UNPACKING pc=0x000001fb6e0b4402 sp=0x000000e100bfefe0 mode 2
Event: 6810.589 Thread 0x000001fb4591c680 DEOPT PACKING pc=0x000001fb66d16a43 sp=0x000000e100bfcf20
Event: 6810.589 Thread 0x000001fb4591c680 DEOPT UNPACKING pc=0x000001fb6e0b4b22 sp=0x000000e100bfc370 mode 0
Event: 6810.591 Thread 0x000001fb4591c680 DEOPT PACKING pc=0x000001fb66d16a43 sp=0x000000e100bfcf20
Event: 6810.591 Thread 0x000001fb4591c680 DEOPT UNPACKING pc=0x000001fb6e0b4b22 sp=0x000000e100bfc370 mode 0
Event: 6810.593 Thread 0x000001fb4591c680 DEOPT PACKING pc=0x000001fb66d16a43 sp=0x000000e100bfcda0
Event: 6810.593 Thread 0x000001fb4591c680 DEOPT UNPACKING pc=0x000001fb6e0b4b22 sp=0x000000e100bfc1f0 mode 0
Event: 6810.776 Thread 0x000001fb4591c680 Uncommon trap: trap_request=0xffffff45 fr.pc=0x000001fb6e710d80 relative=0x00000000000004a0
Event: 6810.776 Thread 0x000001fb4591c680 Uncommon trap: reason=unstable_if action=reinterpret pc=0x000001fb6e710d80 method=sun.java2d.loops.GraphicsPrimitiveMgr.locatePrim(ILsun/java2d/loops/SurfaceType;Lsun/java2d/loops/CompositeType;Lsun/java2d/loops/SurfaceType;)Lsun/java2d/loops/GraphicsPrim
Event: 6810.776 Thread 0x000001fb4591c680 DEOPT PACKING pc=0x000001fb6e710d80 sp=0x000000e100bfe510
Event: 6810.776 Thread 0x000001fb4591c680 DEOPT UNPACKING pc=0x000001fb6e0b4402 sp=0x000000e100bfe4c8 mode 2
Event: 6810.789 Thread 0x000001fb4591c680 Uncommon trap: trap_request=0xffffff45 fr.pc=0x000001fb6e734028 relative=0x0000000000000248
Event: 6810.789 Thread 0x000001fb4591c680 Uncommon trap: reason=unstable_if action=reinterpret pc=0x000001fb6e734028 method=sun.java2d.SunGraphics2D.validateColor()V @ 38 c2
Event: 6810.789 Thread 0x000001fb4591c680 DEOPT PACKING pc=0x000001fb6e734028 sp=0x000000e100bfe400
Event: 6810.789 Thread 0x000001fb4591c680 DEOPT UNPACKING pc=0x000001fb6e0b4402 sp=0x000000e100bfe378 mode 2

Classes loaded (20 events):
Event: 28.616 Loading class sun/awt/DebugSettings
Event: 28.617 Loading class sun/awt/DebugSettings done
Event: 28.617 Loading class javax/swing/JComponent$KeyboardState
Event: 28.617 Loading class javax/swing/JComponent$KeyboardState done
Event: 28.617 Loading class javax/swing/JComponent$IntVector
Event: 28.617 Loading class javax/swing/JComponent$IntVector done
Event: 28.617 Loading class javax/swing/JComponent$ActionStandin
Event: 28.617 Loading class javax/swing/JComponent$ActionStandin done
Event: 28.735 Loading class javax/swing/JMenuBar
Event: 28.735 Loading class javax/swing/JMenuBar done
Event: 32.443 Loading class javax/swing/JTable$DropLocation
Event: 32.443 Loading class javax/swing/TransferHandler$DropLocation
Event: 32.443 Loading class javax/swing/TransferHandler$DropLocation done
Event: 32.443 Loading class javax/swing/JTable$DropLocation done
Event: 32.444 Loading class javax/swing/plaf/basic/BasicTableUI$Actions
Event: 32.444 Loading class javax/swing/plaf/basic/BasicTableUI$Actions done
Event: 32.451 Loading class jdk/internal/math/FormattedFPDecimal
Event: 32.451 Loading class jdk/internal/math/FormattedFPDecimal done
Event: 6810.731 Loading class javax/swing/RepaintManager$DisplayChangedRunnable
Event: 6810.731 Loading class javax/swing/RepaintManager$DisplayChangedRunnable done

Classes unloaded (0 events):
No events

Classes redefined (0 events):
No events

Internal exceptions (20 events):
Event: 0.971 Thread 0x000001fb5c15e660 Exception <a 'java/lang/ClassNotFoundException'{0x00000007508c82a8}: com/sun/swing/internal/plaf/metal/resources/spi/metalProvider> (0x00000007508c82a8) 
thrown [s\open\src\hotspot\share\classfile\systemDictionary.cpp, line 313]
Event: 0.972 Thread 0x000001fb5c15e660 Exception <a 'java/lang/ClassNotFoundException'{0x00000007508cc268}: com/sun/swing/internal/plaf/basic/resources/spi/basicProvider> (0x00000007508cc268) 
thrown [s\open\src\hotspot\share\classfile\systemDictionary.cpp, line 313]
Event: 0.983 Thread 0x000001fb5c15e660 Exception <a 'java/lang/NoSuchMethodError'{0x00000007508ec448}: 'int java.lang.invoke.Invokers$Holder.invokeExact_MT(java.lang.Object, java.lang.Object)'> (0x00000007508ec448) 
thrown [s\open\src\hotspot\share\interpreter\linkResolver.cpp, line 796]
Event: 0.987 Thread 0x000001fb5c15e660 Exception <a 'java/lang/NoSuchMethodError'{0x00000007508f7480}: 'void java.lang.invoke.DirectMethodHandle$Holder.invokeStaticInit(java.lang.Object)'> (0x00000007508f7480) 
thrown [s\open\src\hotspot\share\interpreter\linkResolver.cpp, line 796]
Event: 1.005 Thread 0x000001fb5c15e660 Exception <a 'java/lang/ClassNotFoundException'{0x0000000750952648}: com/sun/java/swing/plaf/windows/resources/spi/windowsProvider> (0x0000000750952648) 
thrown [s\open\src\hotspot\share\classfile\systemDictionary.cpp, line 313]
Event: 1.010 Thread 0x000001fb5c15e660 Exception <a 'java/lang/NoSuchMethodError'{0x000000075095c6b0}: 'java.lang.Object java.lang.invoke.DirectMethodHandle$Holder.invokeStatic(java.lang.Object, java.lang.Object, int, java.lang.Object)'> (0x000000075095c6b0) 
thrown [s\open\src\hotspot\share\interpreter\linkResolver.cpp, line 796]
Event: 1.011 Thread 0x000001fb5c15e660 Exception <a 'java/lang/NoSuchMethodError'{0x0000000750962960}: 'java.lang.Object java.lang.invoke.DirectMethodHandle$Holder.newInvokeSpecial(java.lang.Object, java.lang.Object, int)'> (0x0000000750962960) 
thrown [s\open\src\hotspot\share\interpreter\linkResolver.cpp, line 796]
Event: 1.077 Thread 0x000001fb455e94c0 Exception <a 'java/lang/NoSuchMethodError'{0x0000000750b7d008}: 'void java.lang.invoke.DirectMethodHandle$Holder.invokeVirtual(java.lang.Object, java.lang.Object)'> (0x0000000750b7d008) 
thrown [s\open\src\hotspot\share\interpreter\linkResolver.cpp, line 796]
Event: 1.260 Thread 0x000001fb45bd1000 Exception <a 'java/lang/NoSuchMethodError'{0x0000000750438048}: 'java.lang.Object java.lang.invoke.DirectMethodHandle$Holder.newInvokeSpecial(java.lang.Object, java.lang.Object, java.lang.Object, int, int, int, int, int)'> (0x0000000750438048) 
thrown [s\open\src\hotspot\share\interpreter\linkResolver.cpp, line 796]
Event: 1.708 Thread 0x000001fb5c15e660 Exception <a 'java/lang/NoSuchMethodError'{0x0000000750c3f938}: 'java.lang.Object java.lang.invoke.DirectMethodHandle$Holder.invokeInterface(java.lang.Object, java.lang.Object)'> (0x0000000750c3f938) 
thrown [s\open\src\hotspot\share\interpreter\linkResolver.cpp, line 796]
Event: 1.731 Thread 0x000001fb5c15e660 Exception <a 'java/lang/NoSuchMethodError'{0x0000000750cca0a8}: 'java.lang.Object java.lang.invoke.DirectMethodHandle$Holder.invokeVirtual(java.lang.Object, java.lang.Object, java.lang.Object)'> (0x0000000750cca0a8) 
thrown [s\open\src\hotspot\share\interpreter\linkResolver.cpp, line 796]
Event: 2.043 Thread 0x000001fb5c15e660 Exception <a 'sun/nio/fs/WindowsException'{0x0000000750a11b20}> (0x0000000750a11b20) 
thrown [s\open\src\hotspot\share\prims\jni.cpp, line 520]
Event: 2.095 Thread 0x000001fb5c15e660 Exception <a 'java/lang/NoSuchMethodError'{0x0000000750ab84e8}: 'java.lang.Object java.lang.invoke.DirectMethodHandle$Holder.invokeStaticInit(java.lang.Object, int, int, int, int)'> (0x0000000750ab84e8) 
thrown [s\open\src\hotspot\share\interpreter\linkResolver.cpp, line 796]
Event: 2.116 Thread 0x000001fb5c15e660 Exception <a 'java/lang/NoSuchMethodError'{0x0000000750b7b6f0}: 'java.lang.Object java.lang.invoke.DirectMethodHandle$Holder.invokeStaticInit(java.lang.Object, java.lang.Object, int, int, int, int)'> (0x0000000750b7b6f0) 
thrown [s\open\src\hotspot\share\interpreter\linkResolver.cpp, line 796]
Event: 2.651 Thread 0x000001fb5c15e660 Exception <a 'java/lang/NoSuchMethodError'{0x0000000750713360}: 'int java.lang.invoke.DirectMethodHandle$Holder.invokeSpecial(java.lang.Object, java.lang.Object, java.lang.Object)'> (0x0000000750713360) 
thrown [s\open\src\hotspot\share\interpreter\linkResolver.cpp, line 796]
Event: 2.651 Thread 0x000001fb5c15e660 Exception <a 'java/lang/NoSuchMethodError'{0x000000075071d650}: 'void java.lang.invoke.DelegatingMethodHandle$Holder.reinvoke_L(java.lang.Object, java.lang.Object, int)'> (0x000000075071d650) 
thrown [s\open\src\hotspot\share\interpreter\linkResolver.cpp, line 796]
Event: 2.652 Thread 0x000001fb5c15e660 Exception <a 'java/lang/NoSuchMethodError'{0x0000000750724000}: 'int java.lang.invoke.Invokers$Holder.invokeExact_MT(java.lang.Object, java.lang.Object, java.lang.Object)'> (0x0000000750724000) 
thrown [s\open\src\hotspot\share\interpreter\linkResolver.cpp, line 796]
Event: 10.568 Thread 0x000001fb4591c680 Exception <a 'java/lang/NoSuchMethodError'{0x0000000748f6a0f0}: 'java.lang.Object java.lang.invoke.DirectMethodHandle$Holder.invokeSpecial(java.lang.Object, java.lang.Object, java.lang.Object, java.lang.Object, int)'> (0x0000000748f6a0f0) 
thrown [s\open\src\hotspot\share\interpreter\linkResolver.cpp, line 796]
Event: 10.569 Thread 0x000001fb4591c680 Exception <a 'java/lang/NoSuchMethodError'{0x0000000748f6da60}: 'java.lang.Object java.lang.invoke.Invokers$Holder.linkToTargetMethod(java.lang.Object, java.lang.Object, int, java.lang.Object)'> (0x0000000748f6da60) 
thrown [s\open\src\hotspot\share\interpreter\linkResolver.cpp, line 796]
Event: 10.768 Thread 0x000001fb4591c680 Exception <a 'java/lang/NoSuchMethodError'{0x0000000748f9a638}: 'void java.lang.invoke.Invokers$Holder.invokeExact_MT(java.lang.Object, java.lang.Object, java.lang.Object, java.lang.Object)'> (0x0000000748f9a638) 
thrown [s\open\src\hotspot\share\interpreter\linkResolver.cpp, line 796]

VM Operations (20 events):
Event: 10.763 Executing VM operation: HandshakeAllThreads (Deoptimize)
Event: 10.763 Executing VM operation: HandshakeAllThreads (Deoptimize) done
Event: 27.675 Executing VM operation: HandshakeAllThreads (Deoptimize)
Event: 27.675 Executing VM operation: HandshakeAllThreads (Deoptimize) done
Event: 60.179 Executing VM operation: HandshakeAllThreads (HandshakeForDeflation)
Event: 60.179 Executing VM operation: HandshakeAllThreads (HandshakeForDeflation) done
Event: 60.179 Executing VM operation: RendezvousGCThreads
Event: 60.179 Executing VM operation: RendezvousGCThreads done
Event: 120.239 Executing VM operation: HandshakeAllThreads (HandshakeForDeflation)
Event: 120.239 Executing VM operation: HandshakeAllThreads (HandshakeForDeflation) done
Event: 120.239 Executing VM operation: RendezvousGCThreads
Event: 120.239 Executing VM operation: RendezvousGCThreads done
Event: 3907.948 Executing VM operation: HandshakeAllThreads (HandshakeForDeflation)
Event: 3907.948 Executing VM operation: HandshakeAllThreads (HandshakeForDeflation) done
Event: 3907.949 Executing VM operation: RendezvousGCThreads
Event: 3907.949 Executing VM operation: RendezvousGCThreads done
Event: 6854.075 Executing VM operation: HandshakeAllThreads (HandshakeForDeflation)
Event: 6854.075 Executing VM operation: HandshakeAllThreads (HandshakeForDeflation) done
Event: 6854.075 Executing VM operation: RendezvousGCThreads
Event: 6854.075 Executing VM operation: RendezvousGCThreads done

Memory protections (0 events):
No events

Nmethod flushes (0 events):
No events

Events (20 events):
Event: 0.874 Thread 0x000001fb5c15e660 Thread added: 0x000001fb455e94c0
Event: 1.069 Thread 0x000001fb5c15e660 Thread added: 0x000001fb4591c680
Event: 1.181 Thread 0x000001fb5c15e660 Thread added: 0x000001fb45bd1000
Event: 1.519 Thread 0x000001fb7ba6f230 Thread added: 0x000001fb46c93260
Event: 1.658 Thread 0x000001fb5c15e660 Thread added: 0x000001fb46c73030
Event: 2.232 Thread 0x000001fb46c93260 Thread exited: 0x000001fb46c93260
Event: 2.282 Thread 0x000001fb7ba6f230 Thread added: 0x000001fb46c93260
Event: 2.589 Thread 0x000001fb46c93260 Thread exited: 0x000001fb46c93260
Event: 2.910 Thread 0x000001fb5c15e660 Thread added: 0x000001fb47b23010
Event: 3.551 Thread 0x000001fb7ba6f230 Thread added: 0x000001fb47772e40
Event: 4.111 Thread 0x000001fb47772e40 Thread exited: 0x000001fb47772e40
Event: 5.450 Thread 0x000001fb7ba6f230 Thread added: 0x000001fb48b93e60
Event: 5.464 Thread 0x000001fb4591c680 Thread added: 0x000001fb48b88260
Event: 6.114 Thread 0x000001fb48b93e60 Thread exited: 0x000001fb48b93e60
Event: 10.542 Thread 0x000001fb45bd1000 Thread exited: 0x000001fb45bd1000
Event: 10.816 Thread 0x000001fb7ba6f230 Thread added: 0x000001fb453c2580
Event: 11.096 Thread 0x000001fb453c2580 Thread exited: 0x000001fb453c2580
Event: 22.944 Thread 0x000001fb47b23010 Thread exited: 0x000001fb47b23010
Event: 23.875 Thread 0x000001fb4591c680 Thread added: 0x000001fb451de6b0
Event: 68.925 Thread 0x000001fb451de6b0 Thread exited: 0x000001fb451de6b0


Dynamic libraries:
0x00007ff6b5980000 - 0x00007ff6b5990000 	C:\Program Files\Java\jdk-23\bin\java.exe
0x00007ffe7cc10000 - 0x00007ffe7ce08000 	C:\WINDOWS\SYSTEM32\ntdll.dll
0x00007ffe7b8d0000 - 0x00007ffe7b992000 	C:\WINDOWS\System32\KERNEL32.DLL
0x00007ffe7a320000 - 0x00007ffe7a616000 	C:\WINDOWS\System32\KERNELBASE.dll
0x00007ffe7a6a0000 - 0x00007ffe7a7a0000 	C:\WINDOWS\System32\ucrtbase.dll
0x00007ffe76d20000 - 0x00007ffe76d3b000 	C:\Program Files\Java\jdk-23\bin\VCRUNTIME140.dll
0x00007ffe4b4b0000 - 0x00007ffe4b4c7000 	C:\Program Files\Java\jdk-23\bin\jli.dll
0x00007ffe7bed0000 - 0x00007ffe7c06d000 	C:\WINDOWS\System32\USER32.dll
0x00007ffe7a670000 - 0x00007ffe7a692000 	C:\WINDOWS\System32\win32u.dll
0x00007ffe7c990000 - 0x00007ffe7c9bb000 	C:\WINDOWS\System32\GDI32.dll
0x00007ffe7a9b0000 - 0x00007ffe7aac9000 	C:\WINDOWS\System32\gdi32full.dll
0x00007ffe7aad0000 - 0x00007ffe7ab6d000 	C:\WINDOWS\System32\msvcp_win.dll
0x00007ffe79640000 - 0x00007ffe798da000 	C:\WINDOWS\WinSxS\amd64_microsoft.windows.common-controls_6595b64144ccf1df_6.0.19041.5915_none_60b4b9d171f9c7c7\COMCTL32.dll
0x00007ffe7bd00000 - 0x00007ffe7bd9e000 	C:\WINDOWS\System32\msvcrt.dll
0x00007ffe7b280000 - 0x00007ffe7b2af000 	C:\WINDOWS\System32\IMM32.DLL
0x00007ffe78300000 - 0x00007ffe7830c000 	C:\Program Files\Java\jdk-23\bin\vcruntime140_1.dll
0x00007ffe29310000 - 0x00007ffe2939e000 	C:\Program Files\Java\jdk-23\bin\msvcp140.dll
0x00007ffe165d0000 - 0x00007ffe1731f000 	C:\Program Files\Java\jdk-23\bin\server\jvm.dll
0x00007ffe7b660000 - 0x00007ffe7b711000 	C:\WINDOWS\System32\ADVAPI32.dll
0x00007ffe7ad70000 - 0x00007ffe7ae0f000 	C:\WINDOWS\System32\sechost.dll
0x00007ffe7c9c0000 - 0x00007ffe7cae3000 	C:\WINDOWS\System32\RPCRT4.dll
0x00007ffe7ac00000 - 0x00007ffe7ac27000 	C:\WINDOWS\System32\bcrypt.dll
0x00007ffe7b3e0000 - 0x00007ffe7b44b000 	C:\WINDOWS\System32\WS2_32.dll
0x00007ffe79e90000 - 0x00007ffe79edb000 	C:\WINDOWS\SYSTEM32\POWRPROF.dll
0x00007ffe6a660000 - 0x00007ffe6a687000 	C:\WINDOWS\SYSTEM32\WINMM.dll
0x00007ffe6f7f0000 - 0x00007ffe6f7fa000 	C:\WINDOWS\SYSTEM32\VERSION.dll
0x00007ffe799d0000 - 0x00007ffe799e2000 	C:\WINDOWS\SYSTEM32\UMPDC.dll
0x00007ffe771f0000 - 0x00007ffe77202000 	C:\WINDOWS\SYSTEM32\kernel.appcore.dll
0x00007ffe6f650000 - 0x00007ffe6f65a000 	C:\Program Files\Java\jdk-23\bin\jimage.dll
0x00007ffe79c80000 - 0x00007ffe79e81000 	C:\WINDOWS\SYSTEM32\DBGHELP.DLL
0x00007ffe79bc0000 - 0x00007ffe79bf4000 	C:\WINDOWS\SYSTEM32\dbgcore.DLL
0x00007ffe7ab70000 - 0x00007ffe7abf2000 	C:\WINDOWS\System32\bcryptPrimitives.dll
0x00007ffe67870000 - 0x00007ffe6788e000 	C:\Program Files\Java\jdk-23\bin\java.dll
0x00007ffe7b2b0000 - 0x00007ffe7b3db000 	C:\WINDOWS\System32\ole32.dll
0x00007ffe7b9a0000 - 0x00007ffe7bcf3000 	C:\WINDOWS\System32\combase.dll
0x00007ffe7c070000 - 0x00007ffe7c7de000 	C:\WINDOWS\System32\SHELL32.dll
0x00007ffe773f0000 - 0x00007ffe77b94000 	C:\WINDOWS\SYSTEM32\windows.storage.dll
0x00007ffe794c0000 - 0x00007ffe794eb000 	C:\WINDOWS\SYSTEM32\Wldp.dll
0x00007ffe7c8c0000 - 0x00007ffe7c98d000 	C:\WINDOWS\System32\OLEAUT32.dll
0x00007ffe7aca0000 - 0x00007ffe7ad4d000 	C:\WINDOWS\System32\SHCORE.dll
0x00007ffe7b860000 - 0x00007ffe7b8bb000 	C:\WINDOWS\System32\shlwapi.dll
0x00007ffe7a1d0000 - 0x00007ffe7a1f4000 	C:\WINDOWS\SYSTEM32\profapi.dll
0x00007ffe29490000 - 0x00007ffe29567000 	C:\Program Files\Java\jdk-23\bin\jsvml.dll
0x00007ffe6e6f0000 - 0x00007ffe6e700000 	C:\Program Files\Java\jdk-23\bin\net.dll
0x00007ffe792a0000 - 0x00007ffe7930a000 	C:\WINDOWS\system32\mswsock.dll
0x00007ffe53750000 - 0x00007ffe53766000 	C:\Program Files\Java\jdk-23\bin\nio.dll
0x00007ffe53020000 - 0x00007ffe53037000 	C:\Program Files\Java\jdk-23\bin\zip.dll
0x00007ffe55f20000 - 0x00007ffe55f29000 	C:\Program Files\Java\jdk-23\bin\extnet.dll
0x00007ffe23ec0000 - 0x00007ffe2404e000 	C:\Program Files\Java\jdk-23\bin\awt.dll
0x00007ffe764f0000 - 0x00007ffe76584000 	C:\WINDOWS\SYSTEM32\apphelp.dll
0x00007ffe77010000 - 0x00007ffe7703f000 	C:\WINDOWS\system32\DWMAPI.DLL
0x00007ffe76df0000 - 0x00007ffe76e8e000 	C:\WINDOWS\system32\uxtheme.dll
0x00007ffe41c20000 - 0x00007ffe41d48000 	C:\WINDOWS\system32\opengl32.dll
0x00007ffe4fed0000 - 0x00007ffe4fefc000 	C:\WINDOWS\SYSTEM32\GLU32.dll
0x00007ffe7bda0000 - 0x00007ffe7beb5000 	C:\WINDOWS\System32\MSCTF.dll
0x00007ffe73e00000 - 0x00007ffe73e3b000 	C:\WINDOWS\SYSTEM32\dxcore.dll
0x00007ffe7a620000 - 0x00007ffe7a66e000 	C:\WINDOWS\System32\cfgmgr32.dll
0x00007ffe24630000 - 0x00007ffe246b7000 	C:\Program Files\Java\jdk-23\bin\freetype.dll
0x00007ffe23de0000 - 0x00007ffe23eb7000 	C:\Program Files\Java\jdk-23\bin\fontmanager.dll
0x00007ffe6cca0000 - 0x00007ffe6cd99000 	C:\WINDOWS\SYSTEM32\textinputframework.dll
0x00007ffe75f20000 - 0x00007ffe76012000 	C:\WINDOWS\System32\CoreMessaging.dll
0x00007ffe75bc0000 - 0x00007ffe75f1b000 	C:\WINDOWS\System32\CoreUIComponents.dll
0x00007ffe79fd0000 - 0x00007ffe7a003000 	C:\WINDOWS\SYSTEM32\ntmarta.dll
0x00007ffe75470000 - 0x00007ffe755c7000 	C:\WINDOWS\SYSTEM32\wintypes.dll
0x00007ffe56d70000 - 0x00007ffe56dd6000 	C:\WINDOWS\system32\Oleacc.dll
0x00007ffe7b720000 - 0x00007ffe7b7c9000 	C:\WINDOWS\System32\clbcatq.dll
0x00007ffe7a010000 - 0x00007ffe7a028000 	C:\WINDOWS\SYSTEM32\CRYPTSP.dll
0x00007ffe78be0000 - 0x00007ffe78c18000 	C:\WINDOWS\system32\rsaenh.dll
0x00007ffe7a190000 - 0x00007ffe7a1be000 	C:\WINDOWS\SYSTEM32\USERENV.dll
0x00007ffe79430000 - 0x00007ffe7943c000 	C:\WINDOWS\SYSTEM32\CRYPTBASE.dll
0x00007ffe78f40000 - 0x00007ffe78f7b000 	C:\WINDOWS\SYSTEM32\IPHLPAPI.DLL
0x00007ffe7ac30000 - 0x00007ffe7ac38000 	C:\WINDOWS\System32\NSI.dll
0x00007ffe512a0000 - 0x00007ffe512ae000 	C:\Program Files\Java\jdk-23\bin\sunmscapi.dll
0x00007ffe7a7a0000 - 0x00007ffe7a8fd000 	C:\WINDOWS\System32\CRYPT32.dll
0x00007ffe79610000 - 0x00007ffe79637000 	C:\WINDOWS\SYSTEM32\ncrypt.dll
0x00007ffe795d0000 - 0x00007ffe7960b000 	C:\WINDOWS\SYSTEM32\NTASN1.dll
0x00007ffe56140000 - 0x00007ffe56150000 	C:\Program Files\Java\jdk-23\bin\verify.dll
0x00007ffe76a80000 - 0x00007ffe76c36000 	C:\WINDOWS\SYSTEM32\WindowsCodecs.dll
0x00007ffe52f70000 - 0x00007ffe52fae000 	C:\WINDOWS\system32\dataexchange.dll
0x00007ffe75190000 - 0x00007ffe753f4000 	C:\WINDOWS\system32\d3d11.dll
0x00007ffe75650000 - 0x00007ffe75834000 	C:\WINDOWS\system32\dcomp.dll
0x00007ffe77bf0000 - 0x00007ffe77ce6000 	C:\WINDOWS\system32\dxgi.dll
0x00007ffe724f0000 - 0x00007ffe726f3000 	C:\WINDOWS\system32\twinapi.appcore.dll

dbghelp: loaded successfully - version: 4.0.5 - missing functions: none
symbol engine: initialized successfully - sym options: 0x614 - pdb path: .;C:\Program Files\Java\jdk-23\bin;C:\WINDOWS\SYSTEM32;C:\WINDOWS\WinSxS\amd64_microsoft.windows.common-controls_6595b64144ccf1df_6.0.19041.5915_none_60b4b9d171f9c7c7;C:\Program Files\Java\jdk-23\bin\server

VM Arguments:
jvm_args: -Dfile.encoding=UTF-8 
java_command: Inicio.SingleInstanceApp
java_class_path (initial): C:\Users\IT\Documents\NetBeansProjects\AngelsSistema\lib\Util.jar;C:\Users\IT\Documents\NetBeansProjects\AngelsSistema\lib\absolutelayout\AbsoluteLayout.jar;C:\Users\IT\Documents\NetBeansProjects\AngelsSistema\lib\mysql-connector-java-8.0.17.jar;C:\Users\IT\Documents\NetBeansProjects\AngelsSistema\lib\commons-beanutils-1.8.0.jar;C:\Users\IT\Documents\NetBeansProjects\AngelsSistema\lib\commons-digester-2.1.jar;C:\Users\IT\Documents\NetBeansProjects\AngelsSistema\lib\commons-javaflow-20060411.jar;C:\Users\IT\Documents\NetBeansProjects\AngelsSistema\lib\commons-logging-1.1.1.jar;C:\Users\IT\Documents\NetBeansProjects\AngelsSistema\lib\groovy-all-2.0.1.jar;C:\Users\IT\Documents\NetBeansProjects\AngelsSistema\lib\iText-2.1.7.js2.jar;C:\Users\IT\Documents\NetBeansProjects\AngelsSistema\lib\log4j-1.2.15.jar;C:\Users\IT\Documents\NetBeansProjects\AngelsSistema\lib\png-encoder-1.5.jar;C:\Users\IT\Documents\NetBeansProjects\AngelsSistema\lib\xalan-2.7.1.jar;C:\Users\IT\Documents\NetBeansProjects\AngelsSistema\lib\commons-collections4-4.1.jar;C:\Users\IT\Documents\NetBeansProjects\AngelsSistema\lib\jasperreports-6.17.0.jar;C:\Users\IT\Documents\NetBeansProjects\AngelsSistema\lib\jcalendar-1.3.3.jar;C:\Users\IT\Documents\NetBeansProjects\AngelsSistema\lib\annotations-13.0.jar;C:\Users\IT\Documents\NetBeansProjects\AngelsSistema\lib\gson-2.8.6.jar;C:\Users\IT\Documents\NetBeansProjects\AngelsSistema\lib\jakarta.ws.rs-api-3.1.0.jar;C:\Users\IT\Documents\NetBeansProjects\AngelsSistema\lib\javax.activation-api-1.2.0.jar;C:\Users\IT\Documents\NetBeansProjects\AngelsSistema\lib\jaxb-api-2.3.0.jar;C:\Users\IT\Documents\NetBeansProjects\AngelsSistema\lib\jersey-client-2.0.1.jar;C:\Users\IT\Documents\NetBeansProjects\AngelsSistema\lib\jersey-common-2.0.1.jar;C:\Users\IT\Documents\NetBeansProjects\AngelsSistema\lib\json-20180130.jar;C:\Users\IT\Documents\NetBeansProjects\AngelsSistema\lib\kotlin-stdlib-1.4.10.jar;C:\Users\IT\Documents\NetBeansProjects\AngelsSistema\lib\kotlin-stdlib-common-1.4.0.jar;C:\Users\IT\Documents\NetBeansProjects\AngelsSistema\lib\okhttp-4.9.0.jar;C:\Users\IT\Documents\NetBeansProjects\AngelsSistema\lib\okio-2.8.0.jar;C:\Users\IT\Documents\NetBeansProjects\AngelsSistema\lib\resteasy-client-6.2.7.Final.jar;C:\Users\IT\Documents\NetBeansProjects\AngelsSistema\lib\javax.ws.rs-api-2.0.jar;C:\Users\IT\Documents\NetBeansProjects\AngelsSistema\lib\asm-all-repackaged-2.1.88.jar;C:\Users\IT\Documents\NetBeansProjects\AngelsSistema\lib\cglib-2.1.88.jar;C:\Users\IT\Documents\NetBeansProjects\AngelsSistema\lib\guava-14.0.1.jar;C:\Users\IT\Documents\NetBeansProjects\AngelsSistema\lib\hk2-api-2.1.88.jar;C:\Users\IT\Documents\NetBeansProjects\AngelsSistema\lib\hk2-locator-2.1.88.jar;C:\Users\IT\Documents\NetBeansProjects\AngelsSistema\lib\hk2-utils-2.1.88.jar;C:\Users\IT\Documents\NetBeansProjects\AngelsSistema\lib\javax.annotation-api-1.2.jar;C:\Users\IT\Documents\NetBeansProjects\AngelsSistema\lib\javax.inject-2.1.88.jar;C:\Users\IT\Documents\NetBeansProjects\AngelsSistema\lib\osgi-resource-locator-1.0.1.jar;C:\Users\IT\Documents\NetBeansProjects\AngelsSistema\lib\serializer-2.7.2.jar;C:\Users\IT\Documents\NetBeansProjects\AngelsSistema\build\classes
Launcher Type: SUN_STANDARD

[Global flags]
     intx CICompilerCount                          = 3                                         {product} {ergonomic}
     uint ConcGCThreads                            = 1                                         {product} {ergonomic}
     uint G1ConcRefinementThreads                  = 4                                         {product} {ergonomic}
   size_t G1HeapRegionSize                         = 2097152                                   {product} {ergonomic}
   size_t InitialHeapSize                          = 197132288                                 {product} {ergonomic}
   size_t MarkStackSize                            = 4194304                                   {product} {ergonomic}
   size_t MarkStackSizeMax                         = 536870912                                 {product} {ergonomic}
   size_t MaxHeapSize                              = 3133145088                                {product} {ergonomic}
   size_t MaxNewSize                               = 1879048192                                {product} {ergonomic}
   size_t MinHeapDeltaBytes                        = 2097152                                   {product} {ergonomic}
   size_t MinHeapSize                              = 8388608                                   {product} {ergonomic}
    uintx NonNMethodCodeHeapSize                   = 5832704                                {pd product} {ergonomic}
    uintx NonProfiledCodeHeapSize                  = 122945536                              {pd product} {ergonomic}
    uintx ProfiledCodeHeapSize                     = 122880000                              {pd product} {ergonomic}
    uintx ReservedCodeCacheSize                    = 251658240                              {pd product} {ergonomic}
     bool SegmentedCodeCache                       = true                                      {product} {ergonomic}
   size_t SoftMaxHeapSize                          = 3133145088                             {manageable} {ergonomic}
     bool UseCompressedOops                        = true                           {product lp64_product} {ergonomic}
     bool UseG1GC                                  = true                                      {product} {ergonomic}
     bool UseLargePagesIndividualAllocation        = false                                  {pd product} {ergonomic}

Logging:
Log output configuration:
 #0: stdout all=warning uptime,level,tags foldmultilines=false
 #1: stderr all=off uptime,level,tags foldmultilines=false

Environment Variables:
PATH=C:\Python313\Scripts\;C:\Python313\;C:\app\it\product\21c\dbhomeXE\bin;C:\Program Files\Common Files\Oracle\Java\javapath;C:\ProgramData\Oracle\Java\javapath;C:\WINDOWS\system32;C:\WINDOWS;C:\WINDOWS\System32\Wbem;C:\WINDOWS\System32\WindowsPowerShell\v1.0\;C:\WINDOWS\System32\OpenSSH\;C:\Program Files (x86)\ZeroTier\One\;C:\Program Files\WireGuard\;C:\Program Files\nodejs\;C:\ProgramData\chocolatey\bin;C:\REST\bin;C:\Program Files\Java\jdk-23\lib;C:\Program Files\dotnet\;C:\Program Files\Git\cmd;C:\Users\IT\AppData\Local\Microsoft\WindowsApps;C:\Users\IT\AppData\Roaming\npm;C:\Users\IT\AppData\Local\Programs\Microsoft VS Code\bin;C:\REST\bin;C:\Program Files\JetBrains\IntelliJ IDEA 2024.3.2.2\bin;;C:\Program Files\Java\jdk-23\lib;C:\Users\IT\.dotnet\tools;C:\Program Files\JetBrains\IntelliJ IDEA Community Edition 2025.1.1.1\bin;
USERNAME=it
OS=Windows_NT
PROCESSOR_IDENTIFIER=Intel64 Family 6 Model 60 Stepping 3, GenuineIntel
TMP=C:\Users\IT\AppData\Local\Temp
TEMP=C:\Users\IT\AppData\Local\Temp




Periodic native trim disabled

---------------  S Y S T E M  ---------------

OS:
 Windows 10 , 64 bit Build 19041 (10.0.19041.5915)
OS uptime: 0 days 15:15 hours
Hyper-V role detected

CPU: total 4 (initial active 4) (4 cores per cpu, 1 threads per core) family 6 model 60 stepping 3 microcode 0x27, cx8, cmov, fxsr, mmx, sse, sse2, sse3, ssse3, sse4.1, sse4.2, popcnt, lzcnt, tsc, tscinvbit, avx, avx2, aes, erms, clmul, bmi1, bmi2, fma, vzeroupper, clflush, hv, rdtscp, f16c
Processor Information for the first 4 processors :
  Max Mhz: 3001, Current Mhz: 3001, Mhz Limit: 3001

Memory: 4k page, system-wide physical 11947M (4189M free)
TotalPageFile size 16555M (AvailPageFile size 5338M)
current process WorkingSet (physical memory assigned to process): 129M, peak: 132M
current process commit charge ("private bytes"): 187M, peak: 311M

vm_info: Java HotSpot(TM) 64-Bit Server VM (23.0.1+11-39) for windows-amd64 JRE (23.0.1+11-39), built on 2024-09-30T07:20:43Z with MS VC++ 17.6 (VS2022)

END.
