#
# A fatal error has been detected by the Java Runtime Environment:
#
#  EXCEPTION_ACCESS_VIOLATION (0xc0000005) at pc=0x00007ff94410b3c6, pid=10868, tid=7952
#
# JRE version: Java(TM) SE Runtime Environment (23.0.1+11) (build 23.0.1+11-39)
# Java VM: Java HotSpot(TM) 64-Bit Server VM (23.0.1+11-39, mixed mode, sharing, tiered, compressed oops, compressed class ptrs, g1 gc, windows-amd64)
# Problematic frame:
# C  [awt.dll+0xdb3c6]
#
# No core dump will be written. Minidumps are not enabled by default on client versions of Windows
#
# If you would like to submit a bug report, please visit:
#   https://bugreport.java.com/bugreport/crash.jsp
# The crash happened outside the Java Virtual Machine in native code.
# See problematic frame for where to report the bug.
#

---------------  S U M M A R Y ------------

Command Line: -Dfile.encoding=UTF-8 Inicio.SingleInstanceApp

Host: Intel(R) Core(TM) i5-4430 CPU @ 3.00GHz, 4 cores, 11G,  Windows 10 , 64 bit Build 19041 (10.0.19041.5915)
Time: Wed Jul 30 06:02:44 2025 Hora est嫕dar, Am廨ica Central elapsed time: 52342.869455 seconds (0d 14h 32m 22s)

---------------  T H R E A D  ---------------

Current thread (0x0000019f457dc870):  JavaThread "AWT-EventQueue-0"        [_thread_in_native, id=7952, stack(0x00000012cfc00000,0x00000012cfd00000) (1024K)]

Stack: [0x00000012cfc00000,0x00000012cfd00000],  sp=0x00000012cfcfe8a0,  free space=1018k
Native frames: (J=compiled Java code, j=interpreted, Vv=VM code, C=native code)
C  [awt.dll+0xdb3c6]  (no source info available)
C  [awt.dll+0xdcc02]  (no source info available)
C  0x0000019f599dd207  (no source info available)

The last pc belongs to native method entry point (kind = native) (printed below).
Java frames: (J=compiled Java code, j=interpreted, Vv=VM code)
j  sun.awt.Win32GraphicsDevice.initNativeScale(I)V+0 java.desktop@23.0.1
j  sun.awt.Win32GraphicsDevice.initScaleFactors()V+60 java.desktop@23.0.1
j  sun.awt.Win32GraphicsDevice.displayChanged()V+16 java.desktop@23.0.1
j  sun.awt.Win32GraphicsEnvironment.displayChanged()V+271 java.desktop@23.0.1
j  sun.awt.windows.WToolkit.lambda$displayChanged$4()V+15 java.desktop@23.0.1
j  sun.awt.windows.WToolkit$$Lambda+0x0000019f0121db48.run()V+0 java.desktop@23.0.1
j  java.awt.event.InvocationEvent.dispatch()V+47 java.desktop@23.0.1
j  java.awt.EventQueue.dispatchEventImpl(Ljava/awt/AWTEvent;Ljava/lang/Object;)V+21 java.desktop@23.0.1
j  java.awt.EventQueue$4.run()Ljava/lang/Void;+32 java.desktop@23.0.1
j  java.awt.EventQueue$4.run()Ljava/lang/Object;+1 java.desktop@23.0.1
J 2354 c1 java.security.ProtectionDomain$JavaSecurityAccessImpl.doIntersectionPrivilege(Ljava/security/PrivilegedAction;Ljava/security/AccessControlContext;Ljava/security/AccessControlContext;)Ljava/lang/Object; java.base@23.0.1 (22 bytes) @ 0x0000019f527b3d5c [0x0000019f527b3ac0+0x000000000000029c]
j  java.awt.EventQueue.dispatchEvent(Ljava/awt/AWTEvent;)V+46 java.desktop@23.0.1
j  java.awt.EventDispatchThread.pumpOneEventForFilters(I)V+81 java.desktop@23.0.1
j  java.awt.EventDispatchThread.pumpEventsForFilter(ILjava/awt/Conditional;Ljava/awt/EventFilter;)V+35 java.desktop@23.0.1
j  java.awt.EventDispatchThread.pumpEventsForHierarchy(ILjava/awt/Conditional;Ljava/awt/Component;)V+11 java.desktop@23.0.1
j  java.awt.EventDispatchThread.pumpEvents(ILjava/awt/Conditional;)V+4 java.desktop@23.0.1
j  java.awt.EventDispatchThread.pumpEvents(Ljava/awt/Conditional;)V+3 java.desktop@23.0.1
j  java.awt.EventDispatchThread.run()V+9 java.desktop@23.0.1
v  ~StubRoutines::call_stub 0x0000019f599d0fcd

siginfo: EXCEPTION_ACCESS_VIOLATION (0xc0000005), reading address 0xffffffffffffffff


Registers:
RAX=0x0067616c46746567, RBX=0x0000019f471e6e50, RCX=0x0067616c46746567, RDX=0x0000000000000000
RSP=0x00000012cfcfe8a0, RBP=0x00000012cfcfe980, RSI=0x0000000000000000, RDI=0x0000000000000000
R8 =0x0000000000000001, R9 =0x00000000000000dd, R10=0x0000019f599dd1d8, R11=0x0000000000000100
R12=0x0000000000000000, R13=0x0000019f41261260, R14=0x00000012cfcfe9a8, R15=0x0000019f457dc870
RIP=0x00007ff94410b3c6, EFLAGS=0x0000000000010206


Register to memory mapping:

RAX=0x0067616c46746567 is an unknown value
RBX=0x0000019f471e6e50 points into unknown readable memory: 0x0000019f4720c380 | 80 c3 20 47 9f 01 00 00
RCX=0x0067616c46746567 is an unknown value
RDX=0x0 is null
RSP=0x00000012cfcfe8a0 is pointing into the stack for thread: 0x0000019f457dc870
RBP=0x00000012cfcfe980 is pointing into the stack for thread: 0x0000019f457dc870
RSI=0x0 is null
RDI=0x0 is null
R8 =0x0000000000000001 is an unknown value
R9 =0x00000000000000dd is an unknown value
R10=0x0000019f599dd1d8 is at code_begin+1016 in an Interpreter codelet
native method entry point (kind = native)  [0x0000019f599dcde0, 0x0000019f599dd938]  2904 bytes
R11=0x0000000000000100 is an unknown value
R12=0x0 is null
R13={method} {0x0000019f41261268} 'initNativeScale' '(I)V' in 'sun/awt/Win32GraphicsDevice'
R14=0x00000012cfcfe9a8 is pointing into the stack for thread: 0x0000019f457dc870
R15=0x0000019f457dc870 is a thread

Top of Stack: (sp=0x00000012cfcfe8a0)
0x00000012cfcfe8a0:   0000019f421a23c8 00007ff9326319ec
0x00000012cfcfe8b0:   0000019f471e6e50 0000000000000000
0x00000012cfcfe8c0:   0000019f471e6e50 00007ff94410cc02
0x00000012cfcfe8d0:   00007ff944169838 0000019f41261260
0x00000012cfcfe8e0:   00000012cfcfe990 0000019f48533b10
0x00000012cfcfe8f0:   0000019f599d889a 0000019f599dd207
0x00000012cfcfe900:   0000019f41261260 00000012cfcfea20
0x00000012cfcfe910:   0000019f457dc870 0000019f599d889a
0x00000012cfcfe920:   0000000000000000 00007ff932aa3c49
0x00000012cfcfe930:   00000012cfcfea70 fffffffffffffff7
0x00000012cfcfe940:   0000000000000000 0000000000000005
0x00000012cfcfe950:   0000019f41264958 0000000000000000
0x00000012cfcfe960:   000000074584fab0 0000019f41261260
0x00000012cfcfe970:   0000000000000000 00000012cfcfe9a0
0x00000012cfcfe980:   00000012cfcfe9f8 0000019f599d8700
0x00000012cfcfe990:   0000000000000000 0000019f599da5d7
0x00000012cfcfe9a0:   0000000000000000 0000000745f1e0a0
0x00000012cfcfe9b0:   fffffffffffffff7 0000019f412618b4
0x00000012cfcfe9c0:   0000000000000002 0000019f41264958
0x00000012cfcfe9d0:   0000000000000000 000000074584fab0
0x00000012cfcfe9e0:   0000019f41261900 fffffffffffffff5
0x00000012cfcfe9f0:   00000012cfcfea08 00000012cfcfea58
0x00000012cfcfea00:   0000019f599d8700 0000000745f1e0a0
0x00000012cfcfea10:   fffffffffffffff7 0000019f41263178
0x00000012cfcfea20:   0000000000000003 0000019f41264958
0x00000012cfcfea30:   0000000000000000 000000074584fab0
0x00000012cfcfea40:   0000019f412631c0 fffffffffffffff6
0x00000012cfcfea50:   00000012cfcfea70 00000012cfcfeac0
0x00000012cfcfea60:   0000019f599d8700 0000000000000000
0x00000012cfcfea70:   0000000745f1e0a0 fffffffffffffff7
0x00000012cfcfea80:   0000019f411c055f 0000000000000008
0x00000012cfcfea90:   0000019f411c4820 0000000000000000 

Instructions: (pc=0x00007ff94410b3c6)
0x00007ff94410b2c6:   11 45 d4 0f 11 45 e4 0f 11 45 f4 89 45 04 c7 45
0x00007ff94410b2d6:   a0 68 00 00 00 0f 11 44 24 34 0f 11 44 24 44 0f
0x00007ff94410b2e6:   11 44 24 54 0f 11 44 24 64 0f 11 44 24 74 0f 11
0x00007ff94410b2f6:   45 84 89 45 94 c7 44 24 30 68 00 00 00 48 8d 55
0x00007ff94410b306:   a0 49 8b ce ff 15 08 76 06 00 85 c0 74 41 48 8d
0x00007ff94410b316:   54 24 30 48 8b ce ff 15 f6 75 06 00 85 c0 74 2f
0x00007ff94410b326:   48 8d 54 24 34 48 8d 4d a4 ff 15 0b 75 06 00 85
0x00007ff94410b336:   c0 74 1c 48 8d 54 24 44 48 8d 4d b4 ff 15 f8 74
0x00007ff94410b346:   06 00 85 c0 74 09 8b 44 24 54 39 45 c4 74 11 ff
0x00007ff94410b356:   c7 3b 7b 0c 0f 8c 40 ff ff ff 8b 3d 1a b0 06 00
0x00007ff94410b366:   48 8b cb e8 f2 ca f4 ff 90 8b c7 48 8b 4d 10 48
0x00007ff94410b376:   33 cc e8 93 01 01 00 4c 8d 9c 24 20 01 00 00 49
0x00007ff94410b386:   8b 5b 28 49 8b 73 30 49 8b e3 41 5e 5f 5d c3 cc
0x00007ff94410b396:   cc cc cc cc cc cc cc cc cc cc 48 8b 41 08 48 8b
0x00007ff94410b3a6:   80 18 0c 00 00 c3 cc cc cc cc 48 8b 41 08 48 05
0x00007ff94410b3b6:   00 04 00 00 c3 cc cc cc cc cc 40 53 48 83 ec 20
0x00007ff94410b3c6:   83 79 50 00 48 8b d9 75 56 48 8b 49 28 4c 8d 44
0x00007ff94410b3d6:   24 38 48 8d 54 24 30 c7 44 24 30 00 00 80 bf c7
0x00007ff94410b3e6:   44 24 38 00 00 80 bf e8 1e e1 00 00 f3 0f 10 54
0x00007ff94410b3f6:   24 30 0f 57 c0 0f 2f d0 76 25 f3 0f 10 4c 24 38
0x00007ff94410b406:   0f 2f c8 76 1a f3 0f 5e 15 f9 a8 02 00 f3 0f 5e
0x00007ff94410b416:   0d f1 a8 02 00 f3 0f 11 53 48 f3 0f 11 4b 4c 48
0x00007ff94410b426:   83 c4 20 5b c3 cc cc cc cc cc 48 89 5c 24 10 48
0x00007ff94410b436:   89 74 24 18 57 41 56 41 57 48 83 ec 40 48 8b d9
0x00007ff94410b446:   48 83 79 18 00 75 14 b9 28 04 00 00 e8 19 97 00
0x00007ff94410b456:   00 48 89 43 18 c7 00 28 00 00 00 48 8b 43 18 33
0x00007ff94410b466:   ff 66 89 78 0e 48 8b 4b 28 e8 5c 03 00 00 48 8b
0x00007ff94410b476:   f0 41 bf 01 00 00 00 45 8b c7 41 8b d7 48 8b c8
0x00007ff94410b486:   ff 15 34 71 06 00 4c 8b f0 89 7c 24 30 48 8b 4b
0x00007ff94410b496:   18 48 89 4c 24 28 48 89 7c 24 20 45 8b cf 45 33
0x00007ff94410b4a6:   c0 48 8b d0 48 8b ce ff 15 2d 70 06 00 48 8b 53
0x00007ff94410b4b6:   30 48 8b 0b 8b 05 c4 ae 06 00 83 79 04 08 0f 8e 


Stack slot to memory mapping:

stack at sp + 0 slots: 0x0000019f421a23c8 is pointing into metadata
stack at sp + 1 slots: 0x00007ff9326319ec jvm.dll
stack at sp + 2 slots: 0x0000019f471e6e50 points into unknown readable memory: 0x0000019f4720c380 | 80 c3 20 47 9f 01 00 00
stack at sp + 3 slots: 0x0 is null
stack at sp + 4 slots: 0x0000019f471e6e50 points into unknown readable memory: 0x0000019f4720c380 | 80 c3 20 47 9f 01 00 00
stack at sp + 5 slots: 0x00007ff94410cc02 awt.dll
stack at sp + 6 slots: 0x00007ff944169838 awt.dll
stack at sp + 7 slots: {method} {0x0000019f41261268} 'initNativeScale' '(I)V' in 'sun/awt/Win32GraphicsDevice'

Lock stack of current Java thread (top to bottom):

native method entry point (kind = native)  [0x0000019f599dcde0, 0x0000019f599dd938]  2904 bytes
[MachCode]
  0x0000019f599dcde0: 488b 4b08 | 0fb7 492e | 584c 8d74 | ccf8 6800 | 0000 0068 | 0000 0000 | 5055 488b | ec41 5568 
  0x0000019f599dce00: 0000 0000 | 4c8b 6b08 | 4d8d 6d38 | 5348 8b53 | 0848 8b52 | 0848 8b52 | 1848 8b52 | 7048 8b12 
  0x0000019f599dce20: 5248 8b53 | 1048 85d2 | 0f84 0700 | 0000 4881 | c210 0100 | 0052 488b | 5308 488b | 5208 488b 
  0x0000019f599dce40: 5210 5249 | 8bc6 482b | c548 c1e8 | 0350 6800 | 0000 0068 | f7ff ffff | 41c6 8771 | 0400 0001 
  0x0000019f599dce60: 488b 4310 | 4885 c074 | 208b 88cc | 0000 0083 | c102 8988 | cc00 0000 | 2388 e000 | 0000 0f84 
  0x0000019f599dce80: 000a 0000 | e9cf 0000 | 0048 8b43 | 1848 85c0 | 0f85 b000 | 0000 e805 | 0000 00e9 | 9900 0000 
  0x0000019f599dcea0: 488b d348 | 8d44 2408 | 4c89 6dc0 | 498b cfc5 | f877 4989 | afb0 0300 | 0049 8987 | a003 0000 
  0x0000019f599dcec0: 4883 ec20 | 40f6 c40f | 0f84 1900 | 0000 4883 | ec08 48b8 | 9026 7e32 | f97f 0000 | ffd0 4883 
  0x0000019f599dcee0: c408 e90c | 0000 0048 | b890 267e | 32f9 7f00 | 00ff d048 | 83c4 2049 | c787 a003 | 0000 0000 
  0x0000019f599dcf00: 0000 49c7 | 87b0 0300 | 0000 0000 | 0049 c787 | a803 0000 | 0000 0000 | c5f8 7749 | 837f 0800 
  0x0000019f599dcf20: 0f84 0500 | 0000 e995 | 3fff ff4c | 8b6d c04c | 8b75 c84e | 8d74 f500 | c348 8b43 | 1848 85c0 
  0x0000019f599dcf40: 0f84 1200 | 0000 8b48 | 0883 c102 | 8948 0823 | 481c 0f84 | 2c09 0000 | 493b a7e8 | 0400 000f 
  0x0000019f599dcf60: 8748 0000 | 0089 8424 | 00f0 ffff | 8984 2400 | e0ff ff89 | 8424 00d0 | ffff 8984 | 2400 c0ff 
  0x0000019f599dcf80: ff89 8424 | 00b0 ffff | 8984 2400 | a0ff ff89 | 8424 0090 | ffff 8984 | 2400 80ff | ff49 3ba7 
  0x0000019f599dcfa0: e004 0000 | 7607 4989 | a7e8 0400 | 0041 c687 | 7104 0000 | 0049 ba41 | ad05 33f9 | 7f00 0041 
  0x0000019f599dcfc0: 803a 000f | 843e 0000 | 0048 8b55 | e849 8bcf | 4883 ec20 | 40f6 c40f | 0f84 1900 | 0000 4883 
  0x0000019f599dcfe0: ec08 48b8 | 10ee b532 | f97f 0000 | ffd0 4883 | c408 e90c | 0000 0048 | b810 eeb5 | 32f9 7f00 
  0x0000019f599dd000: 00ff d048 | 83c4 2048 | 8b5d e84c | 8b5b 0845 | 0fb7 5b2e | 41c1 e303 | 492b e348 | 83ec 2048 
  0x0000019f599dd020: 83e4 f04c | 8b5b 604d | 85db 0f85 | ab00 0000 | e805 0000 | 00e9 9900 | 0000 488b | d348 8d44 
  0x0000019f599dd040: 2408 4c89 | 6dc0 498b | cfc5 f877 | 4989 afb0 | 0300 0049 | 8987 a003 | 0000 4883 | ec20 40f6 
  0x0000019f599dd060: c40f 0f84 | 1900 0000 | 4883 ec08 | 48b8 f04d | 7e32 f97f | 0000 ffd0 | 4883 c408 | e90c 0000 
  0x0000019f599dd080: 0048 b8f0 | 4d7e 32f9 | 7f00 00ff | d048 83c4 | 2049 c787 | a003 0000 | 0000 0000 | 49c7 87b0 
  0x0000019f599dd0a0: 0300 0000 | 0000 0049 | c787 a803 | 0000 0000 | 0000 c5f8 | 7749 837f | 0800 0f84 | 0500 0000 
  0x0000019f599dd0c0: e9fb 3dff | ff4c 8b6d | c04c 8b75 | c84e 8d74 | f500 c348 | 8b5d e84c | 8b5b 6041 | ffd3 488b 
  0x0000019f599dd0e0: 5de8 4889 | 4518 448b | 5b28 41f6 | c308 0f84 | 1b00 0000 | 4c8b 5b08 | 4d8b 5b08 | 4d8b 5b18 
  0x0000019f599dd100: 4d8b 5b70 | 4d8b 1b4c | 895d 1048 | 8d55 1048 | 8b43 5849 | ba60 3cb6 | 32f9 7f00 | 0049 3bc2 
  0x0000019f599dd120: 0f85 ab00 | 0000 e805 | 0000 00e9 | 9900 0000 | 488b d348 | 8d44 2408 | 4c89 6dc0 | 498b cfc5 
  0x0000019f599dd140: f877 4989 | afb0 0300 | 0049 8987 | a003 0000 | 4883 ec20 | 40f6 c40f | 0f84 1900 | 0000 4883 
  0x0000019f599dd160: ec08 48b8 | f04d 7e32 | f97f 0000 | ffd0 4883 | c408 e90c | 0000 0048 | b8f0 4d7e | 32f9 7f00 
  0x0000019f599dd180: 00ff d048 | 83c4 2049 | c787 a003 | 0000 0000 | 0000 49c7 | 87b0 0300 | 0000 0000 | 0049 c787 
  0x0000019f599dd1a0: a803 0000 | 0000 0000 | c5f8 7749 | 837f 0800 | 0f84 0500 | 0000 e905 | 3dff ff4c | 8b6d c04c 
  0x0000019f599dd1c0: 8b75 c84e | 8d74 f500 | c348 8b5d | e848 8b43 | 5849 8d8f | c003 0000 | c5f8 7749 | 89af b003 
  0x0000019f599dd1e0: 0000 49ba | d8d1 9d59 | 9f01 0000 | 4d89 97a8 | 0300 0049 | 89a7 a003 | 0000 41c7 | 8744 0400 
  0x0000019f599dd200: 0004 0000 | 00ff d0c5 | f877 4883 | ec10 c5fb | 1104 2448 | 83ec 1048 | 8904 2448 | c744 2408 
  0x0000019f599dd220: 0000 0000 | 41c7 8744 | 0400 0005 | 0000 00f0 | 8344 24c0 | 0049 3baf | 4804 0000 | 0f87 0e00 
  0x0000019f599dd240: 0000 4183 | bf40 0400 | 0000 0f84 | 2000 0000 | 498b cf4c | 8be4 4883 | ec20 4883 | e4f0 48b8 
  0x0000019f599dd260: 90a9 7f32 | f97f 0000 | ffd0 498b | e44d 33e4 | 41c7 8744 | 0400 0008 | 0000 0049 | c787 a003 
  0x0000019f599dd280: 0000 0000 | 0000 49c7 | 87b0 0300 | 0000 0000 | 0049 c787 | a803 0000 | 0000 0000 | c5f8 774d 
  0x0000019f599dd2a0: 8b9f 3004 | 0000 41c7 | 8300 0100 | 0000 0000 | 0049 bbda | a59d 599f | 0100 004c | 3b5d 180f 
  0x0000019f599dd2c0: 8524 0200 | 0048 8b04 | 2448 83c4 | 1048 85c0 | 0f84 fe01 | 0000 a803 | 0f85 0800 | 0000 488b 
  0x0000019f599dd2e0: 00e9 ee01 | 0000 a801 | 0f85 0900 | 0000 488b | 40fe e9dd | 0100 0048 | 8b40 ff41 | 807f 3800 
  0x0000019f599dd300: 0f84 ce01 | 0000 4883 | f800 0f84 | c401 0000 | 4d8b 5f28 | 4983 fb00 | 0f84 1400 | 0000 4983 
  0x0000019f599dd320: eb08 4d89 | 5f28 4d03 | 5f30 4989 | 03e9 a201 | 0000 4881 | ecd0 0000 | 0048 8904 | 2448 894c 
  0x0000019f599dd340: 2408 4889 | 5424 1048 | 8974 2418 | 4889 7c24 | 204c 8944 | 2428 4c89 | 4c24 304c | 8954 2438 
  0x0000019f599dd360: 4c89 5c24 | 40c5 fb11 | 4424 50c5 | fb11 4c24 | 58c5 fb11 | 5424 60c5 | fb11 5c24 | 68c5 fb11 
  0x0000019f599dd380: 6424 70c5 | fb11 6c24 | 78c5 fb11 | b424 8000 | 0000 c5fb | 11bc 2488 | 0000 00c5 | 7b11 8424 
  0x0000019f599dd3a0: 9000 0000 | c57b 118c | 2498 0000 | 00c5 7b11 | 9424 a000 | 0000 c57b | 119c 24a8 | 0000 00c5 
  0x0000019f599dd3c0: 7b11 a424 | b000 0000 | c57b 11ac | 24b8 0000 | 00c5 7b11 | b424 c000 | 0000 c57b | 11bc 24c8 
  0x0000019f599dd3e0: 0000 0049 | 8bd7 488b | c848 83ec | 2040 f6c4 | 0f0f 8419 | 0000 0048 | 83ec 0848 | b8e0 0773 
  0x0000019f599dd400: 32f9 7f00 | 00ff d048 | 83c4 08e9 | 0c00 0000 | 48b8 e007 | 7332 f97f | 0000 ffd0 | 4883 c420 
  0x0000019f599dd420: c57b 10bc | 24c8 0000 | 00c5 7b10 | b424 c000 | 0000 c57b | 10ac 24b8 | 0000 00c5 | 7b10 a424 
  0x0000019f599dd440: b000 0000 | c57b 109c | 24a8 0000 | 00c5 7b10 | 9424 a000 | 0000 c57b | 108c 2498 | 0000 00c5 
  0x0000019f599dd460: 7b10 8424 | 9000 0000 | c5fb 10bc | 2488 0000 | 00c5 fb10 | b424 8000 | 0000 c5fb | 106c 2478 
  0x0000019f599dd480: c5fb 1064 | 2470 c5fb | 105c 2468 | c5fb 1054 | 2460 c5fb | 104c 2458 | c5fb 1044 | 2450 4c8b 
  0x0000019f599dd4a0: 5c24 404c | 8b54 2438 | 4c8b 4c24 | 304c 8b44 | 2428 488b | 7c24 2048 | 8b74 2418 | 488b 5424 
  0x0000019f599dd4c0: 1048 8b4c | 2408 488b | 0424 4881 | c4d0 0000 | 00c5 f877 | 4889 4510 | 4883 ec10 | 4889 0424 
  0x0000019f599dd4e0: 48c7 4424 | 0800 0000 | 0041 83bf | c804 0000 | 020f 85bf | 0000 0048 | 81ec 8000 | 0000 4889 
  0x0000019f599dd500: 4424 7848 | 894c 2470 | 4889 5424 | 6848 895c | 2460 4889 | 6c24 5048 | 8974 2448 | 4889 7c24 
  0x0000019f599dd520: 404c 8944 | 2438 4c89 | 4c24 304c | 8954 2428 | 4c89 5c24 | 204c 8964 | 2418 4c89 | 6c24 104c 
  0x0000019f599dd540: 8974 2408 | 4c89 3c24 | 4c8b e448 | 83ec 2048 | 83e4 f048 | b8c0 22b6 | 32f9 7f00 | 00ff d049 
  0x0000019f599dd560: 8be4 4c8b | 3c24 4c8b | 7424 084c | 8b6c 2410 | 4c8b 6424 | 184c 8b5c | 2420 4c8b | 5424 284c 
  0x0000019f599dd580: 8b4c 2430 | 4c8b 4424 | 3848 8b7c | 2440 488b | 7424 4848 | 8b6c 2450 | 488b 5c24 | 6048 8b54 
  0x0000019f599dd5a0: 2468 488b | 4c24 7048 | 8b44 2478 | 4881 c480 | 0000 004d | 33e4 488b | 5de8 4c8b | 6b08 4d8d 
  0x0000019f599dd5c0: 6d38 4983 | 7f08 000f | 84bb 0000 | 00e8 0500 | 0000 e996 | 0000 0048 | 8d44 2408 | 4c89 6dc0 
  0x0000019f599dd5e0: 498b cfc5 | f877 4989 | afb0 0300 | 0049 8987 | a003 0000 | 4883 ec20 | 40f6 c40f | 0f84 1900 
  0x0000019f599dd600: 0000 4883 | ec08 48b8 | 006c 7e32 | f97f 0000 | ffd0 4883 | c408 e90c | 0000 0048 | b800 6c7e 
  0x0000019f599dd620: 32f9 7f00 | 00ff d048 | 83c4 2049 | c787 a003 | 0000 0000 | 0000 49c7 | 87b0 0300 | 0000 0000 
  0x0000019f599dd640: 0049 c787 | a803 0000 | 0000 0000 | c5f8 7749 | 837f 0800 | 0f84 0500 | 0000 e961 | 38ff ff4c 
  0x0000019f599dd660: 8b6d c04c | 8b75 c84e | 8d74 f500 | c348 b940 | d5dd 32f9 | 7f00 0048 | 83e4 f048 | b870 4aa4 
  0x0000019f599dd680: 32f9 7f00 | 00ff d0f4 | 448b 5b28 | 41f6 c320 | 0f84 7901 | 0000 488d | 55a8 4c8b | 5a08 4d85 
  0x0000019f599dd6a0: db0f 85bb | 0000 00e8 | 0500 0000 | e996 0000 | 0048 8d44 | 2408 4c89 | 6dc0 498b | cfc5 f877 
  0x0000019f599dd6c0: 4989 afb0 | 0300 0049 | 8987 a003 | 0000 4883 | ec20 40f6 | c40f 0f84 | 1900 0000 | 4883 ec08 
  0x0000019f599dd6e0: 48b8 306b | 7e32 f97f | 0000 ffd0 | 4883 c408 | e90c 0000 | 0048 b830 | 6b7e 32f9 | 7f00 00ff 
  0x0000019f599dd700: d048 83c4 | 2049 c787 | a003 0000 | 0000 0000 | 49c7 87b0 | 0300 0000 | 0000 0049 | c787 a803 
  0x0000019f599dd720: 0000 0000 | 0000 c5f8 | 7749 837f | 0800 0f84 | 0500 0000 | e987 37ff | ff4c 8b6d | c04c 8b75 
  0x0000019f599dd740: c84e 8d74 | f500 c348 | b940 d5dd | 32f9 7f00 | 0048 83e4 | f048 b870 | 4aa4 32f9 | 7f00 00ff 
  0x0000019f599dd760: d0f4 4c89 | 6dc0 4c8b | 4a08 48c7 | 4208 0000 | 0000 458b | 8718 0600 | 004f 3b4c | 07f8 0f85 
  0x0000019f599dd780: 4900 0000 | 4183 af18 | 0600 0008 | 4f3b 4c07 | f00f 842a | 0000 0049 | 8b01 a802 | 0f85 1200 
  0x0000019f599dd7a0: 0000 4c8b | c049 83c8 | 01f0 4d0f | b101 0f84 | 0d00 0000 | 4183 8718 | 0600 0008 | e90c 0000 
  0x0000019f599dd7c0: 0049 ff8f | 5005 0000 | e93e 0000 | 004c 894a | 0848 8bca | 4883 ec20 | 40f6 c40f | 0f84 1900 
  0x0000019f599dd7e0: 0000 4883 | ec08 48b8 | f03d 7e32 | f97f 0000 | ffd0 4883 | c408 e90c | 0000 0048 | b8f0 3d7e 
  0x0000019f599dd800: 32f9 7f00 | 00ff d048 | 83c4 204c | 8b6d c049 | ba41 ad05 | 33f9 7f00 | 0041 803a | 000f 843e 
  0x0000019f599dd820: 0000 0048 | 8b55 e849 | 8bcf 4883 | ec20 40f6 | c40f 0f84 | 1900 0000 | 4883 ec08 | 48b8 10ee 
  0x0000019f599dd840: b532 f97f | 0000 ffd0 | 4883 c408 | e90c 0000 | 0048 b810 | eeb5 32f9 | 7f00 00ff | d048 83c4 
  0x0000019f599dd860: 2048 8b04 | 2448 83c4 | 10c5 fb10 | 0424 4883 | c410 4c8b | 5d18 41ff | d34c 8b5d | f8c9 5f49 
  0x0000019f599dd880: 8be3 ffe7 | ba00 0000 | 00e8 0500 | 0000 e996 | 0000 0048 | 8d44 2408 | 4c89 6dc0 | 498b cfc5 
  0x0000019f599dd8a0: f877 4989 | afb0 0300 | 0049 8987 | a003 0000 | 4883 ec20 | 40f6 c40f | 0f84 1900 | 0000 4883 
  0x0000019f599dd8c0: ec08 48b8 | a031 7e32 | f97f 0000 | ffd0 4883 | c408 e90c | 0000 0048 | b8a0 317e | 32f9 7f00 
  0x0000019f599dd8e0: 00ff d048 | 83c4 2049 | c787 a003 | 0000 0000 | 0000 49c7 | 87b0 0300 | 0000 0000 | 0049 c787 
  0x0000019f599dd900: a803 0000 | 0000 0000 | c5f8 7749 | 837f 0800 | 0f84 0500 | 0000 e9a5 | 35ff ff4c | 8b6d c04c 
  0x0000019f599dd920: 8b75 c84e | 8d74 f500 | c348 8b5d | e8e9 26f6 | ffff 660f | 1f44 0000 
[/MachCode]

Compiled method (c1) 52343032 2354       3       java.security.ProtectionDomain$JavaSecurityAccessImpl::doIntersectionPrivilege (22 bytes)
 total in heap  [0x0000019f527b3908,0x0000019f527b4098] = 1936
 relocation     [0x0000019f527b39e0,0x0000019f527b3ab0] = 208
 main code      [0x0000019f527b3ac0,0x0000019f527b3fe8] = 1320
 stub code      [0x0000019f527b3fe8,0x0000019f527b4078] = 144
 metadata       [0x0000019f527b4078,0x0000019f527b4098] = 32
 immutable data [0x0000019f45c7d2c0,0x0000019f45c7d4e8] = 552
 dependencies   [0x0000019f45c7d2c0,0x0000019f45c7d2d0] = 16
 nul chk table  [0x0000019f45c7d2d0,0x0000019f45c7d2e0] = 16
 scopes pcs     [0x0000019f45c7d2e0,0x0000019f45c7d3f0] = 272
 scopes data    [0x0000019f45c7d3f0,0x0000019f45c7d4e8] = 248

[Constant Pool (empty)]

[MachCode]
[Instructions begin]
  0x0000019f527b3ac0: 6666 660f | 1f84 0000 | 0000 0066 | 6666 9066 | 6690 448b | 5208 443b 

  0x0000019f527b3ad8: ;   {runtime_call ic_miss_stub}
  0x0000019f527b3ad8: 5008 0f85 | 00aa 2607 
[Verified Entry Point]
  0x0000019f527b3ae0: 8984 2400 | 80ff ff55 | 4881 eca0 | 0000 0090 | 4181 7f20 | 0100 0000 

  0x0000019f527b3af8: ;   {runtime_call StubRoutines (final stubs)}
  0x0000019f527b3af8: 7405 e841 

  0x0000019f527b3afc: ;   {metadata(method data for {method} {0x0000019f00233270} 'doIntersectionPrivilege' '(Ljava/security/PrivilegedAction;Ljava/security/AccessControlContext;Ljava/security/AccessControlContext;)Ljava/lang/Object;' in 'java/security/ProtectionDomain$JavaSecurityAccessImpl')}
  0x0000019f527b3afc: 3c25 0748 | be98 3c18 | 429f 0100 | 008b 9ecc | 0000 0083 | c302 899e | cc00 0000 | 81e3 fe07 
  0x0000019f527b3b1c: 0000 85db | 0f84 ab03 | 0000 4d85 

  0x0000019f527b3b28: ;   {metadata(method data for {method} {0x0000019f00233270} 'doIntersectionPrivilege' '(Ljava/security/PrivilegedAction;Ljava/security/AccessControlContext;Ljava/security/AccessControlContext;)Ljava/lang/Object;' in 'java/security/ProtectionDomain$JavaSecurityAccessImpl')}
  0x0000019f527b3b28: c048 ba98 | 3c18 429f | 0100 00be | 2801 0000 | 7405 be18 | 0100 0048 | 8b1c 3248 | 8d5b 0148 
  0x0000019f527b3b48: 891c 320f | 84e3 0200 | 004c 8944 

  0x0000019f527b3b54: ;   {metadata(method data for {method} {0x0000019f00233270} 'doIntersectionPrivilege' '(Ljava/security/PrivilegedAction;Ljava/security/AccessControlContext;Ljava/security/AccessControlContext;)Ljava/lang/Object;' in 'java/security/ProtectionDomain$JavaSecurityAccessImpl')}
  0x0000019f527b3b54: 2460 48ba | 983c 1842 | 9f01 0000 | 4883 8248 | 0100 0001 | 488b d74d 

  0x0000019f527b3b6c: ;   {static_call}
  0x0000019f527b3b6c: 8bc1 90e8 

  0x0000019f527b3b70: ; ImmutableOopMap {[96]=Oop }
                      ;*invokestatic getCombinedACC {reexecute=0 rethrow=0 return_oop=0}
                      ; - java.security.ProtectionDomain$JavaSecurityAccessImpl::doIntersectionPrivilege@15 (line 89)
  0x0000019f527b3b70: 9704 0000 

  0x0000019f527b3b74: ;   {other}
  0x0000019f527b3b74: 0f1f 8400 | 6c02 0000 

  0x0000019f527b3b7c: ;   {metadata(method data for {method} {0x0000019f00233270} 'doIntersectionPrivilege' '(Ljava/security/PrivilegedAction;Ljava/security/AccessControlContext;Ljava/security/AccessControlContext;)Ljava/lang/Object;' in 'java/security/ProtectionDomain$JavaSecurityAccessImpl')}
  0x0000019f527b3b7c: 48be 983c | 1842 9f01 | 0000 4883 | 8658 0100 

  0x0000019f527b3b8c: ;   {metadata(method data for {method} {0x0000019f0049b040} 'doPrivileged' '(Ljava/security/PrivilegedAction;Ljava/security/AccessControlContext;)Ljava/lang/Object;' in 'java/security/AccessController')}
  0x0000019f527b3b8c: 0001 48be | 58b4 6841 | 9f01 0000 | 8bbe cc00 | 0000 83c7 | 0289 becc | 0000 0081 | e7fe ff1f 
  0x0000019f527b3bac: 0085 ff0f | 843d 0300 

  0x0000019f527b3bb4: ;   {metadata(method data for {method} {0x0000019f0049b040} 'doPrivileged' '(Ljava/security/PrivilegedAction;Ljava/security/AccessControlContext;)Ljava/lang/Object;' in 'java/security/AccessController')}
  0x0000019f527b3bb4: 0048 be58 | b468 419f | 0100 0048 | 8386 1801 | 0000 0148 | 8944 2468 

  0x0000019f527b3bcc: ;   {static_call}
  0x0000019f527b3bcc: 6666 90e8 

  0x0000019f527b3bd0: ; ImmutableOopMap {[96]=Oop [104]=Oop }
                      ;*invokestatic getCallerClass {reexecute=0 rethrow=0 return_oop=0}
                      ; - java.security.AccessController::doPrivileged@0 (line 398)
                      ; - java.security.ProtectionDomain$JavaSecurityAccessImpl::doIntersectionPrivilege@18 (line 87)
  0x0000019f527b3bd0: dcf0 7b07 

  0x0000019f527b3bd4: ;   {other}
  0x0000019f527b3bd4: 0f1f 8400 | cc02 0001 | 4889 4424 

  0x0000019f527b3be0: ;   {metadata(method data for {method} {0x0000019f0049b040} 'doPrivileged' '(Ljava/security/PrivilegedAction;Ljava/security/AccessControlContext;)Ljava/lang/Object;' in 'java/security/AccessController')}
  0x0000019f527b3be0: 7048 ba58 | b468 419f | 0100 0048 | 8382 2801 | 0000 0148 | 8b54 2468 | 4c8b c00f 

  0x0000019f527b3bfc: ;   {static_call}
  0x0000019f527b3bfc: 1f40 00e8 

  0x0000019f527b3c00: ; ImmutableOopMap {[96]=Oop [112]=Oop }
                      ;*invokestatic checkContext {reexecute=0 rethrow=0 return_oop=0}
                      ; - java.security.AccessController::doPrivileged@6 (line 399)
                      ; - java.security.ProtectionDomain$JavaSecurityAccessImpl::doIntersectionPrivilege@18 (line 87)
  0x0000019f527b3c00: 9cfc e2ff 

  0x0000019f527b3c04: ;   {other}
  0x0000019f527b3c04: 0f1f 8400 | fc02 0002 | 4889 4424 

  0x0000019f527b3c10: ;   {metadata(method data for {method} {0x0000019f0049b040} 'doPrivileged' '(Ljava/security/PrivilegedAction;Ljava/security/AccessControlContext;)Ljava/lang/Object;' in 'java/security/AccessController')}
  0x0000019f527b3c10: 7848 ba58 | b468 419f | 0100 0048 | 8382 3801 

  0x0000019f527b3c20: ;   {metadata(method data for {method} {0x0000019f0049b2c8} 'executePrivileged' '(Ljava/security/PrivilegedAction;Ljava/security/AccessControlContext;Ljava/lang/Class;)Ljava/lang/Object;' in 'java/security/AccessController')}
  0x0000019f527b3c20: 0000 0148 | ba70 f711 | 419f 0100 | 008b b2cc | 0000 0083 | c602 89b2 | cc00 0000 | 81e6 feff 
  0x0000019f527b3c40: 1f00 85f6 | 0f84 c902 | 0000 4885 

  0x0000019f527b3c4c: ;   {metadata(method data for {method} {0x0000019f0049b2c8} 'executePrivileged' '(Ljava/security/PrivilegedAction;Ljava/security/AccessControlContext;Ljava/lang/Class;)Ljava/lang/Object;' in 'java/security/AccessController')}
  0x0000019f527b3c4c: c048 ba70 | f711 419f | 0100 00be | 1801 0000 | 7405 be28 | 0100 0048 | 8b3c 3248 | 8d7f 0148 
  0x0000019f527b3c6c: 893c 320f | 8427 0000 

  0x0000019f527b3c74: ;   {metadata(method data for {method} {0x0000019f0049b2c8} 'executePrivileged' '(Ljava/security/PrivilegedAction;Ljava/security/AccessControlContext;Ljava/lang/Class;)Ljava/lang/Object;' in 'java/security/AccessController')}
  0x0000019f527b3c74: 0048 ba70 | f711 419f | 0100 0048 | 8382 3801 | 0000 0148 | 8bd0 0f1f 

  0x0000019f527b3c8c: ;   {static_call}
  0x0000019f527b3c8c: 4400 00e8 

  0x0000019f527b3c90: ; ImmutableOopMap {[96]=Oop [112]=Oop [120]=Oop }
                      ;*invokestatic ensureMaterializedForStackWalk {reexecute=0 rethrow=0 return_oop=0}
                      ; - java.security.AccessController::executePrivileged@5 (line 774)
                      ; - java.security.AccessController::doPrivileged@13 (line 400)
                      ; - java.security.ProtectionDomain$JavaSecurityAccessImpl::doIntersectionPrivilege@18 (line 87)
  0x0000019f527b3c90: 9cc0 7c07 

  0x0000019f527b3c94: ;   {other}
  0x0000019f527b3c94: 0f1f 8400 | 8c03 0003 

  0x0000019f527b3c9c: ;   {metadata(method data for {method} {0x0000019f0049b2c8} 'executePrivileged' '(Ljava/security/PrivilegedAction;Ljava/security/AccessControlContext;Ljava/lang/Class;)Ljava/lang/Object;' in 'java/security/AccessController')}
  0x0000019f527b3c9c: 48ba 70f7 | 1141 9f01 | 0000 ff82 | 4801 0000 | 4c8b 4424 | 6049 3b00 

  0x0000019f527b3cb4: ;   {metadata(method data for {method} {0x0000019f0049b2c8} 'executePrivileged' '(Ljava/security/PrivilegedAction;Ljava/security/AccessControlContext;Ljava/lang/Class;)Ljava/lang/Object;' in 'java/security/AccessController')}
  0x0000019f527b3cb4: 498b d048 | be70 f711 | 419f 0100 | 008b 5208 | 49ba 0000 | 0000 9f01 | 0000 4903 | d248 3b96 
  0x0000019f527b3cd4: b001 0000 | 750d 4883 | 86b8 0100 | 0001 e960 | 0000 0048 | 3b96 c001 | 0000 750d | 4883 86c8 
  0x0000019f527b3cf4: 0100 0001 | e94a 0000 | 0048 83be | b001 0000 | 0075 1748 | 8996 b001 | 0000 48c7 | 86b8 0100 
  0x0000019f527b3d14: 0001 0000 | 00e9 2900 | 0000 4883 | bec0 0100 | 0000 7517 | 4889 96c0 | 0100 0048 | c786 c801 
  0x0000019f527b3d34: 0000 0100 | 0000 e908 | 0000 0048 | 8386 a801 | 0000 0149 | 8bd0 6666 | 9048 b8f0 | c9c7 459f 
  0x0000019f527b3d54: ;   {virtual_call}
  0x0000019f527b3d54: 0100 00e8 

  0x0000019f527b3d58: ; ImmutableOopMap {[112]=Oop [120]=Oop }
                      ;*invokeinterface run {reexecute=0 rethrow=0 return_oop=0}
                      ; - java.security.AccessController::executePrivileged@29 (line 778)
                      ; - java.security.AccessController::doPrivileged@13 (line 400)
                      ; - java.security.ProtectionDomain$JavaSecurityAccessImpl::doIntersectionPrivilege@18 (line 87)
  0x0000019f527b3d58: f4b3 3307 

  0x0000019f527b3d5c: ;   {other}
  0x0000019f527b3d5c: 0f1f 8400 | 5404 0004 

  0x0000019f527b3d64: ;   {metadata(method data for {method} {0x0000019f0049b2c8} 'executePrivileged' '(Ljava/security/PrivilegedAction;Ljava/security/AccessControlContext;Ljava/lang/Class;)Ljava/lang/Object;' in 'java/security/AccessController')}
  0x0000019f527b3d64: 48ba 70f7 | 1141 9f01 | 0000 ff82 | d801 0000 

  0x0000019f527b3d74: ;   {metadata(method data for {method} {0x0000019f0049b2c8} 'executePrivileged' '(Ljava/security/PrivilegedAction;Ljava/security/AccessControlContext;Ljava/lang/Class;)Ljava/lang/Object;' in 'java/security/AccessController')}
  0x0000019f527b3d74: 48ba 70f7 | 1141 9f01 | 0000 4883 | 8238 0200 | 0001 488b | d048 8984 | 2480 0000 | 0066 0f1f 
  0x0000019f527b3d94: ;   {static_call}
  0x0000019f527b3d94: 4400 00e8 

  0x0000019f527b3d98: ; ImmutableOopMap {[112]=Oop [120]=Oop [128]=Oop }
                      ;*invokestatic ensureMaterializedForStackWalk {reexecute=0 rethrow=0 return_oop=0}
                      ; - java.security.AccessController::executePrivileged@56 (line 786)
                      ; - java.security.AccessController::doPrivileged@13 (line 400)
                      ; - java.security.ProtectionDomain$JavaSecurityAccessImpl::doIntersectionPrivilege@18 (line 87)
  0x0000019f527b3d98: 94bf 7c07 

  0x0000019f527b3d9c: ;   {other}
  0x0000019f527b3d9c: 0f1f 8400 | 9404 0005 

  0x0000019f527b3da4: ;   {metadata(method data for {method} {0x0000019f0049b2c8} 'executePrivileged' '(Ljava/security/PrivilegedAction;Ljava/security/AccessControlContext;Ljava/lang/Class;)Ljava/lang/Object;' in 'java/security/AccessController')}
  0x0000019f527b3da4: 48b8 70f7 | 1141 9f01 | 0000 4883 | 8048 0200 

  0x0000019f527b3db4: ;   {metadata(method data for {method} {0x0000019f001957a0} 'reachabilityFence' '(Ljava/lang/Object;)V' in 'java/lang/ref/Reference')}
  0x0000019f527b3db4: 0001 48b8 | 50a8 0241 | 9f01 0000 | 8b90 cc00 | 0000 83c2 | 0289 90cc | 0000 0081 | e2fe ff1f 
  0x0000019f527b3dd4: 0085 d20f | 845c 0100 

  0x0000019f527b3ddc: ;   {metadata(method data for {method} {0x0000019f0049b2c8} 'executePrivileged' '(Ljava/security/PrivilegedAction;Ljava/security/AccessControlContext;Ljava/lang/Class;)Ljava/lang/Object;' in 'java/security/AccessController')}
  0x0000019f527b3ddc: 0048 b870 | f711 419f | 0100 0048 | 8380 5802 

  0x0000019f527b3dec: ;   {metadata(method data for {method} {0x0000019f001957a0} 'reachabilityFence' '(Ljava/lang/Object;)V' in 'java/lang/ref/Reference')}
  0x0000019f527b3dec: 0000 0148 | b850 a802 | 419f 0100 | 008b 90cc | 0000 0083 | c202 8990 | cc00 0000 | 81e2 feff 
  0x0000019f527b3e0c: 1f00 85d2 | 0f84 4401 | 0000 488b | 8424 8000 | 0000 4881 | c4a0 0000 

  0x0000019f527b3e24: ;   {poll_return}
  0x0000019f527b3e24: 005d 493b | a748 0400 | 000f 8748 | 0100 00c3 | 0f1f 4000 

  0x0000019f527b3e38: ;   {no_reloc}
  0x0000019f527b3e38: e963 0100 | 0000 0000 | 0000 498b | 87b8 0100 | 0048 8d78 | 3049 3bbf | c801 0000 | 0f87 5001 
  0x0000019f527b3e58: 0000 4989 | bfb8 0100 | 0048 c700 | 0100 0000 | 488b ca49 | ba00 0000 | 009f 0100 | 0049 2bca 
  0x0000019f527b3e78: 8948 0848 | 33c9 8948 | 0c48 33c9 | 4889 4810 | 4889 4818 | 4889 4820 | 4889 4828 

  0x0000019f527b3e94: ;   {metadata(method data for {method} {0x0000019f00233270} 'doIntersectionPrivilege' '(Ljava/security/PrivilegedAction;Ljava/security/AccessControlContext;Ljava/security/AccessControlContext;)Ljava/lang/Object;' in 'java/security/ProtectionDomain$JavaSecurityAccessImpl')}
  0x0000019f527b3e94: 488b d048 | be98 3c18 | 429f 0100 | 0048 8386 | 3801 0000 | 0148 8bd0 | 4889 8424 | 8800 0000 
  0x0000019f527b3eb4: ;   {optimized virtual_call}
  0x0000019f527b3eb4: 6666 90e8 

  0x0000019f527b3eb8: ; ImmutableOopMap {[136]=Oop }
                      ;*invokespecial <init> {reexecute=0 rethrow=0 return_oop=0}
                      ; - java.security.ProtectionDomain$JavaSecurityAccessImpl::doIntersectionPrivilege@8 (line 84)
  0x0000019f527b3eb8: 24a9 2607 

  0x0000019f527b3ebc: ;   {other}
  0x0000019f527b3ebc: 0f1f 8400 | b405 0006 | 488b 8424 | 8800 0000 | e903 0100 

  0x0000019f527b3ed0: ;   {metadata({method} {0x0000019f00233270} 'doIntersectionPrivilege' '(Ljava/security/PrivilegedAction;Ljava/security/AccessControlContext;Ljava/security/AccessControlContext;)Ljava/lang/Object;' in 'java/security/ProtectionDomain$JavaSecurityAccessImpl')}
  0x0000019f527b3ed0: 0049 ba68 | 3223 009f | 0100 004c | 8954 2408 | 48c7 0424 | ffff ffff 

  0x0000019f527b3ee8: ;   {runtime_call counter_overflow Runtime1 stub}
  0x0000019f527b3ee8: e873 1433 

  0x0000019f527b3eec: ; ImmutableOopMap {rdx=Oop r8=Oop r9=Oop rdi=Oop }
                      ;*synchronization entry
                      ; - java.security.ProtectionDomain$JavaSecurityAccessImpl::doIntersectionPrivilege@-1 (line 83)
  0x0000019f527b3eec: 07e9 34fc 

  0x0000019f527b3ef0: ;   {metadata({method} {0x0000019f0049b040} 'doPrivileged' '(Ljava/security/PrivilegedAction;Ljava/security/AccessControlContext;)Ljava/lang/Object;' in 'java/security/AccessController')}
  0x0000019f527b3ef0: ffff 49ba | 38b0 4900 | 9f01 0000 | 4c89 5424 | 0848 c704 | 24ff ffff 

  0x0000019f527b3f08: ;   {runtime_call counter_overflow Runtime1 stub}
  0x0000019f527b3f08: ffe8 5214 

  0x0000019f527b3f0c: ; ImmutableOopMap {rax=Oop [96]=Oop }
                      ;*synchronization entry
                      ; - java.security.AccessController::doPrivileged@-1 (line 398)
                      ; - java.security.ProtectionDomain$JavaSecurityAccessImpl::doIntersectionPrivilege@18 (line 87)
  0x0000019f527b3f0c: 3307 e9a2 

  0x0000019f527b3f10: ;   {metadata({method} {0x0000019f0049b2c8} 'executePrivileged' '(Ljava/security/PrivilegedAction;Ljava/security/AccessControlContext;Ljava/lang/Class;)Ljava/lang/Object;' in 'java/security/AccessController')}
  0x0000019f527b3f10: fcff ff49 | bac0 b249 | 009f 0100 | 004c 8954 | 2408 48c7 | 0424 ffff 

  0x0000019f527b3f28: ;   {runtime_call counter_overflow Runtime1 stub}
  0x0000019f527b3f28: ffff e831 

  0x0000019f527b3f2c: ; ImmutableOopMap {rax=Oop [96]=Oop [112]=Oop [120]=Oop }
                      ;*synchronization entry
                      ; - java.security.AccessController::executePrivileged@-1 (line 773)
                      ; - java.security.AccessController::doPrivileged@13 (line 400)
                      ; - java.security.ProtectionDomain$JavaSecurityAccessImpl::doIntersectionPrivilege@18 (line 87)
  0x0000019f527b3f2c: 1433 07e9 | 16fd ffff 

  0x0000019f527b3f34: ;   {runtime_call throw_null_pointer_exception Runtime1 stub}
  0x0000019f527b3f34: e827 c332 

  0x0000019f527b3f38: ; ImmutableOopMap {r8=Oop [112]=Oop [120]=Oop }
                      ;*invokeinterface run {reexecute=0 rethrow=0 return_oop=0}
                      ; - java.security.AccessController::executePrivileged@29 (line 778)
                      ; - java.security.AccessController::doPrivileged@13 (line 400)
                      ; - java.security.ProtectionDomain$JavaSecurityAccessImpl::doIntersectionPrivilege@18 (line 87)
                      ;   {metadata({method} {0x0000019f001957a0} 'reachabilityFence' '(Ljava/lang/Object;)V' in 'java/lang/ref/Reference')}
  0x0000019f527b3f38: 0749 ba98 | 5719 009f | 0100 004c | 8954 2408 | 48c7 0424 | ffff ffff 

  0x0000019f527b3f50: ;   {runtime_call counter_overflow Runtime1 stub}
  0x0000019f527b3f50: e80b 1433 

  0x0000019f527b3f54: ; ImmutableOopMap {[112]=Oop [128]=Oop }
                      ;*synchronization entry
                      ; - java.lang.ref.Reference::reachabilityFence@-1 (line 661)
                      ; - java.security.AccessController::executePrivileged@60 (line 790)
                      ; - java.security.AccessController::doPrivileged@13 (line 400)
                      ; - java.security.ProtectionDomain$JavaSecurityAccessImpl::doIntersectionPrivilege@18 (line 87)
  0x0000019f527b3f54: 07e9 83fe 

  0x0000019f527b3f58: ;   {metadata({method} {0x0000019f001957a0} 'reachabilityFence' '(Ljava/lang/Object;)V' in 'java/lang/ref/Reference')}
  0x0000019f527b3f58: ffff 49ba | 9857 1900 | 9f01 0000 | 4c89 5424 | 0848 c704 | 24ff ffff 

  0x0000019f527b3f70: ;   {runtime_call counter_overflow Runtime1 stub}
  0x0000019f527b3f70: ffe8 ea13 

  0x0000019f527b3f74: ; ImmutableOopMap {[128]=Oop }
                      ;*synchronization entry
                      ; - java.lang.ref.Reference::reachabilityFence@-1 (line 661)
                      ; - java.security.AccessController::executePrivileged@64 (line 791)
                      ; - java.security.AccessController::doPrivileged@13 (line 400)
                      ; - java.security.ProtectionDomain$JavaSecurityAccessImpl::doIntersectionPrivilege@18 (line 87)
  0x0000019f527b3f74: 3307 e99b 

  0x0000019f527b3f78: ;   {internal_word}
  0x0000019f527b3f78: feff ff49 | ba26 3e7b | 529f 0100 | 004d 8997 | 6004 0000 

  0x0000019f527b3f8c: ;   {runtime_call SafepointBlob}
  0x0000019f527b3f8c: e94f 1427 

  0x0000019f527b3f90: ;   {metadata(nullptr)}
  0x0000019f527b3f90: 0748 ba00 | 0000 0000 | 0000 00b8 | 000f 050a 

  0x0000019f527b3fa0: ;   {runtime_call load_klass_patching Runtime1 stub}
  0x0000019f527b3fa0: e83b 0333 

  0x0000019f527b3fa4: ; ImmutableOopMap {}
                      ;*new {reexecute=1 rethrow=0 return_oop=0}
                      ; - (reexecute) java.security.ProtectionDomain$JavaSecurityAccessImpl::doIntersectionPrivilege@4 (line 84)
  0x0000019f527b3fa4: 07e9 8efe | ffff 488b 

  0x0000019f527b3fac: ;   {runtime_call fast_new_instance Runtime1 stub}
  0x0000019f527b3fac: d2e8 aecb 

  0x0000019f527b3fb0: ; ImmutableOopMap {}
                      ;*new {reexecute=0 rethrow=0 return_oop=0}
                      ; - java.security.ProtectionDomain$JavaSecurityAccessImpl::doIntersectionPrivilege@4 (line 84)
  0x0000019f527b3fb0: 3207 e9dd | feff ff49 | 8b87 0005 | 0000 49c7 | 8700 0500 | 0000 0000 | 0049 c787 | 0805 0000 
  0x0000019f527b3fd0: 0000 0000 | 4881 c4a0 | 0000 005d 

  0x0000019f527b3fdc: ;   {runtime_call unwind_exception Runtime1 stub}
  0x0000019f527b3fdc: e97f b332 | 07f4 f4f4 | f4f4 f4f4 
[Stub Code]
  0x0000019f527b3fe8: ;   {no_reloc}
  0x0000019f527b3fe8: 0f1f 4400 

  0x0000019f527b3fec: ;   {static_stub}
  0x0000019f527b3fec: 0048 bb00 | 0000 0000 

  0x0000019f527b3ff4: ;   {runtime_call nmethod}
  0x0000019f527b3ff4: 0000 00e9 | fbff ffff 

  0x0000019f527b3ffc: ;   {static_stub}
  0x0000019f527b3ffc: 48bb 0000 | 0000 0000 

  0x0000019f527b4004: ;   {runtime_call nmethod}
  0x0000019f527b4004: 0000 e9fb 

  0x0000019f527b4008: ;   {static_stub}
  0x0000019f527b4008: ffff ff48 | bba8 3423 | 009f 0100 

  0x0000019f527b4014: ;   {runtime_call I2C/C2I adapters}
  0x0000019f527b4014: 00e9 1cff 

  0x0000019f527b4018: ;   {static_stub}
  0x0000019f527b4018: 2607 48bb | 0000 0000 | 0000 0000 

  0x0000019f527b4024: ;   {runtime_call nmethod}
  0x0000019f527b4024: e9fb ffff 

  0x0000019f527b4028: ;   {static_stub}
  0x0000019f527b4028: ff48 bb00 | 0000 0000 

  0x0000019f527b4030: ;   {runtime_call nmethod}
  0x0000019f527b4030: 0000 00e9 | fbff ffff 

  0x0000019f527b4038: ;   {static_stub}
  0x0000019f527b4038: 48bb 0000 | 0000 0000 

  0x0000019f527b4040: ;   {runtime_call nmethod}
  0x0000019f527b4040: 0000 e9fb 

  0x0000019f527b4044: ;   {runtime_call handle_exception_from_callee Runtime1 stub}
  0x0000019f527b4044: ffff ffe8 | 14e0 3207 

  0x0000019f527b404c: ;   {external_word}
  0x0000019f527b404c: 48b9 40d5 | dd32 f97f | 0000 4883 

  0x0000019f527b4058: ;   {runtime_call}
  0x0000019f527b4058: e4f0 48b8 | 704a a432 | f97f 0000 

  0x0000019f527b4064: ;   {section_word}
  0x0000019f527b4064: ffd0 f449 | ba67 407b | 529f 0100 

  0x0000019f527b4070: ;   {runtime_call DeoptimizationBlob}
  0x0000019f527b4070: 0041 52e9 | 0806 2707 
[/MachCode]


---------------  P R O C E S S  ---------------

Threads class SMR info:
_java_thread_list=0x0000019f471da080, length=16, elements={
0x0000019f4834e530, 0x0000019f67b24150, 0x0000019f67b265a0, 0x0000019f67b27f80,
0x0000019f67b2a600, 0x0000019f67b2afc0, 0x0000019f67b2ba40, 0x0000019f67b2c3e0,
0x0000019f67b3c3d0, 0x0000019f450c6f00, 0x0000019f450d0600, 0x0000019f455b5a00,
0x0000019f455bab40, 0x0000019f455c0060, 0x0000019f457dc870, 0x0000019f45c61a00
}

Java Threads: ( => current thread )
  0x0000019f4834e530 JavaThread "main"                              [_thread_blocked, id=12176, stack(0x00000012ce700000,0x00000012ce800000) (1024K)]
  0x0000019f67b24150 JavaThread "Reference Handler"          daemon [_thread_blocked, id=10708, stack(0x00000012cef00000,0x00000012cf000000) (1024K)]
  0x0000019f67b265a0 JavaThread "Finalizer"                  daemon [_thread_blocked, id=5296, stack(0x00000012cf000000,0x00000012cf100000) (1024K)]
  0x0000019f67b27f80 JavaThread "Signal Dispatcher"          daemon [_thread_blocked, id=13596, stack(0x00000012cf100000,0x00000012cf200000) (1024K)]
  0x0000019f67b2a600 JavaThread "Attach Listener"            daemon [_thread_blocked, id=6628, stack(0x00000012cf200000,0x00000012cf300000) (1024K)]
  0x0000019f67b2afc0 JavaThread "Service Thread"             daemon [_thread_blocked, id=5972, stack(0x00000012cf300000,0x00000012cf400000) (1024K)]
  0x0000019f67b2ba40 JavaThread "Monitor Deflation Thread"   daemon [_thread_blocked, id=5140, stack(0x00000012cf400000,0x00000012cf500000) (1024K)]
  0x0000019f67b2c3e0 JavaThread "C2 CompilerThread0"         daemon [_thread_blocked, id=2280, stack(0x00000012cf500000,0x00000012cf600000) (1024K)]
  0x0000019f67b3c3d0 JavaThread "C1 CompilerThread0"         daemon [_thread_blocked, id=13844, stack(0x00000012cf600000,0x00000012cf700000) (1024K)]
  0x0000019f450c6f00 JavaThread "Notification Thread"        daemon [_thread_blocked, id=4476, stack(0x00000012cf700000,0x00000012cf800000) (1024K)]
  0x0000019f450d0600 JavaThread "Common-Cleaner"             daemon [_thread_blocked, id=5692, stack(0x00000012cf800000,0x00000012cf900000) (1024K)]
  0x0000019f455b5a00 JavaThread "Java2D Disposer"            daemon [_thread_blocked, id=8056, stack(0x00000012cf900000,0x00000012cfa00000) (1024K)]
  0x0000019f455bab40 JavaThread "AWT-Shutdown"                      [_thread_blocked, id=6480, stack(0x00000012cfa00000,0x00000012cfb00000) (1024K)]
  0x0000019f455c0060 JavaThread "AWT-Windows"                daemon [_thread_in_native, id=4316, stack(0x00000012cfb00000,0x00000012cfc00000) (1024K)]
=>0x0000019f457dc870 JavaThread "AWT-EventQueue-0"                  [_thread_in_native, id=7952, stack(0x00000012cfc00000,0x00000012cfd00000) (1024K)]
  0x0000019f45c61a00 JavaThread "mysql-cj-abandoned-connection-cleanup" daemon [_thread_blocked, id=7976, stack(0x00000012d0200000,0x00000012d0300000) (1024K)]
Total: 16

Other Threads:
  0x0000019f67b0a400 VMThread "VM Thread"                           [id=1644, stack(0x00000012cee00000,0x00000012cef00000) (1024K)]
  0x0000019f67af63a0 WatcherThread "VM Periodic Task Thread"        [id=7356, stack(0x00000012ced00000,0x00000012cee00000) (1024K)]
  0x0000019f484c4ce0 WorkerThread "GC Thread#0"                     [id=10616, stack(0x00000012ce800000,0x00000012ce900000) (1024K)]
  0x0000019f4751d1c0 WorkerThread "GC Thread#1"                     [id=5520, stack(0x00000012cff00000,0x00000012d0000000) (1024K)]
  0x0000019f474810e0 WorkerThread "GC Thread#2"                     [id=2920, stack(0x00000012d0000000,0x00000012d0100000) (1024K)]
  0x0000019f47481490 WorkerThread "GC Thread#3"                     [id=11768, stack(0x00000012d0100000,0x00000012d0200000) (1024K)]
  0x0000019f484d4850 ConcurrentGCThread "G1 Main Marker"            [id=12632, stack(0x00000012ce900000,0x00000012cea00000) (1024K)]
  0x0000019f484d5b00 WorkerThread "G1 Conc#0"                       [id=9424, stack(0x00000012cea00000,0x00000012ceb00000) (1024K)]
  0x0000019f485358c0 ConcurrentGCThread "G1 Refine#0"               [id=14200, stack(0x00000012ceb00000,0x00000012cec00000) (1024K)]
  0x0000019f679d15f0 ConcurrentGCThread "G1 Service"                [id=4860, stack(0x00000012cec00000,0x00000012ced00000) (1024K)]
Total: 10

Threads with active compile tasks:
Total: 0

VM state: not at safepoint (normal execution)

VM Mutex/Monitor currently owned by a thread: None

Heap address: 0x0000000745400000, size: 2988 MB, Compressed Oops mode: Zero based, Oop shift amount: 3

CDS archive(s) mapped at: [0x0000019f00000000-0x0000019f00d70000-0x0000019f00d70000), size 14090240, SharedBaseAddress: 0x0000019f00000000, ArchiveRelocationMode: 1.
Compressed class space mapped at: 0x0000019f01000000-0x0000019f41000000, reserved size: 1073741824
Narrow klass base: 0x0000019f00000000, Narrow klass shift: 0, Narrow klass range: 0x41000000

GC Precious Log:
 CardTable entry size: 512
 Card Set container configuration: InlinePtr #cards 4 size 8 Array Of Cards #cards 16 size 48 Howl #buckets 8 coarsen threshold 3686 Howl Bitmap #cards 512 size 80 coarsen threshold 460 Card regions per heap region 1 cards per card region 4096
 CPUs: 4 total, 4 available
 Memory: 11947M
 Large Page Support: Disabled
 NUMA Support: Disabled
 Compressed Oops: Enabled (Zero based)
 Heap Region Size: 2M
 Heap Min Capacity: 8M
 Heap Initial Capacity: 188M
 Heap Max Capacity: 2988M
 Pre-touch: Disabled
 Parallel Workers: 4
 Concurrent Workers: 1
 Concurrent Refinement Workers: 4
 Periodic GC: Disabled

Heap:
 garbage-first heap   total reserved 3059712K, committed 192512K, used 28922K [0x0000000745400000, 0x0000000800000000)
  region size 2048K, 9 young (18432K), 1 survivors (2048K)
 Metaspace       used 19735K, committed 19968K, reserved 1114112K
  class space    used 2221K, committed 2304K, reserved 1048576K

Heap Regions: E=young(eden), S=young(survivor), O=old, HS=humongous(starts), HC=humongous(continues), CS=collection set, F=free, TAMS=top-at-mark-start, PB=parsable bottom
|   0|0x0000000745400000, 0x0000000745600000, 0x0000000745600000|100%| O|  |TAMS 0x0000000745400000| PB 0x0000000745400000| Untracked |  0
|   1|0x0000000745600000, 0x0000000745800000, 0x0000000745800000|100%| O|  |TAMS 0x0000000745600000| PB 0x0000000745600000| Untracked |  0
|   2|0x0000000745800000, 0x0000000745a00000, 0x0000000745a00000|100%| O|  |TAMS 0x0000000745800000| PB 0x0000000745800000| Untracked |  0
|   3|0x0000000745a00000, 0x0000000745c00000, 0x0000000745c00000|100%|HS|  |TAMS 0x0000000745a00000| PB 0x0000000745a00000| Complete |  0
|   4|0x0000000745c00000, 0x0000000745e00000, 0x0000000745e00000|100%|HC|  |TAMS 0x0000000745c00000| PB 0x0000000745c00000| Complete |  0
|   5|0x0000000745e00000, 0x0000000746000000, 0x0000000746000000|100%| O|  |TAMS 0x0000000745e00000| PB 0x0000000745e00000| Untracked |  0
|   6|0x0000000746000000, 0x000000074603e940, 0x0000000746200000| 12%| O|  |TAMS 0x0000000746000000| PB 0x0000000746000000| Untracked |  0
|   7|0x0000000746200000, 0x0000000746200000, 0x0000000746400000|  0%| F|  |TAMS 0x0000000746200000| PB 0x0000000746200000| Untracked |  0
|   8|0x0000000746400000, 0x0000000746400000, 0x0000000746600000|  0%| F|  |TAMS 0x0000000746400000| PB 0x0000000746400000| Untracked |  0
|   9|0x0000000746600000, 0x0000000746600000, 0x0000000746800000|  0%| F|  |TAMS 0x0000000746600000| PB 0x0000000746600000| Untracked |  0
|  10|0x0000000746800000, 0x0000000746800000, 0x0000000746a00000|  0%| F|  |TAMS 0x0000000746800000| PB 0x0000000746800000| Untracked |  0
|  11|0x0000000746a00000, 0x0000000746a00000, 0x0000000746c00000|  0%| F|  |TAMS 0x0000000746a00000| PB 0x0000000746a00000| Untracked |  0
|  12|0x0000000746c00000, 0x0000000746c00000, 0x0000000746e00000|  0%| F|  |TAMS 0x0000000746c00000| PB 0x0000000746c00000| Untracked |  0
|  13|0x0000000746e00000, 0x0000000746e00000, 0x0000000747000000|  0%| F|  |TAMS 0x0000000746e00000| PB 0x0000000746e00000| Untracked |  0
|  14|0x0000000747000000, 0x0000000747000000, 0x0000000747200000|  0%| F|  |TAMS 0x0000000747000000| PB 0x0000000747000000| Untracked |  0
|  15|0x0000000747200000, 0x0000000747200000, 0x0000000747400000|  0%| F|  |TAMS 0x0000000747200000| PB 0x0000000747200000| Untracked |  0
|  16|0x0000000747400000, 0x0000000747400000, 0x0000000747600000|  0%| F|  |TAMS 0x0000000747400000| PB 0x0000000747400000| Untracked |  0
|  17|0x0000000747600000, 0x0000000747600000, 0x0000000747800000|  0%| F|  |TAMS 0x0000000747600000| PB 0x0000000747600000| Untracked |  0
|  18|0x0000000747800000, 0x0000000747800000, 0x0000000747a00000|  0%| F|  |TAMS 0x0000000747800000| PB 0x0000000747800000| Untracked |  0
|  19|0x0000000747a00000, 0x0000000747a00000, 0x0000000747c00000|  0%| F|  |TAMS 0x0000000747a00000| PB 0x0000000747a00000| Untracked |  0
|  20|0x0000000747c00000, 0x0000000747c00000, 0x0000000747e00000|  0%| F|  |TAMS 0x0000000747c00000| PB 0x0000000747c00000| Untracked |  0
|  21|0x0000000747e00000, 0x0000000747e00000, 0x0000000748000000|  0%| F|  |TAMS 0x0000000747e00000| PB 0x0000000747e00000| Untracked |  0
|  22|0x0000000748000000, 0x0000000748000000, 0x0000000748200000|  0%| F|  |TAMS 0x0000000748000000| PB 0x0000000748000000| Untracked |  0
|  23|0x0000000748200000, 0x0000000748200000, 0x0000000748400000|  0%| F|  |TAMS 0x0000000748200000| PB 0x0000000748200000| Untracked |  0
|  24|0x0000000748400000, 0x0000000748400000, 0x0000000748600000|  0%| F|  |TAMS 0x0000000748400000| PB 0x0000000748400000| Untracked |  0
|  25|0x0000000748600000, 0x0000000748600000, 0x0000000748800000|  0%| F|  |TAMS 0x0000000748600000| PB 0x0000000748600000| Untracked |  0
|  26|0x0000000748800000, 0x0000000748800000, 0x0000000748a00000|  0%| F|  |TAMS 0x0000000748800000| PB 0x0000000748800000| Untracked |  0
|  27|0x0000000748a00000, 0x0000000748a00000, 0x0000000748c00000|  0%| F|  |TAMS 0x0000000748a00000| PB 0x0000000748a00000| Untracked |  0
|  28|0x0000000748c00000, 0x0000000748c00000, 0x0000000748e00000|  0%| F|  |TAMS 0x0000000748c00000| PB 0x0000000748c00000| Untracked |  0
|  29|0x0000000748e00000, 0x0000000748e00000, 0x0000000749000000|  0%| F|  |TAMS 0x0000000748e00000| PB 0x0000000748e00000| Untracked |  0
|  30|0x0000000749000000, 0x0000000749000000, 0x0000000749200000|  0%| F|  |TAMS 0x0000000749000000| PB 0x0000000749000000| Untracked |  0
|  31|0x0000000749200000, 0x0000000749200000, 0x0000000749400000|  0%| F|  |TAMS 0x0000000749200000| PB 0x0000000749200000| Untracked |  0
|  32|0x0000000749400000, 0x0000000749400000, 0x0000000749600000|  0%| F|  |TAMS 0x0000000749400000| PB 0x0000000749400000| Untracked |  0
|  33|0x0000000749600000, 0x0000000749600000, 0x0000000749800000|  0%| F|  |TAMS 0x0000000749600000| PB 0x0000000749600000| Untracked |  0
|  34|0x0000000749800000, 0x0000000749800000, 0x0000000749a00000|  0%| F|  |TAMS 0x0000000749800000| PB 0x0000000749800000| Untracked |  0
|  35|0x0000000749a00000, 0x0000000749a00000, 0x0000000749c00000|  0%| F|  |TAMS 0x0000000749a00000| PB 0x0000000749a00000| Untracked |  0
|  36|0x0000000749c00000, 0x0000000749c00000, 0x0000000749e00000|  0%| F|  |TAMS 0x0000000749c00000| PB 0x0000000749c00000| Untracked |  0
|  37|0x0000000749e00000, 0x0000000749e00000, 0x000000074a000000|  0%| F|  |TAMS 0x0000000749e00000| PB 0x0000000749e00000| Untracked |  0
|  38|0x000000074a000000, 0x000000074a000000, 0x000000074a200000|  0%| F|  |TAMS 0x000000074a000000| PB 0x000000074a000000| Untracked |  0
|  39|0x000000074a200000, 0x000000074a200000, 0x000000074a400000|  0%| F|  |TAMS 0x000000074a200000| PB 0x000000074a200000| Untracked |  0
|  40|0x000000074a400000, 0x000000074a400000, 0x000000074a600000|  0%| F|  |TAMS 0x000000074a400000| PB 0x000000074a400000| Untracked |  0
|  41|0x000000074a600000, 0x000000074a600000, 0x000000074a800000|  0%| F|  |TAMS 0x000000074a600000| PB 0x000000074a600000| Untracked |  0
|  42|0x000000074a800000, 0x000000074a800000, 0x000000074aa00000|  0%| F|  |TAMS 0x000000074a800000| PB 0x000000074a800000| Untracked |  0
|  43|0x000000074aa00000, 0x000000074aa00000, 0x000000074ac00000|  0%| F|  |TAMS 0x000000074aa00000| PB 0x000000074aa00000| Untracked |  0
|  44|0x000000074ac00000, 0x000000074ac00000, 0x000000074ae00000|  0%| F|  |TAMS 0x000000074ac00000| PB 0x000000074ac00000| Untracked |  0
|  45|0x000000074ae00000, 0x000000074ae00000, 0x000000074b000000|  0%| F|  |TAMS 0x000000074ae00000| PB 0x000000074ae00000| Untracked |  0
|  46|0x000000074b000000, 0x000000074b000000, 0x000000074b200000|  0%| F|  |TAMS 0x000000074b000000| PB 0x000000074b000000| Untracked |  0
|  47|0x000000074b200000, 0x000000074b200000, 0x000000074b400000|  0%| F|  |TAMS 0x000000074b200000| PB 0x000000074b200000| Untracked |  0
|  48|0x000000074b400000, 0x000000074b400000, 0x000000074b600000|  0%| F|  |TAMS 0x000000074b400000| PB 0x000000074b400000| Untracked |  0
|  49|0x000000074b600000, 0x000000074b600000, 0x000000074b800000|  0%| F|  |TAMS 0x000000074b600000| PB 0x000000074b600000| Untracked |  0
|  50|0x000000074b800000, 0x000000074b800000, 0x000000074ba00000|  0%| F|  |TAMS 0x000000074b800000| PB 0x000000074b800000| Untracked |  0
|  51|0x000000074ba00000, 0x000000074ba00000, 0x000000074bc00000|  0%| F|  |TAMS 0x000000074ba00000| PB 0x000000074ba00000| Untracked |  0
|  52|0x000000074bc00000, 0x000000074bc00000, 0x000000074be00000|  0%| F|  |TAMS 0x000000074bc00000| PB 0x000000074bc00000| Untracked |  0
|  53|0x000000074be00000, 0x000000074be00000, 0x000000074c000000|  0%| F|  |TAMS 0x000000074be00000| PB 0x000000074be00000| Untracked |  0
|  54|0x000000074c000000, 0x000000074c000000, 0x000000074c200000|  0%| F|  |TAMS 0x000000074c000000| PB 0x000000074c000000| Untracked |  0
|  55|0x000000074c200000, 0x000000074c200000, 0x000000074c400000|  0%| F|  |TAMS 0x000000074c200000| PB 0x000000074c200000| Untracked |  0
|  56|0x000000074c400000, 0x000000074c400000, 0x000000074c600000|  0%| F|  |TAMS 0x000000074c400000| PB 0x000000074c400000| Untracked |  0
|  57|0x000000074c600000, 0x000000074c600000, 0x000000074c800000|  0%| F|  |TAMS 0x000000074c600000| PB 0x000000074c600000| Untracked |  0
|  58|0x000000074c800000, 0x000000074c800000, 0x000000074ca00000|  0%| F|  |TAMS 0x000000074c800000| PB 0x000000074c800000| Untracked |  0
|  59|0x000000074ca00000, 0x000000074ca00000, 0x000000074cc00000|  0%| F|  |TAMS 0x000000074ca00000| PB 0x000000074ca00000| Untracked |  0
|  60|0x000000074cc00000, 0x000000074cc00000, 0x000000074ce00000|  0%| F|  |TAMS 0x000000074cc00000| PB 0x000000074cc00000| Untracked |  0
|  61|0x000000074ce00000, 0x000000074ce00000, 0x000000074d000000|  0%| F|  |TAMS 0x000000074ce00000| PB 0x000000074ce00000| Untracked |  0
|  62|0x000000074d000000, 0x000000074d000000, 0x000000074d200000|  0%| F|  |TAMS 0x000000074d000000| PB 0x000000074d000000| Untracked |  0
|  63|0x000000074d200000, 0x000000074d200000, 0x000000074d400000|  0%| F|  |TAMS 0x000000074d200000| PB 0x000000074d200000| Untracked |  0
|  64|0x000000074d400000, 0x000000074d400000, 0x000000074d600000|  0%| F|  |TAMS 0x000000074d400000| PB 0x000000074d400000| Untracked |  0
|  65|0x000000074d600000, 0x000000074d600000, 0x000000074d800000|  0%| F|  |TAMS 0x000000074d600000| PB 0x000000074d600000| Untracked |  0
|  66|0x000000074d800000, 0x000000074d800000, 0x000000074da00000|  0%| F|  |TAMS 0x000000074d800000| PB 0x000000074d800000| Untracked |  0
|  67|0x000000074da00000, 0x000000074da00000, 0x000000074dc00000|  0%| F|  |TAMS 0x000000074da00000| PB 0x000000074da00000| Untracked |  0
|  68|0x000000074dc00000, 0x000000074dc00000, 0x000000074de00000|  0%| F|  |TAMS 0x000000074dc00000| PB 0x000000074dc00000| Untracked |  0
|  69|0x000000074de00000, 0x000000074de00000, 0x000000074e000000|  0%| F|  |TAMS 0x000000074de00000| PB 0x000000074de00000| Untracked |  0
|  70|0x000000074e000000, 0x000000074e000000, 0x000000074e200000|  0%| F|  |TAMS 0x000000074e000000| PB 0x000000074e000000| Untracked |  0
|  71|0x000000074e200000, 0x000000074e200000, 0x000000074e400000|  0%| F|  |TAMS 0x000000074e200000| PB 0x000000074e200000| Untracked |  0
|  72|0x000000074e400000, 0x000000074e400000, 0x000000074e600000|  0%| F|  |TAMS 0x000000074e400000| PB 0x000000074e400000| Untracked |  0
|  73|0x000000074e600000, 0x000000074e600000, 0x000000074e800000|  0%| F|  |TAMS 0x000000074e600000| PB 0x000000074e600000| Untracked |  0
|  74|0x000000074e800000, 0x000000074e800000, 0x000000074ea00000|  0%| F|  |TAMS 0x000000074e800000| PB 0x000000074e800000| Untracked |  0
|  75|0x000000074ea00000, 0x000000074ea00000, 0x000000074ec00000|  0%| F|  |TAMS 0x000000074ea00000| PB 0x000000074ea00000| Untracked |  0
|  76|0x000000074ec00000, 0x000000074ec00000, 0x000000074ee00000|  0%| F|  |TAMS 0x000000074ec00000| PB 0x000000074ec00000| Untracked |  0
|  77|0x000000074ee00000, 0x000000074ee00000, 0x000000074f000000|  0%| F|  |TAMS 0x000000074ee00000| PB 0x000000074ee00000| Untracked |  0
|  78|0x000000074f000000, 0x000000074f000000, 0x000000074f200000|  0%| F|  |TAMS 0x000000074f000000| PB 0x000000074f000000| Untracked |  0
|  79|0x000000074f200000, 0x000000074f200000, 0x000000074f400000|  0%| F|  |TAMS 0x000000074f200000| PB 0x000000074f200000| Untracked |  0
|  80|0x000000074f400000, 0x000000074f400000, 0x000000074f600000|  0%| F|  |TAMS 0x000000074f400000| PB 0x000000074f400000| Untracked |  0
|  81|0x000000074f600000, 0x000000074f600000, 0x000000074f800000|  0%| F|  |TAMS 0x000000074f600000| PB 0x000000074f600000| Untracked |  0
|  82|0x000000074f800000, 0x000000074f800000, 0x000000074fa00000|  0%| F|  |TAMS 0x000000074f800000| PB 0x000000074f800000| Untracked |  0
|  83|0x000000074fa00000, 0x000000074fa00000, 0x000000074fc00000|  0%| F|  |TAMS 0x000000074fa00000| PB 0x000000074fa00000| Untracked |  0
|  84|0x000000074fc00000, 0x000000074fc00000, 0x000000074fe00000|  0%| F|  |TAMS 0x000000074fc00000| PB 0x000000074fc00000| Untracked |  0
|  85|0x000000074fe00000, 0x000000074fff69d8, 0x0000000750000000| 98%| E|  |TAMS 0x000000074fe00000| PB 0x000000074fe00000| Complete |  0
|  86|0x0000000750000000, 0x0000000750200000, 0x0000000750200000|100%| E|CS|TAMS 0x0000000750000000| PB 0x0000000750000000| Complete |  0
|  87|0x0000000750200000, 0x0000000750400000, 0x0000000750400000|100%| E|CS|TAMS 0x0000000750200000| PB 0x0000000750200000| Complete |  0
|  88|0x0000000750400000, 0x0000000750600000, 0x0000000750600000|100%| S|CS|TAMS 0x0000000750400000| PB 0x0000000750400000| Complete |  0
|  89|0x0000000750600000, 0x0000000750800000, 0x0000000750800000|100%| E|CS|TAMS 0x0000000750600000| PB 0x0000000750600000| Complete |  0
|  90|0x0000000750800000, 0x0000000750a00000, 0x0000000750a00000|100%| E|CS|TAMS 0x0000000750800000| PB 0x0000000750800000| Complete |  0
|  91|0x0000000750a00000, 0x0000000750c00000, 0x0000000750c00000|100%| E|CS|TAMS 0x0000000750a00000| PB 0x0000000750a00000| Complete |  0
|  92|0x0000000750c00000, 0x0000000750e00000, 0x0000000750e00000|100%| E|CS|TAMS 0x0000000750c00000| PB 0x0000000750c00000| Complete |  0
|  93|0x0000000750e00000, 0x0000000751000000, 0x0000000751000000|100%| E|CS|TAMS 0x0000000750e00000| PB 0x0000000750e00000| Complete |  0

Card table byte_map: [0x0000019f620b0000,0x0000019f62690000] _byte_map_base: 0x0000019f5e686000

Marking Bits: (CMBitMap*) 0x0000019f484c53f0
 Bits: [0x0000019f62690000, 0x0000019f65540000)

Polling page: 0x0000019f48540000

Metaspace:

Usage:
  Non-class:     17.10 MB used.
      Class:      2.17 MB used.
       Both:     19.27 MB used.

Virtual space:
  Non-class space:       64.00 MB reserved,      17.25 MB ( 27%) committed,  1 nodes.
      Class space:        1.00 GB reserved,       2.25 MB ( <1%) committed,  1 nodes.
             Both:        1.06 GB reserved,      19.50 MB (  2%) committed. 

Chunk freelists:
   Non-Class:  14.44 MB
       Class:  13.63 MB
        Both:  28.07 MB

MaxMetaspaceSize: unlimited
CompressedClassSpaceSize: 1.00 GB
Initial GC threshold: 21.00 MB
Current GC threshold: 21.00 MB
CDS: on
 - commit_granule_bytes: 65536.
 - commit_granule_words: 8192.
 - virtual_space_node_default_size: 8388608.
 - enlarge_chunks_in_place: 1.
 - use_allocation_guard: 0.


Internal statistics:

num_allocs_failed_limit: 0.
num_arena_births: 236.
num_arena_deaths: 0.
num_vsnodes_births: 2.
num_vsnodes_deaths: 0.
num_space_committed: 312.
num_space_uncommitted: 0.
num_chunks_returned_to_freelist: 0.
num_chunks_taken_from_freelist: 448.
num_chunk_merges: 0.
num_chunk_splits: 278.
num_chunks_enlarged: 152.
num_inconsistent_stats: 0.

CodeHeap 'non-profiled nmethods': size=120064Kb used=910Kb max_used=910Kb free=119154Kb
 bounds [0x0000019f59f60000, 0x0000019f5a1d0000, 0x0000019f614a0000]
CodeHeap 'profiled nmethods': size=120000Kb used=3396Kb max_used=3396Kb free=116603Kb
 bounds [0x0000019f524a0000, 0x0000019f52800000, 0x0000019f599d0000]
CodeHeap 'non-nmethods': size=5696Kb used=1755Kb max_used=1784Kb free=3940Kb
 bounds [0x0000019f599d0000, 0x0000019f59c40000, 0x0000019f59f60000]
CodeCache: size=245760Kb, used=6061Kb, max_used=6090Kb, free=239697Kb
 total_blobs=3342, nmethods=2539, adapters=708, full_count=0
Compilation: enabled, stopped_count=0, restarted_count=0

Compilation events (20 events):
Event: 52342.764 Thread 0x0000019f67b3c3d0 nmethod 2527 0x0000019f527efd88 code [0x0000019f527efea0, 0x0000019f527efff8]
Event: 52342.764 Thread 0x0000019f67b3c3d0 2530       3       sun.awt.geom.ChainEnd::linkTo (198 bytes)
Event: 52342.764 Thread 0x0000019f67b3c3d0 nmethod 2530 0x0000019f527f0088 code [0x0000019f527f0220, 0x0000019f527f0aa8]
Event: 52342.764 Thread 0x0000019f67b3c3d0 2529       3       javax.swing.JComponent::getFlag (20 bytes)
Event: 52342.765 Thread 0x0000019f67b3c3d0 nmethod 2529 0x0000019f527f0b08 code [0x0000019f527f0c20, 0x0000019f527f0d90]
Event: 52342.765 Thread 0x0000019f67b3c3d0 2528       3       javax.swing.JComponent::getWidth (5 bytes)
Event: 52342.765 Thread 0x0000019f67b3c3d0 nmethod 2528 0x0000019f527f0e08 code [0x0000019f527f0f20, 0x0000019f527f1040]
Event: 52342.765 Thread 0x0000019f67b3c3d0 2534       1       java.awt.geom.Rectangle2D$Double::getX (5 bytes)
Event: 52342.765 Thread 0x0000019f67b3c3d0 nmethod 2534 0x0000019f5a03f508 code [0x0000019f5a03f620, 0x0000019f5a03f6e8]
Event: 52342.765 Thread 0x0000019f67b3c3d0 2535       1       java.awt.geom.Rectangle2D$Double::getY (5 bytes)
Event: 52342.765 Thread 0x0000019f67b3c3d0 nmethod 2535 0x0000019f5a03f808 code [0x0000019f5a03f920, 0x0000019f5a03f9e8]
Event: 52342.765 Thread 0x0000019f67b3c3d0 2536       1       java.awt.geom.Rectangle2D$Double::getWidth (5 bytes)
Event: 52342.765 Thread 0x0000019f67b3c3d0 nmethod 2536 0x0000019f5a03fb08 code [0x0000019f5a03fc20, 0x0000019f5a03fce8]
Event: 52342.765 Thread 0x0000019f67b3c3d0 2537       1       java.awt.geom.Rectangle2D$Double::getHeight (5 bytes)
Event: 52342.765 Thread 0x0000019f67b3c3d0 nmethod 2537 0x0000019f5a03fe08 code [0x0000019f5a03ff20, 0x0000019f5a03ffe8]
Event: 52342.765 Thread 0x0000019f67b3c3d0 2538       1       java.awt.geom.RectIterator::getWindingRule (2 bytes)
Event: 52342.765 Thread 0x0000019f67b3c3d0 nmethod 2538 0x0000019f5a040108 code [0x0000019f5a040220, 0x0000019f5a0402e8]
Event: 52342.783 Thread 0x0000019f67b2c3e0 nmethod 2507 0x0000019f5a040408 code [0x0000019f5a040660, 0x0000019f5a041a58]
Event: 52342.783 Thread 0x0000019f67b2c3e0 2533       4       sun.java2d.marlin.MarlinCache::copyAARowRLE_WithBlockFlags (733 bytes)
Event: 52342.813 Thread 0x0000019f67b2c3e0 nmethod 2533 0x0000019f5a041c08 code [0x0000019f5a041dc0, 0x0000019f5a043490]

GC Heap History (4 events):
Event: 0.753 GC heap before
{Heap before GC invocations=0 (full 0):
 garbage-first heap   total reserved 3059712K, committed 192512K, used 12288K [0x0000000745400000, 0x0000000800000000)
  region size 2048K, 7 young (14336K), 0 survivors (0K)
 Metaspace       used 9248K, committed 9472K, reserved 1114112K
  class space    used 1048K, committed 1152K, reserved 1048576K
}
Event: 0.760 GC heap after
{Heap after GC invocations=1 (full 0):
 garbage-first heap   total reserved 3059712K, committed 192512K, used 7104K [0x0000000745400000, 0x0000000800000000)
  region size 2048K, 1 young (2048K), 1 survivors (2048K)
 Metaspace       used 9248K, committed 9472K, reserved 1114112K
  class space    used 1048K, committed 1152K, reserved 1048576K
}
Event: 1.100 GC heap before
{Heap before GC invocations=1 (full 0):
 garbage-first heap   total reserved 3059712K, committed 192512K, used 21440K [0x0000000745400000, 0x0000000800000000)
  region size 2048K, 6 young (12288K), 1 survivors (2048K)
 Metaspace       used 13922K, committed 14208K, reserved 1114112K
  class space    used 1531K, committed 1664K, reserved 1048576K
}
Event: 1.103 GC heap after
{Heap after GC invocations=2 (full 0):
 garbage-first heap   total reserved 3059712K, committed 192512K, used 14586K [0x0000000745400000, 0x0000000800000000)
  region size 2048K, 1 young (2048K), 1 survivors (2048K)
 Metaspace       used 13922K, committed 14208K, reserved 1114112K
  class space    used 1531K, committed 1664K, reserved 1048576K
}

Dll operation events (11 events):
Event: 0.009 Loaded shared library C:\Program Files\Java\jdk-23\bin\java.dll
Event: 0.041 Loaded shared library C:\Program Files\Java\jdk-23\bin\jsvml.dll
Event: 0.080 Loaded shared library C:\Program Files\Java\jdk-23\bin\net.dll
Event: 0.081 Loaded shared library C:\Program Files\Java\jdk-23\bin\nio.dll
Event: 0.085 Loaded shared library C:\Program Files\Java\jdk-23\bin\zip.dll
Event: 0.194 Loaded shared library C:\Program Files\Java\jdk-23\bin\extnet.dll
Event: 0.208 Loaded shared library C:\Program Files\Java\jdk-23\bin\jimage.dll
Event: 0.231 Loaded shared library C:\Program Files\Java\jdk-23\bin\awt.dll
Event: 0.420 Loaded shared library C:\Program Files\Java\jdk-23\bin\freetype.dll
Event: 0.421 Loaded shared library C:\Program Files\Java\jdk-23\bin\fontmanager.dll
Event: 1.236 Loaded shared library C:\Program Files\Java\jdk-23\bin\sunmscapi.dll

Deoptimization events (20 events):
Event: 48.583 Thread 0x0000019f457dc870 Uncommon trap: trap_request=0xffffffc6 fr.pc=0x0000019f59fee0dc relative=0x000000000000031c
Event: 48.583 Thread 0x0000019f457dc870 Uncommon trap: reason=bimorphic_or_optimized_type_check action=maybe_recompile pc=0x0000019f59fee0dc method=java.util.HashMap.getNode(Ljava/lang/Object;)Ljava/util/HashMap$Node; @ 128 c2
Event: 48.583 Thread 0x0000019f457dc870 DEOPT PACKING pc=0x0000019f59fee0dc sp=0x00000012cfcfe190
Event: 48.583 Thread 0x0000019f457dc870 DEOPT UNPACKING pc=0x0000019f59a24402 sp=0x00000012cfcfe098 mode 2
Event: 48.583 Thread 0x0000019f457dc870 Uncommon trap: trap_request=0xffffffc6 fr.pc=0x0000019f59fee0dc relative=0x000000000000031c
Event: 48.583 Thread 0x0000019f457dc870 Uncommon trap: reason=bimorphic_or_optimized_type_check action=maybe_recompile pc=0x0000019f59fee0dc method=java.util.HashMap.getNode(Ljava/lang/Object;)Ljava/util/HashMap$Node; @ 128 c2
Event: 48.583 Thread 0x0000019f457dc870 DEOPT PACKING pc=0x0000019f59fee0dc sp=0x00000012cfcfe180
Event: 48.583 Thread 0x0000019f457dc870 DEOPT UNPACKING pc=0x0000019f59a24402 sp=0x00000012cfcfe088 mode 2
Event: 48.735 Thread 0x0000019f457dc870 Uncommon trap: trap_request=0xffffffc6 fr.pc=0x0000019f59fee0dc relative=0x000000000000031c
Event: 48.735 Thread 0x0000019f457dc870 Uncommon trap: reason=bimorphic_or_optimized_type_check action=maybe_recompile pc=0x0000019f59fee0dc method=java.util.HashMap.getNode(Ljava/lang/Object;)Ljava/util/HashMap$Node; @ 128 c2
Event: 48.735 Thread 0x0000019f457dc870 DEOPT PACKING pc=0x0000019f59fee0dc sp=0x00000012cfcfe190
Event: 48.735 Thread 0x0000019f457dc870 DEOPT UNPACKING pc=0x0000019f59a24402 sp=0x00000012cfcfe098 mode 2
Event: 48.735 Thread 0x0000019f457dc870 Uncommon trap: trap_request=0xffffffc6 fr.pc=0x0000019f59fee0dc relative=0x000000000000031c
Event: 48.735 Thread 0x0000019f457dc870 Uncommon trap: reason=bimorphic_or_optimized_type_check action=maybe_recompile pc=0x0000019f59fee0dc method=java.util.HashMap.getNode(Ljava/lang/Object;)Ljava/util/HashMap$Node; @ 128 c2
Event: 48.735 Thread 0x0000019f457dc870 DEOPT PACKING pc=0x0000019f59fee0dc sp=0x00000012cfcfe180
Event: 48.735 Thread 0x0000019f457dc870 DEOPT UNPACKING pc=0x0000019f59a24402 sp=0x00000012cfcfe088 mode 2
Event: 48.735 Thread 0x0000019f457dc870 Uncommon trap: trap_request=0xffffffc6 fr.pc=0x0000019f59fed740 relative=0x0000000000000300
Event: 48.735 Thread 0x0000019f457dc870 Uncommon trap: reason=bimorphic_or_optimized_type_check action=maybe_recompile pc=0x0000019f59fed740 method=java.util.HashMap.getNode(Ljava/lang/Object;)Ljava/util/HashMap$Node; @ 128 c2
Event: 48.735 Thread 0x0000019f457dc870 DEOPT PACKING pc=0x0000019f59fed740 sp=0x00000012cfcfe120
Event: 48.735 Thread 0x0000019f457dc870 DEOPT UNPACKING pc=0x0000019f59a24402 sp=0x00000012cfcfe098 mode 2

Classes loaded (20 events):
Event: 23.088 Loading class java/awt/Toolkit$SelectiveAWTEventListener
Event: 23.088 Loading class java/awt/Toolkit$SelectiveAWTEventListener done
Event: 23.088 Loading class java/awt/Toolkit$ToolkitEventMulticaster
Event: 23.088 Loading class java/awt/Toolkit$ToolkitEventMulticaster done
Event: 23.089 Loading class java/awt/event/MouseWheelEvent
Event: 23.089 Loading class java/awt/event/MouseWheelEvent done
Event: 23.101 Loading class java/awt/event/ContainerEvent
Event: 23.101 Loading class java/awt/event/ContainerEvent done
Event: 23.416 Loading class java/awt/LightweightDispatcher$2
Event: 23.416 Loading class java/awt/LightweightDispatcher$2 done
Event: 48.580 Loading class javax/swing/JComponent$KeyboardState
Event: 48.580 Loading class javax/swing/JComponent$KeyboardState done
Event: 48.580 Loading class javax/swing/JComponent$IntVector
Event: 48.580 Loading class javax/swing/JComponent$IntVector done
Event: 48.581 Loading class sun/awt/DebugSettings
Event: 48.581 Loading class sun/awt/DebugSettings done
Event: 48.587 Loading class javax/swing/MenuSelectionManager
Event: 48.587 Loading class javax/swing/MenuSelectionManager done
Event: 48.588 Loading class com/sun/java/swing/plaf/windows/WindowsGraphicsUtils
Event: 48.588 Loading class com/sun/java/swing/plaf/windows/WindowsGraphicsUtils done

Classes unloaded (0 events):
No events

Classes redefined (0 events):
No events

Internal exceptions (20 events):
Event: 0.251 Thread 0x0000019f4834e530 Exception <a 'java/io/FileNotFoundException'{0x0000000750aab7c8}> (0x0000000750aab7c8) 
thrown [s\open\src\hotspot\share\prims\jni.cpp, line 520]
Event: 0.341 Thread 0x0000019f4834e530 Exception <a 'java/lang/NoSuchMethodError'{0x0000000750bd6980}: 'void java.lang.invoke.DirectMethodHandle$Holder.invokeSpecial(java.lang.Object, java.lang.Object, java.lang.Object)'> (0x0000000750bd6980) 
thrown [s\open\src\hotspot\share\interpreter\linkResolver.cpp, line 796]
Event: 0.353 Thread 0x0000019f4834e530 Exception <a 'java/lang/NoSuchMethodError'{0x0000000750826648}: 'java.lang.Object java.lang.invoke.DirectMethodHandle$Holder.invokeStatic(java.lang.Object, int, java.lang.Object)'> (0x0000000750826648) 
thrown [s\open\src\hotspot\share\interpreter\linkResolver.cpp, line 796]
Event: 0.374 Thread 0x0000019f4834e530 Exception <a 'java/lang/ClassNotFoundException'{0x00000007508c9098}: com/sun/swing/internal/plaf/metal/resources/spi/metalProvider> (0x00000007508c9098) 
thrown [s\open\src\hotspot\share\classfile\systemDictionary.cpp, line 313]
Event: 0.375 Thread 0x0000019f4834e530 Exception <a 'java/lang/ClassNotFoundException'{0x00000007508cd058}: com/sun/swing/internal/plaf/basic/resources/spi/basicProvider> (0x00000007508cd058) 
thrown [s\open\src\hotspot\share\classfile\systemDictionary.cpp, line 313]
Event: 0.384 Thread 0x0000019f4834e530 Exception <a 'java/lang/NoSuchMethodError'{0x00000007508ed228}: 'int java.lang.invoke.Invokers$Holder.invokeExact_MT(java.lang.Object, java.lang.Object)'> (0x00000007508ed228) 
thrown [s\open\src\hotspot\share\interpreter\linkResolver.cpp, line 796]
Event: 0.388 Thread 0x0000019f4834e530 Exception <a 'java/lang/NoSuchMethodError'{0x00000007508f8260}: 'void java.lang.invoke.DirectMethodHandle$Holder.invokeStaticInit(java.lang.Object)'> (0x00000007508f8260) 
thrown [s\open\src\hotspot\share\interpreter\linkResolver.cpp, line 796]
Event: 0.405 Thread 0x0000019f4834e530 Exception <a 'java/lang/ClassNotFoundException'{0x00000007509535d8}: com/sun/java/swing/plaf/windows/resources/spi/windowsProvider> (0x00000007509535d8) 
thrown [s\open\src\hotspot\share\classfile\systemDictionary.cpp, line 313]
Event: 0.410 Thread 0x0000019f4834e530 Exception <a 'java/lang/NoSuchMethodError'{0x000000075095d518}: 'java.lang.Object java.lang.invoke.DirectMethodHandle$Holder.invokeStatic(java.lang.Object, java.lang.Object, int, java.lang.Object)'> (0x000000075095d518) 
thrown [s\open\src\hotspot\share\interpreter\linkResolver.cpp, line 796]
Event: 0.411 Thread 0x0000019f4834e530 Exception <a 'java/lang/NoSuchMethodError'{0x00000007509637c8}: 'java.lang.Object java.lang.invoke.DirectMethodHandle$Holder.newInvokeSpecial(java.lang.Object, java.lang.Object, int)'> (0x00000007509637c8) 
thrown [s\open\src\hotspot\share\interpreter\linkResolver.cpp, line 796]
Event: 0.467 Thread 0x0000019f455c0060 Exception <a 'java/lang/NoSuchMethodError'{0x0000000750b7d228}: 'void java.lang.invoke.DirectMethodHandle$Holder.invokeVirtual(java.lang.Object, java.lang.Object)'> (0x0000000750b7d228) 
thrown [s\open\src\hotspot\share\interpreter\linkResolver.cpp, line 796]
Event: 0.581 Thread 0x0000019f458a5390 Exception <a 'java/lang/NoSuchMethodError'{0x0000000750438190}: 'java.lang.Object java.lang.invoke.DirectMethodHandle$Holder.newInvokeSpecial(java.lang.Object, java.lang.Object, java.lang.Object, int, int, int, int, int)'> (0x0000000750438190) 
thrown [s\open\src\hotspot\share\interpreter\linkResolver.cpp, line 796]
Event: 0.850 Thread 0x0000019f4834e530 Exception <a 'java/lang/NoSuchMethodError'{0x0000000750c3feb0}: 'java.lang.Object java.lang.invoke.DirectMethodHandle$Holder.invokeInterface(java.lang.Object, java.lang.Object)'> (0x0000000750c3feb0) 
thrown [s\open\src\hotspot\share\interpreter\linkResolver.cpp, line 796]
Event: 0.881 Thread 0x0000019f4834e530 Exception <a 'java/lang/NoSuchMethodError'{0x0000000750ce92c0}: 'java.lang.Object java.lang.invoke.DirectMethodHandle$Holder.invokeVirtual(java.lang.Object, java.lang.Object, java.lang.Object)'> (0x0000000750ce92c0) 
thrown [s\open\src\hotspot\share\interpreter\linkResolver.cpp, line 796]
Event: 1.158 Thread 0x0000019f4834e530 Exception <a 'sun/nio/fs/WindowsException'{0x0000000750a11c40}> (0x0000000750a11c40) 
thrown [s\open\src\hotspot\share\prims\jni.cpp, line 520]
Event: 1.193 Thread 0x0000019f4834e530 Exception <a 'java/lang/NoSuchMethodError'{0x0000000750ab85a8}: 'java.lang.Object java.lang.invoke.DirectMethodHandle$Holder.invokeStaticInit(java.lang.Object, int, int, int, int)'> (0x0000000750ab85a8) 
thrown [s\open\src\hotspot\share\interpreter\linkResolver.cpp, line 796]
Event: 1.217 Thread 0x0000019f4834e530 Exception <a 'java/lang/NoSuchMethodError'{0x0000000750b7b210}: 'java.lang.Object java.lang.invoke.DirectMethodHandle$Holder.invokeStaticInit(java.lang.Object, java.lang.Object, int, int, int, int)'> (0x0000000750b7b210) 
thrown [s\open\src\hotspot\share\interpreter\linkResolver.cpp, line 796]
Event: 1.646 Thread 0x0000019f4834e530 Exception <a 'java/lang/NoSuchMethodError'{0x00000007506d25d8}: 'int java.lang.invoke.DirectMethodHandle$Holder.invokeSpecial(java.lang.Object, java.lang.Object, java.lang.Object)'> (0x00000007506d25d8) 
thrown [s\open\src\hotspot\share\interpreter\linkResolver.cpp, line 796]
Event: 1.647 Thread 0x0000019f4834e530 Exception <a 'java/lang/NoSuchMethodError'{0x00000007506dc8c8}: 'void java.lang.invoke.DelegatingMethodHandle$Holder.reinvoke_L(java.lang.Object, java.lang.Object, int)'> (0x00000007506dc8c8) 
thrown [s\open\src\hotspot\share\interpreter\linkResolver.cpp, line 796]
Event: 1.648 Thread 0x0000019f4834e530 Exception <a 'java/lang/NoSuchMethodError'{0x00000007506e3278}: 'int java.lang.invoke.Invokers$Holder.invokeExact_MT(java.lang.Object, java.lang.Object, java.lang.Object)'> (0x00000007506e3278) 
thrown [s\open\src\hotspot\share\interpreter\linkResolver.cpp, line 796]

VM Operations (20 events):
Event: 60.223 Executing VM operation: HandshakeAllThreads (HandshakeForDeflation)
Event: 60.223 Executing VM operation: HandshakeAllThreads (HandshakeForDeflation) done
Event: 60.223 Executing VM operation: RendezvousGCThreads
Event: 60.223 Executing VM operation: RendezvousGCThreads done
Event: 10103.084 Executing VM operation: HandshakeAllThreads (HandshakeForDeflation)
Event: 10103.084 Executing VM operation: HandshakeAllThreads (HandshakeForDeflation) done
Event: 10103.085 Executing VM operation: RendezvousGCThreads
Event: 10103.085 Executing VM operation: RendezvousGCThreads done
Event: 13891.264 Executing VM operation: HandshakeAllThreads (HandshakeForDeflation)
Event: 13891.264 Executing VM operation: HandshakeAllThreads (HandshakeForDeflation) done
Event: 13891.264 Executing VM operation: RendezvousGCThreads
Event: 13891.264 Executing VM operation: RendezvousGCThreads done
Event: 17559.609 Executing VM operation: HandshakeAllThreads (HandshakeForDeflation)
Event: 17559.609 Executing VM operation: HandshakeAllThreads (HandshakeForDeflation) done
Event: 17559.609 Executing VM operation: RendezvousGCThreads
Event: 17559.609 Executing VM operation: RendezvousGCThreads done
Event: 21408.156 Executing VM operation: HandshakeAllThreads (HandshakeForDeflation)
Event: 21408.156 Executing VM operation: HandshakeAllThreads (HandshakeForDeflation) done
Event: 21408.156 Executing VM operation: RendezvousGCThreads
Event: 21408.156 Executing VM operation: RendezvousGCThreads done

Memory protections (0 events):
No events

Nmethod flushes (0 events):
No events

Events (20 events):
Event: 0.025 Thread 0x0000019f4834e530 Thread added: 0x0000019f4834e530
Event: 0.038 Thread 0x0000019f4834e530 Thread added: 0x0000019f67b24150
Event: 0.038 Thread 0x0000019f4834e530 Thread added: 0x0000019f67b265a0
Event: 0.039 Thread 0x0000019f4834e530 Thread added: 0x0000019f67b27f80
Event: 0.039 Thread 0x0000019f4834e530 Thread added: 0x0000019f67b2a600
Event: 0.039 Thread 0x0000019f4834e530 Thread added: 0x0000019f67b2afc0
Event: 0.039 Thread 0x0000019f4834e530 Thread added: 0x0000019f67b2ba40
Event: 0.039 Thread 0x0000019f4834e530 Thread added: 0x0000019f67b2c3e0
Event: 0.039 Thread 0x0000019f4834e530 Thread added: 0x0000019f67b3c3d0
Event: 0.075 Thread 0x0000019f4834e530 Thread added: 0x0000019f450c6f00
Event: 0.077 Thread 0x0000019f4834e530 Thread added: 0x0000019f450d0600
Event: 0.299 Thread 0x0000019f4834e530 Thread added: 0x0000019f455b5a00
Event: 0.300 Thread 0x0000019f4834e530 Thread added: 0x0000019f455bab40
Event: 0.301 Thread 0x0000019f4834e530 Thread added: 0x0000019f455c0060
Event: 0.460 Thread 0x0000019f4834e530 Thread added: 0x0000019f457dc870
Event: 0.530 Thread 0x0000019f4834e530 Thread added: 0x0000019f458a5390
Event: 0.631 Thread 0x0000019f67b3c3d0 Thread added: 0x0000019f45c48bd0
Event: 0.806 Thread 0x0000019f4834e530 Thread added: 0x0000019f45c61a00
Event: 1.593 Thread 0x0000019f45c48bd0 Thread exited: 0x0000019f45c48bd0
Event: 5.688 Thread 0x0000019f458a5390 Thread exited: 0x0000019f458a5390


Dynamic libraries:
0x00007ff6662b0000 - 0x00007ff6662c0000 	C:\Program Files\Java\jdk-23\bin\java.exe
0x00007ff980c30000 - 0x00007ff980e28000 	C:\WINDOWS\SYSTEM32\ntdll.dll
0x00007ff980240000 - 0x00007ff980302000 	C:\WINDOWS\System32\KERNEL32.DLL
0x00007ff97e7f0000 - 0x00007ff97eae6000 	C:\WINDOWS\System32\KERNELBASE.dll
0x00007ff97e340000 - 0x00007ff97e440000 	C:\WINDOWS\System32\ucrtbase.dll
0x00007ff973770000 - 0x00007ff97378b000 	C:\Program Files\Java\jdk-23\bin\VCRUNTIME140.dll
0x00007ff97a690000 - 0x00007ff97a6a7000 	C:\Program Files\Java\jdk-23\bin\jli.dll
0x00007ff97fe50000 - 0x00007ff97ffed000 	C:\WINDOWS\System32\USER32.dll
0x00007ff96e670000 - 0x00007ff96e90a000 	C:\WINDOWS\WinSxS\amd64_microsoft.windows.common-controls_6595b64144ccf1df_6.0.19041.5915_none_60b4b9d171f9c7c7\COMCTL32.dll
0x00007ff97eba0000 - 0x00007ff97ebc2000 	C:\WINDOWS\System32\win32u.dll
0x00007ff97fe20000 - 0x00007ff97fe4b000 	C:\WINDOWS\System32\GDI32.dll
0x00007ff97fcb0000 - 0x00007ff97fd4e000 	C:\WINDOWS\System32\msvcrt.dll
0x00007ff97e570000 - 0x00007ff97e689000 	C:\WINDOWS\System32\gdi32full.dll
0x00007ff97e440000 - 0x00007ff97e4dd000 	C:\WINDOWS\System32\msvcp_win.dll
0x00007ff980bc0000 - 0x00007ff980bef000 	C:\WINDOWS\System32\IMM32.DLL
0x00007ff974510000 - 0x00007ff97451c000 	C:\Program Files\Java\jdk-23\bin\vcruntime140_1.dll
0x00007ff94a1b0000 - 0x00007ff94a23e000 	C:\Program Files\Java\jdk-23\bin\msvcp140.dll
0x00007ff932410000 - 0x00007ff93315f000 	C:\Program Files\Java\jdk-23\bin\server\jvm.dll
0x00007ff97fd60000 - 0x00007ff97fe11000 	C:\WINDOWS\System32\ADVAPI32.dll
0x00007ff9800c0000 - 0x00007ff98015f000 	C:\WINDOWS\System32\sechost.dll
0x00007ff97fac0000 - 0x00007ff97fbe3000 	C:\WINDOWS\System32\RPCRT4.dll
0x00007ff97e2c0000 - 0x00007ff97e2e7000 	C:\WINDOWS\System32\bcrypt.dll
0x00007ff97fff0000 - 0x00007ff98005b000 	C:\WINDOWS\System32\WS2_32.dll
0x00007ff97d9a0000 - 0x00007ff97d9eb000 	C:\WINDOWS\SYSTEM32\POWRPROF.dll
0x00007ff96ff10000 - 0x00007ff96ff37000 	C:\WINDOWS\SYSTEM32\WINMM.dll
0x00007ff976950000 - 0x00007ff97695a000 	C:\WINDOWS\SYSTEM32\VERSION.dll
0x00007ff97d8f0000 - 0x00007ff97d902000 	C:\WINDOWS\SYSTEM32\UMPDC.dll
0x00007ff97bf40000 - 0x00007ff97bf52000 	C:\WINDOWS\SYSTEM32\kernel.appcore.dll
0x00007ff9737c0000 - 0x00007ff9737ca000 	C:\Program Files\Java\jdk-23\bin\jimage.dll
0x00007ff96e910000 - 0x00007ff96eb11000 	C:\WINDOWS\SYSTEM32\DBGHELP.DLL
0x00007ff96d710000 - 0x00007ff96d744000 	C:\WINDOWS\SYSTEM32\dbgcore.DLL
0x00007ff97e4e0000 - 0x00007ff97e562000 	C:\WINDOWS\System32\bcryptPrimitives.dll
0x00007ff94e9d0000 - 0x00007ff94e9ee000 	C:\Program Files\Java\jdk-23\bin\java.dll
0x00007ff980970000 - 0x00007ff980a9b000 	C:\WINDOWS\System32\ole32.dll
0x00007ff97f440000 - 0x00007ff97f793000 	C:\WINDOWS\System32\combase.dll
0x00007ff97ec50000 - 0x00007ff97f3be000 	C:\WINDOWS\System32\SHELL32.dll
0x00007ff97c140000 - 0x00007ff97c8e4000 	C:\WINDOWS\SYSTEM32\windows.storage.dll
0x00007ff97dc10000 - 0x00007ff97dc3b000 	C:\WINDOWS\SYSTEM32\Wldp.dll
0x00007ff980370000 - 0x00007ff98043d000 	C:\WINDOWS\System32\OLEAUT32.dll
0x00007ff97fbf0000 - 0x00007ff97fc9d000 	C:\WINDOWS\System32\SHCORE.dll
0x00007ff97f7a0000 - 0x00007ff97f7fb000 	C:\WINDOWS\System32\shlwapi.dll
0x00007ff97e1f0000 - 0x00007ff97e214000 	C:\WINDOWS\SYSTEM32\profapi.dll
0x00007ff94e0e0000 - 0x00007ff94e1b7000 	C:\Program Files\Java\jdk-23\bin\jsvml.dll
0x00007ff96f950000 - 0x00007ff96f960000 	C:\Program Files\Java\jdk-23\bin\net.dll
0x00007ff97d9f0000 - 0x00007ff97da5a000 	C:\WINDOWS\system32\mswsock.dll
0x00007ff94a300000 - 0x00007ff94a316000 	C:\Program Files\Java\jdk-23\bin\nio.dll
0x00007ff94a240000 - 0x00007ff94a257000 	C:\Program Files\Java\jdk-23\bin\zip.dll
0x00007ff95f370000 - 0x00007ff95f379000 	C:\Program Files\Java\jdk-23\bin\extnet.dll
0x00007ff944030000 - 0x00007ff9441be000 	C:\Program Files\Java\jdk-23\bin\awt.dll
0x00007ff97b2c0000 - 0x00007ff97b354000 	C:\WINDOWS\SYSTEM32\apphelp.dll
0x00007ff97bd60000 - 0x00007ff97bd8f000 	C:\WINDOWS\system32\DWMAPI.DLL
0x00007ff97ba50000 - 0x00007ff97baee000 	C:\WINDOWS\system32\uxtheme.dll
0x00007ff943a90000 - 0x00007ff943bb8000 	C:\WINDOWS\system32\opengl32.dll
0x00007ff94a180000 - 0x00007ff94a1ac000 	C:\WINDOWS\SYSTEM32\GLU32.dll
0x00007ff980aa0000 - 0x00007ff980bb5000 	C:\WINDOWS\System32\MSCTF.dll
0x00007ff978b90000 - 0x00007ff978bcb000 	C:\WINDOWS\SYSTEM32\dxcore.dll
0x00007ff97e2f0000 - 0x00007ff97e33e000 	C:\WINDOWS\System32\cfgmgr32.dll
0x00007ff949440000 - 0x00007ff9494c7000 	C:\Program Files\Java\jdk-23\bin\freetype.dll
0x00007ff9439b0000 - 0x00007ff943a87000 	C:\Program Files\Java\jdk-23\bin\fontmanager.dll
0x00007ff9718a0000 - 0x00007ff971999000 	C:\WINDOWS\SYSTEM32\textinputframework.dll
0x00007ff97afd0000 - 0x00007ff97b0c2000 	C:\WINDOWS\System32\CoreMessaging.dll
0x00007ff97ac70000 - 0x00007ff97afcb000 	C:\WINDOWS\System32\CoreUIComponents.dll
0x00007ff97d4b0000 - 0x00007ff97d4e3000 	C:\WINDOWS\SYSTEM32\ntmarta.dll
0x00007ff97a440000 - 0x00007ff97a597000 	C:\WINDOWS\SYSTEM32\wintypes.dll
0x00007ff9808c0000 - 0x00007ff980969000 	C:\WINDOWS\System32\clbcatq.dll
0x00007ff97dc50000 - 0x00007ff97dc68000 	C:\WINDOWS\SYSTEM32\CRYPTSP.dll
0x00007ff97d260000 - 0x00007ff97d298000 	C:\WINDOWS\system32\rsaenh.dll
0x00007ff97e1b0000 - 0x00007ff97e1de000 	C:\WINDOWS\SYSTEM32\USERENV.dll
0x00007ff97db80000 - 0x00007ff97db8c000 	C:\WINDOWS\SYSTEM32\CRYPTBASE.dll
0x00007ff97d680000 - 0x00007ff97d6bb000 	C:\WINDOWS\SYSTEM32\IPHLPAPI.DLL
0x00007ff9808b0000 - 0x00007ff9808b8000 	C:\WINDOWS\System32\NSI.dll
0x00007ff97a6e0000 - 0x00007ff97a6ee000 	C:\Program Files\Java\jdk-23\bin\sunmscapi.dll
0x00007ff97e690000 - 0x00007ff97e7ed000 	C:\WINDOWS\System32\CRYPT32.dll
0x00007ff97dd60000 - 0x00007ff97dd87000 	C:\WINDOWS\SYSTEM32\ncrypt.dll
0x00007ff97dd20000 - 0x00007ff97dd5b000 	C:\WINDOWS\SYSTEM32\NTASN1.dll

dbghelp: loaded successfully - version: 4.0.5 - missing functions: none
symbol engine: initialized successfully - sym options: 0x614 - pdb path: .;C:\Program Files\Java\jdk-23\bin;C:\WINDOWS\SYSTEM32;C:\WINDOWS\WinSxS\amd64_microsoft.windows.common-controls_6595b64144ccf1df_6.0.19041.5915_none_60b4b9d171f9c7c7;C:\Program Files\Java\jdk-23\bin\server

VM Arguments:
jvm_args: -Dfile.encoding=UTF-8 
java_command: Inicio.SingleInstanceApp
java_class_path (initial): C:\Users\IT\Documents\NetBeansProjects\AngelsSistema\lib\Util.jar;C:\Users\IT\Documents\NetBeansProjects\AngelsSistema\lib\absolutelayout\AbsoluteLayout.jar;C:\Users\IT\Documents\NetBeansProjects\AngelsSistema\lib\mysql-connector-java-8.0.17.jar;C:\Users\IT\Documents\NetBeansProjects\AngelsSistema\lib\commons-beanutils-1.8.0.jar;C:\Users\IT\Documents\NetBeansProjects\AngelsSistema\lib\commons-digester-2.1.jar;C:\Users\IT\Documents\NetBeansProjects\AngelsSistema\lib\commons-javaflow-20060411.jar;C:\Users\IT\Documents\NetBeansProjects\AngelsSistema\lib\commons-logging-1.1.1.jar;C:\Users\IT\Documents\NetBeansProjects\AngelsSistema\lib\groovy-all-2.0.1.jar;C:\Users\IT\Documents\NetBeansProjects\AngelsSistema\lib\iText-2.1.7.js2.jar;C:\Users\IT\Documents\NetBeansProjects\AngelsSistema\lib\log4j-1.2.15.jar;C:\Users\IT\Documents\NetBeansProjects\AngelsSistema\lib\png-encoder-1.5.jar;C:\Users\IT\Documents\NetBeansProjects\AngelsSistema\lib\xalan-2.7.1.jar;C:\Users\IT\Documents\NetBeansProjects\AngelsSistema\lib\commons-collections4-4.1.jar;C:\Users\IT\Documents\NetBeansProjects\AngelsSistema\lib\jasperreports-6.17.0.jar;C:\Users\IT\Documents\NetBeansProjects\AngelsSistema\lib\jcalendar-1.3.3.jar;C:\Users\IT\Documents\NetBeansProjects\AngelsSistema\lib\annotations-13.0.jar;C:\Users\IT\Documents\NetBeansProjects\AngelsSistema\lib\gson-2.8.6.jar;C:\Users\IT\Documents\NetBeansProjects\AngelsSistema\lib\jakarta.ws.rs-api-3.1.0.jar;C:\Users\IT\Documents\NetBeansProjects\AngelsSistema\lib\javax.activation-api-1.2.0.jar;C:\Users\IT\Documents\NetBeansProjects\AngelsSistema\lib\jaxb-api-2.3.0.jar;C:\Users\IT\Documents\NetBeansProjects\AngelsSistema\lib\jersey-client-2.0.1.jar;C:\Users\IT\Documents\NetBeansProjects\AngelsSistema\lib\jersey-common-2.0.1.jar;C:\Users\IT\Documents\NetBeansProjects\AngelsSistema\lib\json-20180130.jar;C:\Users\IT\Documents\NetBeansProjects\AngelsSistema\lib\kotlin-stdlib-1.4.10.jar;C:\Users\IT\Documents\NetBeansProjects\AngelsSistema\lib\kotlin-stdlib-common-1.4.0.jar;C:\Users\IT\Documents\NetBeansProjects\AngelsSistema\lib\okhttp-4.9.0.jar;C:\Users\IT\Documents\NetBeansProjects\AngelsSistema\lib\okio-2.8.0.jar;C:\Users\IT\Documents\NetBeansProjects\AngelsSistema\lib\resteasy-client-6.2.7.Final.jar;C:\Users\IT\Documents\NetBeansProjects\AngelsSistema\lib\javax.ws.rs-api-2.0.jar;C:\Users\IT\Documents\NetBeansProjects\AngelsSistema\lib\asm-all-repackaged-2.1.88.jar;C:\Users\IT\Documents\NetBeansProjects\AngelsSistema\lib\cglib-2.1.88.jar;C:\Users\IT\Documents\NetBeansProjects\AngelsSistema\lib\guava-14.0.1.jar;C:\Users\IT\Documents\NetBeansProjects\AngelsSistema\lib\hk2-api-2.1.88.jar;C:\Users\IT\Documents\NetBeansProjects\AngelsSistema\lib\hk2-locator-2.1.88.jar;C:\Users\IT\Documents\NetBeansProjects\AngelsSistema\lib\hk2-utils-2.1.88.jar;C:\Users\IT\Documents\NetBeansProjects\AngelsSistema\lib\javax.annotation-api-1.2.jar;C:\Users\IT\Documents\NetBeansProjects\AngelsSistema\lib\javax.inject-2.1.88.jar;C:\Users\IT\Documents\NetBeansProjects\AngelsSistema\lib\osgi-resource-locator-1.0.1.jar;C:\Users\IT\Documents\NetBeansProjects\AngelsSistema\lib\serializer-2.7.2.jar;C:\Users\IT\Documents\NetBeansProjects\AngelsSistema\build\classes
Launcher Type: SUN_STANDARD

[Global flags]
     intx CICompilerCount                          = 3                                         {product} {ergonomic}
     uint ConcGCThreads                            = 1                                         {product} {ergonomic}
     uint G1ConcRefinementThreads                  = 4                                         {product} {ergonomic}
   size_t G1HeapRegionSize                         = 2097152                                   {product} {ergonomic}
   size_t InitialHeapSize                          = 197132288                                 {product} {ergonomic}
   size_t MarkStackSize                            = 4194304                                   {product} {ergonomic}
   size_t MarkStackSizeMax                         = 536870912                                 {product} {ergonomic}
   size_t MaxHeapSize                              = 3133145088                                {product} {ergonomic}
   size_t MaxNewSize                               = 1879048192                                {product} {ergonomic}
   size_t MinHeapDeltaBytes                        = 2097152                                   {product} {ergonomic}
   size_t MinHeapSize                              = 8388608                                   {product} {ergonomic}
    uintx NonNMethodCodeHeapSize                   = 5832704                                {pd product} {ergonomic}
    uintx NonProfiledCodeHeapSize                  = 122945536                              {pd product} {ergonomic}
    uintx ProfiledCodeHeapSize                     = 122880000                              {pd product} {ergonomic}
    uintx ReservedCodeCacheSize                    = 251658240                              {pd product} {ergonomic}
     bool SegmentedCodeCache                       = true                                      {product} {ergonomic}
   size_t SoftMaxHeapSize                          = 3133145088                             {manageable} {ergonomic}
     bool UseCompressedOops                        = true                           {product lp64_product} {ergonomic}
     bool UseG1GC                                  = true                                      {product} {ergonomic}
     bool UseLargePagesIndividualAllocation        = false                                  {pd product} {ergonomic}

Logging:
Log output configuration:
 #0: stdout all=warning uptime,level,tags foldmultilines=false
 #1: stderr all=off uptime,level,tags foldmultilines=false

Environment Variables:
PATH=C:\Python313\Scripts\;C:\Python313\;C:\app\it\product\21c\dbhomeXE\bin;C:\Program Files\Common Files\Oracle\Java\javapath;C:\ProgramData\Oracle\Java\javapath;C:\WINDOWS\system32;C:\WINDOWS;C:\WINDOWS\System32\Wbem;C:\WINDOWS\System32\WindowsPowerShell\v1.0\;C:\WINDOWS\System32\OpenSSH\;C:\Program Files (x86)\ZeroTier\One\;C:\Program Files\WireGuard\;C:\Program Files\nodejs\;C:\ProgramData\chocolatey\bin;C:\REST\bin;C:\Program Files\Java\jdk-23\lib;C:\Program Files\dotnet\;C:\Program Files\Git\cmd;C:\Users\IT\AppData\Local\Microsoft\WindowsApps;C:\Users\IT\AppData\Roaming\npm;C:\Users\IT\AppData\Local\Programs\Microsoft VS Code\bin;C:\REST\bin;C:\Program Files\JetBrains\IntelliJ IDEA 2024.3.2.2\bin;;C:\Program Files\Java\jdk-23\lib;C:\Users\IT\.dotnet\tools;C:\Program Files\JetBrains\IntelliJ IDEA Community Edition 2025.1.1.1\bin;
USERNAME=it
OS=Windows_NT
PROCESSOR_IDENTIFIER=Intel64 Family 6 Model 60 Stepping 3, GenuineIntel
TMP=C:\Users\IT\AppData\Local\Temp
TEMP=C:\Users\IT\AppData\Local\Temp




Periodic native trim disabled

---------------  S Y S T E M  ---------------

OS:
 Windows 10 , 64 bit Build 19041 (10.0.19041.5915)
OS uptime: 0 days 22:41 hours
Hyper-V role detected

CPU: total 4 (initial active 4) (4 cores per cpu, 1 threads per core) family 6 model 60 stepping 3 microcode 0x27, cx8, cmov, fxsr, mmx, sse, sse2, sse3, ssse3, sse4.1, sse4.2, popcnt, lzcnt, tsc, tscinvbit, avx, avx2, aes, erms, clmul, bmi1, bmi2, fma, vzeroupper, clflush, hv, rdtscp, f16c
Processor Information for the first 4 processors :
  Max Mhz: 3001, Current Mhz: 3001, Mhz Limit: 3001

Memory: 4k page, system-wide physical 11947M (4172M free)
TotalPageFile size 16555M (AvailPageFile size 6158M)
current process WorkingSet (physical memory assigned to process): 116M, peak: 120M
current process commit charge ("private bytes"): 301M, peak: 311M

vm_info: Java HotSpot(TM) 64-Bit Server VM (23.0.1+11-39) for windows-amd64 JRE (23.0.1+11-39), built on 2024-09-30T07:20:43Z with MS VC++ 17.6 (VS2022)

END.
